TN:
SF:script/DeployAccessManagerFacet.s.sol
FN:10,DeployScript.run
FNDA:0,DeployScript.run
DA:11,0
DA:13,0
BRDA:13,0,0,-
BRDA:13,0,1,-
DA:14,0
DA:17,0
DA:19,0
FNF:1
FNH:0
LF:5
LH:0
BRF:2
BRH:0
end_of_record
TN:
SF:script/DeployAcrossFacet.s.sol
FN:13,DeployScript.run
FNDA:0,DeployScript.run
DA:14,0
DA:15,0
DA:16,0
DA:17,0
DA:19,0
DA:21,0
DA:23,0
BRDA:23,0,0,-
BRDA:23,0,1,-
DA:24,0
DA:27,0
DA:31,0
FNF:1
FNH:0
LF:10
LH:0
BRF:2
BRH:0
end_of_record
TN:
SF:script/DeployArbitrumBridgeFacet.s.sol
FN:13,DeployScript.run
FNDA:0,DeployScript.run
DA:14,0
DA:15,0
DA:16,0
DA:17,0
DA:19,0
DA:21,0
DA:23,0
BRDA:23,0,0,-
BRDA:23,0,1,-
DA:24,0
DA:27,0
DA:36,0
FNF:1
FNH:0
LF:10
LH:0
BRF:2
BRH:0
end_of_record
TN:
SF:script/DeployAxelarExecutor.s.sol
FN:13,DeployScript.run
FNDA:0,DeployScript.run
DA:14,0
DA:15,0
DA:16,0
DA:18,0
DA:20,0
DA:22,0
BRDA:22,0,0,-
BRDA:22,0,1,-
DA:23,0
DA:26,0
DA:30,0
FNF:1
FNH:0
LF:9
LH:0
BRF:2
BRH:0
end_of_record
TN:
SF:script/DeployAxelarFacet.s.sol
FN:13,DeployScript.run
FNDA:0,DeployScript.run
DA:14,0
DA:15,0
DA:16,0
DA:17,0
DA:19,0
DA:21,0
DA:23,0
BRDA:23,0,0,-
BRDA:23,0,1,-
DA:24,0
DA:27,0
DA:31,0
FNF:1
FNH:0
LF:10
LH:0
BRF:2
BRH:0
end_of_record
TN:
SF:script/DeployCBridgeFacet.s.sol
FN:13,DeployScript.run
FNDA:0,DeployScript.run
DA:14,0
DA:15,0
DA:16,0
DA:18,0
DA:20,0
DA:22,0
BRDA:22,0,0,-
BRDA:22,0,1,-
DA:23,0
DA:26,0
DA:30,0
FNF:1
FNH:0
LF:9
LH:0
BRF:2
BRH:0
end_of_record
TN:
SF:script/DeployDexManagerFacet.s.sol
FN:10,DeployScript.run
FNDA:0,DeployScript.run
DA:11,0
DA:13,0
BRDA:13,0,0,-
BRDA:13,0,1,-
DA:14,0
DA:17,0
DA:19,0
FNF:1
FNH:0
LF:5
LH:0
BRF:2
BRH:0
end_of_record
TN:
SF:script/DeployDiamondCutFacet.s.sol
FN:10,DeployScript.run
FNDA:0,DeployScript.run
DA:11,0
DA:13,0
BRDA:13,0,0,-
BRDA:13,0,1,-
DA:14,0
DA:17,0
DA:19,0
FNF:1
FNH:0
LF:5
LH:0
BRF:2
BRH:0
end_of_record
TN:
SF:script/DeployDiamondLoupeFacet.s.sol
FN:10,DeployScript.run
FNDA:0,DeployScript.run
DA:11,0
DA:13,0
DA:14,0
BRDA:14,0,0,-
BRDA:14,0,1,-
DA:15,0
DA:18,0
DA:20,0
FNF:1
FNH:0
LF:6
LH:0
BRF:2
BRH:0
end_of_record
TN:
SF:script/DeployERC20Proxy.s.sol
FN:10,DeployScript.run
FNDA:0,DeployScript.run
DA:11,0
DA:13,0
DA:15,0
BRDA:15,0,0,-
BRDA:15,0,1,-
DA:16,0
DA:19,0
DA:21,0
FNF:1
FNH:0
LF:6
LH:0
BRF:2
BRH:0
end_of_record
TN:
SF:script/DeployExecutor.s.sol
FN:13,DeployScript.run
FNDA:0,DeployScript.run
DA:14,0
DA:15,0
DA:16,0
DA:18,0
DA:20,0
DA:22,0
BRDA:22,0,0,-
BRDA:22,0,1,-
DA:23,0
DA:26,0
DA:30,0
FNF:1
FNH:0
LF:9
LH:0
BRF:2
BRH:0
end_of_record
TN:
SF:script/DeployFeeCollector.s.sol
FN:10,DeployScript.run
FNDA:0,DeployScript.run
DA:11,0
DA:13,0
DA:15,0
BRDA:15,0,0,-
BRDA:15,0,1,-
DA:16,0
DA:19,0
DA:21,0
FNF:1
FNH:0
LF:6
LH:0
BRF:2
BRH:0
end_of_record
TN:
SF:script/DeployGenericSwapFacet.s.sol
FN:10,DeployScript.run
FNDA:0,DeployScript.run
DA:11,0
DA:13,0
BRDA:13,0,0,-
BRDA:13,0,1,-
DA:14,0
DA:17,0
DA:19,0
FNF:1
FNH:0
LF:5
LH:0
BRF:2
BRH:0
end_of_record
TN:
SF:script/DeployGnosisBridgeFacet.s.sol
FN:13,DeployScript.run
FNDA:0,DeployScript.run
DA:14,0
DA:15,0
DA:16,0
DA:18,0
DA:20,0
DA:22,0
BRDA:22,0,0,-
BRDA:22,0,1,-
DA:23,0
DA:26,0
DA:30,0
FNF:1
FNH:0
LF:9
LH:0
BRF:2
BRH:0
end_of_record
TN:
SF:script/DeployHopFacet.s.sol
FN:10,DeployScript.run
FNDA:0,DeployScript.run
DA:11,0
DA:13,0
BRDA:13,0,0,-
BRDA:13,0,1,-
DA:14,0
DA:17,0
DA:19,0
FNF:1
FNH:0
LF:5
LH:0
BRF:2
BRH:0
end_of_record
TN:
SF:script/DeployHyphenFacet.s.sol
FN:13,DeployScript.run
FNDA:0,DeployScript.run
DA:14,0
DA:15,0
DA:16,0
DA:18,0
DA:20,0
DA:22,0
BRDA:22,0,0,-
BRDA:22,0,1,-
DA:23,0
DA:26,0
DA:30,0
FNF:1
FNH:0
LF:9
LH:0
BRF:2
BRH:0
end_of_record
TN:
SF:script/DeployLiFiDiamond.s.sol
FN:13,DeployScript.run
FNDA:0,DeployScript.run
DA:14,0
DA:15,0
DA:16,0
DA:18,0
DA:20,0
DA:22,0
BRDA:22,0,0,-
BRDA:22,0,1,-
DA:23,0
DA:26,0
DA:30,0
FNF:1
FNH:0
LF:9
LH:0
BRF:2
BRH:0
end_of_record
TN:
SF:script/DeployMultichainFacet.s.sol
FN:10,DeployScript.run
FNDA:0,DeployScript.run
DA:11,0
DA:13,0
BRDA:13,0,0,-
BRDA:13,0,1,-
DA:14,0
DA:17,0
DA:19,0
FNF:1
FNH:0
LF:5
LH:0
BRF:2
BRH:0
end_of_record
TN:
SF:script/DeployNXTPFacet.s.sol
FN:13,DeployScript.run
FNDA:0,DeployScript.run
DA:14,0
DA:15,0
DA:16,0
DA:18,0
DA:20,0
DA:22,0
BRDA:22,0,0,-
BRDA:22,0,1,-
DA:23,0
DA:26,0
DA:28,0
FNF:1
FNH:0
LF:9
LH:0
BRF:2
BRH:0
end_of_record
TN:
SF:script/DeployOmniBridgeFacet.s.sol
FN:13,DeployScript.run
FNDA:0,DeployScript.run
DA:14,0
DA:15,0
DA:16,0
DA:17,0
DA:19,0
DA:21,0
DA:23,0
BRDA:23,0,0,-
BRDA:23,0,1,-
DA:24,0
DA:27,0
DA:31,0
FNF:1
FNH:0
LF:10
LH:0
BRF:2
BRH:0
end_of_record
TN:
SF:script/DeployOptimismBridgeFacet.s.sol
FN:10,DeployScript.run
FNDA:0,DeployScript.run
DA:11,0
DA:13,0
BRDA:13,0,0,-
BRDA:13,0,1,-
DA:14,0
DA:17,0
DA:19,0
FNF:1
FNH:0
LF:5
LH:0
BRF:2
BRH:0
end_of_record
TN:
SF:script/DeployOwnershipFacet.s.sol
FN:10,DeployScript.run
FNDA:0,DeployScript.run
DA:11,0
DA:13,0
BRDA:13,0,0,-
BRDA:13,0,1,-
DA:14,0
DA:17,0
DA:19,0
FNF:1
FNH:0
LF:5
LH:0
BRF:2
BRH:0
end_of_record
TN:
SF:script/DeployPeripheryRegistryFacet.s.sol
FN:10,DeployScript.run
FNDA:0,DeployScript.run
DA:11,0
DA:13,0
BRDA:13,0,0,-
BRDA:13,0,1,-
DA:14,0
DA:17,0
DA:19,0
FNF:1
FNH:0
LF:5
LH:0
BRF:2
BRH:0
end_of_record
TN:
SF:script/DeployPolygonBridgeFacet.s.sol
FN:13,DeployScript.run
FNDA:0,DeployScript.run
DA:14,0
DA:15,0
DA:16,0
DA:17,0
DA:19,0
DA:21,0
DA:23,0
BRDA:23,0,0,-
BRDA:23,0,1,-
DA:24,0
DA:27,0
DA:31,0
FNF:1
FNH:0
LF:10
LH:0
BRF:2
BRH:0
end_of_record
TN:
SF:script/DeployReceiver.s.sol
FN:13,DeployScript.run
FNDA:0,DeployScript.run
DA:14,0
DA:15,0
DA:16,0
DA:18,0
DA:19,0
DA:20,0
DA:22,0
DA:24,0
DA:26,0
BRDA:26,0,0,-
BRDA:26,0,1,-
DA:27,0
DA:30,0
DA:32,0
FNF:1
FNH:0
LF:12
LH:0
BRF:2
BRH:0
end_of_record
TN:
SF:script/DeployStargateFacet.s.sol
FN:13,DeployScript.run
FNDA:0,DeployScript.run
DA:14,0
DA:15,0
DA:16,0
DA:18,0
DA:20,0
DA:22,0
BRDA:22,0,0,-
BRDA:22,0,1,-
DA:23,0
DA:26,0
DA:30,0
FNF:1
FNH:0
LF:9
LH:0
BRF:2
BRH:0
end_of_record
TN:
SF:script/DeployWithdrawFacet.s.sol
FN:10,DeployScript.run
FNDA:0,DeployScript.run
DA:11,0
DA:13,0
BRDA:13,0,0,-
BRDA:13,0,1,-
DA:14,0
DA:17,0
DA:19,0
FNF:1
FNH:0
LF:5
LH:0
BRF:2
BRH:0
end_of_record
TN:
SF:script/DeployWormholeFacet.s.sol
FN:13,DeployScript.run
FNDA:0,DeployScript.run
DA:14,0
DA:15,0
DA:16,0
DA:18,0
DA:20,0
BRDA:20,0,0,-
BRDA:20,0,1,-
DA:21,0
DA:24,0
DA:28,0
FNF:1
FNH:0
LF:8
LH:0
BRF:2
BRH:0
end_of_record
TN:
SF:script/UpdateAcrossFacet.s.sol
FN:13,DeployScript.run
FNDA:0,DeployScript.run
DA:14,0
DA:15,0
DA:16,0
DA:17,0
DA:19,0
DA:22,0
BRDA:22,0,0,-
BRDA:22,0,1,-
DA:23,0
DA:24,0
DA:31,0
DA:34,0
DA:36,0
FNF:1
FNH:0
LF:11
LH:0
BRF:2
BRH:0
end_of_record
TN:
SF:script/UpdateArbitrumBridgeFacet.s.sol
FN:13,DeployScript.run
FNDA:0,DeployScript.run
DA:14,0
DA:15,0
DA:16,0
DA:17,0
DA:19,0
DA:22,0
BRDA:22,0,0,-
BRDA:22,0,1,-
DA:23,0
DA:24,0
DA:31,0
DA:34,0
DA:36,0
FNF:1
FNH:0
LF:11
LH:0
BRF:2
BRH:0
end_of_record
TN:
SF:script/UpdateAxelarFacet.s.sol
FN:13,DeployScript.run
FNDA:0,DeployScript.run
DA:14,0
DA:15,0
DA:16,0
DA:17,0
DA:19,0
DA:22,0
BRDA:22,0,0,-
BRDA:22,0,1,-
DA:23,0
DA:24,0
DA:31,0
DA:34,0
DA:36,0
FNF:1
FNH:0
LF:11
LH:0
BRF:2
BRH:0
end_of_record
TN:
SF:script/UpdateCBridgeFacet.s.sol
FN:13,DeployScript.run
FNDA:0,DeployScript.run
DA:14,0
DA:15,0
DA:16,0
DA:17,0
DA:19,0
DA:22,0
BRDA:22,0,0,-
BRDA:22,0,1,-
DA:23,0
DA:24,0
DA:31,0
DA:34,0
DA:36,0
FNF:1
FNH:0
LF:11
LH:0
BRF:2
BRH:0
end_of_record
TN:
SF:script/UpdateCoreFacets.s.sol
FN:17,DeployScript.run
FNDA:0,DeployScript.run
DA:18,0
DA:19,0
DA:20,0
DA:21,0
DA:22,0
DA:23,0
DA:24,0
DA:25,0
DA:27,0
DA:29,0
DA:32,0
DA:41,0
DA:50,0
DA:59,0
DA:68,0
DA:76,0
DA:78,0
DA:80,0
FNF:1
FNH:0
LF:18
LH:0
BRF:0
BRH:0
end_of_record
TN:
SF:script/UpdateGenericSwapFacet.s.sol
FN:13,DeployScript.run
FNDA:0,DeployScript.run
DA:14,0
DA:15,0
DA:16,0
DA:17,0
DA:19,0
DA:22,0
BRDA:22,0,0,-
BRDA:22,0,1,-
DA:23,0
DA:24,0
DA:31,0
DA:34,0
DA:36,0
FNF:1
FNH:0
LF:11
LH:0
BRF:2
BRH:0
end_of_record
TN:
SF:script/UpdateGnosisBridgeFacet.s.sol
FN:13,DeployScript.run
FNDA:0,DeployScript.run
DA:14,0
DA:15,0
DA:16,0
DA:17,0
DA:19,0
DA:22,0
BRDA:22,0,0,-
BRDA:22,0,1,-
DA:23,0
DA:24,0
DA:31,0
DA:34,0
DA:36,0
FNF:1
FNH:0
LF:11
LH:0
BRF:2
BRH:0
end_of_record
TN:
SF:script/UpdateHopFacet.s.sol
FN:27,DeployScript.run
FNDA:0,DeployScript.run
DA:28,0
DA:29,0
DA:30,0
DA:31,0
DA:33,0
DA:34,0
DA:35,0
DA:36,0
DA:37,0
DA:39,0
DA:40,0
DA:41,0
DA:42,0
DA:43,0
DA:44,0
DA:47,0
DA:49,0
DA:52,0
BRDA:52,0,0,-
BRDA:52,0,1,-
DA:53,0
DA:54,0
DA:55,0
DA:62,0
DA:65,0
DA:67,0
FNF:1
FNH:0
LF:24
LH:0
BRF:2
BRH:0
end_of_record
TN:
SF:script/UpdateHyphenFacet.s.sol
FN:13,DeployScript.run
FNDA:0,DeployScript.run
DA:14,0
DA:15,0
DA:16,0
DA:17,0
DA:19,0
DA:22,0
BRDA:22,0,0,-
BRDA:22,0,1,-
DA:23,0
DA:24,0
DA:31,0
DA:34,0
DA:36,0
FNF:1
FNH:0
LF:11
LH:0
BRF:2
BRH:0
end_of_record
TN:
SF:script/UpdateMultichainFacet.s.sol
FN:13,DeployScript.run
FNDA:0,DeployScript.run
DA:14,0
DA:15,0
DA:16,0
DA:17,0
DA:19,0
DA:20,0
DA:21,0
DA:23,0
DA:25,0
DA:28,0
BRDA:28,0,0,-
BRDA:28,0,1,-
DA:29,0
DA:30,0
DA:31,0
DA:38,0
DA:41,0
DA:43,0
FNF:1
FNH:0
LF:16
LH:0
BRF:2
BRH:0
end_of_record
TN:
SF:script/UpdateNXTPFacet.s.sol
FN:13,DeployScript.run
FNDA:0,DeployScript.run
DA:14,0
DA:15,0
DA:16,0
DA:17,0
DA:19,0
DA:22,0
BRDA:22,0,0,-
BRDA:22,0,1,-
DA:23,0
DA:24,0
DA:31,0
DA:34,0
DA:36,0
FNF:1
FNH:0
LF:11
LH:0
BRF:2
BRH:0
end_of_record
TN:
SF:script/UpdateOmniBridgeFacet.s.sol
FN:13,DeployScript.run
FNDA:0,DeployScript.run
DA:14,0
DA:15,0
DA:16,0
DA:17,0
DA:19,0
DA:22,0
BRDA:22,0,0,-
BRDA:22,0,1,-
DA:23,0
DA:24,0
DA:31,0
DA:34,0
DA:36,0
FNF:1
FNH:0
LF:11
LH:0
BRF:2
BRH:0
end_of_record
TN:
SF:script/UpdateOptimismBridgeFacet.s.sol
FN:18,DeployScript.run
FNDA:0,DeployScript.run
DA:19,0
DA:20,0
DA:21,0
DA:22,0
DA:24,0
DA:25,0
DA:26,0
DA:27,0
DA:28,0
DA:30,0
DA:36,0
DA:39,0
BRDA:39,0,0,-
BRDA:39,0,1,-
DA:40,0
DA:41,0
DA:42,0
DA:49,0
DA:52,0
DA:54,0
FNF:1
FNH:0
LF:18
LH:0
BRF:2
BRH:0
end_of_record
TN:
SF:script/UpdatePeripheryRegistryFacet.s.sol
FN:13,DeployScript.run
FNDA:0,DeployScript.run
DA:14,0
DA:15,0
DA:16,0
DA:17,0
DA:19,0
DA:22,0
BRDA:22,0,0,-
BRDA:22,0,1,-
DA:23,0
DA:24,0
DA:31,0
DA:34,0
DA:36,0
FNF:1
FNH:0
LF:11
LH:0
BRF:2
BRH:0
end_of_record
TN:
SF:script/UpdatePolygonBridgeFacet.s.sol
FN:13,DeployScript.run
FNDA:0,DeployScript.run
DA:14,0
DA:15,0
DA:16,0
DA:17,0
DA:19,0
DA:22,0
BRDA:22,0,0,-
BRDA:22,0,1,-
DA:23,0
DA:24,0
DA:31,0
DA:34,0
DA:36,0
FNF:1
FNH:0
LF:11
LH:0
BRF:2
BRH:0
end_of_record
TN:
SF:script/UpdateStargateFacet.s.sol
FN:23,DeployScript.run
FNDA:0,DeployScript.run
DA:24,0
DA:25,0
DA:26,0
DA:27,0
DA:29,0
DA:30,0
DA:31,0
DA:32,0
DA:34,0
DA:35,0
DA:37,0
DA:39,0
DA:40,0
DA:41,0
DA:43,0
DA:46,0
BRDA:46,0,0,-
BRDA:46,0,1,-
DA:47,0
DA:48,0
DA:49,0
DA:56,0
DA:59,0
DA:61,0
FNF:1
FNH:0
LF:22
LH:0
BRF:2
BRH:0
end_of_record
TN:
SF:script/UpdateWormholeFacet.s.sol
FN:13,DeployScript.run
FNDA:0,DeployScript.run
DA:14,0
DA:15,0
DA:16,0
DA:17,0
DA:19,0
DA:22,0
BRDA:22,0,0,-
BRDA:22,0,1,-
DA:23,0
DA:24,0
DA:31,0
DA:34,0
DA:36,0
FNF:1
FNH:0
LF:11
LH:0
BRF:2
BRH:0
end_of_record
TN:
SF:script/utils/DeployScriptBase.sol
FN:28,DeployScriptBase.isContract
FNDA:0,DeployScriptBase.isContract
DA:29,0
DA:32,0
DA:34,0
FN:37,DeployScriptBase.isDeployed
FNDA:0,DeployScriptBase.isDeployed
DA:38,0
FNF:2
FNH:0
LF:4
LH:0
BRF:0
BRH:0
end_of_record
TN:
SF:script/utils/UpdateScriptBase.sol
FN:32,UpdateScriptBase.getSelectors
FNDA:0,UpdateScriptBase.getSelectors
DA:36,0
DA:37,0
DA:38,0
DA:39,0
DA:40,0
DA:41,0
DA:43,0
DA:44,0
DA:45,0
FN:48,UpdateScriptBase.toHexDigit
FNDA:0,UpdateScriptBase.toHexDigit
DA:49,0
BRDA:49,0,0,-
BRDA:49,0,1,-
DA:50,0
DA:51,0
BRDA:51,1,0,-
BRDA:51,1,1,-
DA:52,0
DA:54,0
FN:57,UpdateScriptBase.fromCode
FNDA:0,UpdateScriptBase.fromCode
DA:58,0
DA:59,0
DA:60,0
DA:61,0
DA:62,0
DA:63,0
DA:65,0
FNF:3
FNH:0
LF:21
LH:0
BRF:4
BRH:0
end_of_record
TN:
SF:src/Facets/AccessManagerFacet.sol
FN:20,AccessManagerFacet.setCanExecute
FNDA:3,AccessManagerFacet.setCanExecute
DA:25,3
BRDA:25,0,0,-
BRDA:25,0,1,3
DA:26,0
DA:28,3
DA:29,3
DA:30,3
BRDA:30,1,0,2
BRDA:30,1,1,1
DA:31,2
DA:33,1
FN:40,AccessManagerFacet.addressCanExecuteMethod
FNDA:0,AccessManagerFacet.addressCanExecuteMethod
DA:41,0
FNF:2
FNH:1
LF:8
LH:6
BRF:4
BRH:3
end_of_record
TN:
SF:src/Facets/AcrossFacet.sol
FN:56,AcrossFacet.startBridgeTokensViaAcross
FNDA:2,AcrossFacet.startBridgeTokensViaAcross
DA:65,2
DA:66,2
FN:73,AcrossFacet.swapAndStartBridgeTokensViaAcross
FNDA:0,AcrossFacet.swapAndStartBridgeTokensViaAcross
DA:86,0
DA:92,0
FN:100,AcrossFacet._startBridge
FNDA:2,AcrossFacet._startBridge
DA:101,2
DA:102,2
BRDA:102,0,0,1
BRDA:102,0,1,1
DA:103,1
DA:105,2
DA:114,2
FNF:3
FNH:2
LF:9
LH:7
BRF:2
BRH:2
end_of_record
TN:
SF:src/Facets/AmarokFacet.sol
FN:70,AmarokFacet.startBridgeTokensViaAmarok
FNDA:6,AmarokFacet.startBridgeTokensViaAmarok
DA:79,2
BRDA:79,0,0,-
BRDA:79,0,1,2
DA:80,0
DA:83,2
DA:84,1
FN:91,AmarokFacet.swapAndStartBridgeTokensViaAmarok
FNDA:1,AmarokFacet.swapAndStartBridgeTokensViaAmarok
DA:104,1
BRDA:104,1,0,-
BRDA:104,1,1,1
DA:105,0
DA:108,1
DA:114,1
FN:117,AmarokFacet.setAmarokDomain
FNDA:0,AmarokFacet.setAmarokDomain
DA:118,0
DA:119,0
DA:120,0
DA:121,0
FN:129,AmarokFacet._startBridge
FNDA:2,AmarokFacet._startBridge
DA:130,2
DA:132,2
DA:152,2
DA:153,2
DA:155,2
FN:158,AmarokFacet.getAmarokDomain
FNDA:2,AmarokFacet.getAmarokDomain
DA:159,2
DA:160,2
DA:161,2
BRDA:161,2,0,-
BRDA:161,2,1,2
DA:162,0
DA:164,2
FN:167,AmarokFacet.hasDestinationCall
FNDA:3,AmarokFacet.hasDestinationCall
DA:168,3
FNF:6
FNH:5
LF:23
LH:16
BRF:6
BRH:3
end_of_record
TN:
SF:src/Facets/ArbitrumBridgeFacet.sol
FN:53,ArbitrumBridgeFacet.startBridgeTokensViaArbitrumBridge
FNDA:8,ArbitrumBridgeFacet.startBridgeTokensViaArbitrumBridge
DA:65,5
DA:66,5
DA:67,3
FN:74,ArbitrumBridgeFacet.swapAndStartBridgeTokensViaArbitrumBridge
FNDA:1,ArbitrumBridgeFacet.swapAndStartBridgeTokensViaArbitrumBridge
DA:87,1
DA:88,1
DA:94,1
DA:96,1
FN:106,ArbitrumBridgeFacet._startBridge
FNDA:4,ArbitrumBridgeFacet._startBridge
DA:112,4
DA:114,4
DA:115,4
BRDA:115,0,0,1
BRDA:115,0,1,3
DA:116,1
DA:119,3
BRDA:119,1,0,1
BRDA:119,1,1,2
DA:120,1
DA:122,2
DA:125,3
FN:128,ArbitrumBridgeFacet._startTokenBridge
FNDA:2,ArbitrumBridgeFacet._startTokenBridge
DA:133,2
DA:138,2
FN:148,ArbitrumBridgeFacet._startNativeBridge
FNDA:1,ArbitrumBridgeFacet._startNativeBridge
DA:153,1
FNF:5
FNH:5
LF:18
LH:18
BRF:4
BRH:4
end_of_record
TN:
SF:src/Facets/AxelarFacet.sol
FN:66,AxelarFacet.setChainName
FNDA:0,AxelarFacet.setChainName
DA:67,0
DA:68,0
DA:69,0
DA:70,0
FN:75,AxelarFacet.executeCallViaAxelar
FNDA:0,AxelarFacet.executeCallViaAxelar
DA:76,0
DA:77,0
DA:79,0
DA:80,0
BRDA:80,0,0,-
BRDA:80,0,1,-
DA:81,0
DA:83,0
DA:86,0
DA:94,0
DA:96,0
FN:104,AxelarFacet.executeCallWithTokenViaAxelar
FNDA:0,AxelarFacet.executeCallWithTokenViaAxelar
DA:110,0
BRDA:110,1,0,-
BRDA:110,1,1,-
DA:111,0
DA:113,0
BRDA:113,2,0,-
BRDA:113,2,1,-
DA:114,0
DA:116,0
BRDA:116,3,0,-
BRDA:116,3,1,-
DA:117,0
DA:120,0
DA:121,0
DA:124,0
DA:125,0
BRDA:125,4,0,-
BRDA:125,4,1,-
DA:126,0
DA:128,0
DA:129,0
DA:132,0
DA:133,0
DA:134,0
BRDA:134,5,0,-
BRDA:134,5,1,-
DA:135,0
DA:137,0
DA:140,0
BRDA:140,6,0,-
BRDA:140,6,1,-
DA:141,0
DA:144,0
DA:146,0
FN:149,AxelarFacet._payGasWithToken
FNDA:0,AxelarFacet._payGasWithToken
DA:156,0
FN:168,AxelarFacet.getStorage
FNDA:0,AxelarFacet.getStorage
DA:169,0
DA:172,0
FNF:5
FNH:0
LF:38
LH:0
BRF:14
BRH:0
end_of_record
TN:
SF:src/Facets/CBridgeFacet.sol
FN:45,CBridgeFacet.startBridgeTokensViaCBridge
FNDA:2,CBridgeFacet.startBridgeTokensViaCBridge
DA:54,2
DA:55,2
FN:62,CBridgeFacet.swapAndStartBridgeTokensViaCBridge
FNDA:7,CBridgeFacet.swapAndStartBridgeTokensViaCBridge
DA:75,7
DA:81,7
FN:89,CBridgeFacet._startBridge
FNDA:9,CBridgeFacet._startBridge
DA:91,9
BRDA:91,0,0,-
BRDA:91,0,1,9
DA:93,9
BRDA:93,1,0,-
BRDA:93,1,1,1
DA:94,1
DA:103,8
DA:105,8
DA:115,9
FNF:3
FNH:3
LF:10
LH:10
BRF:4
BRH:2
end_of_record
TN:
SF:src/Facets/DexManagerFacet.sol
FN:24,DexManagerFacet.addDex
FNDA:2,DexManagerFacet.addDex
DA:25,2
BRDA:25,0,0,-
BRDA:25,0,1,2
DA:26,0
DA:29,2
BRDA:29,1,0,-
BRDA:29,1,1,2
DA:30,0
DA:33,2
DA:35,2
FN:40,DexManagerFacet.batchAddDex
FNDA:2,DexManagerFacet.batchAddDex
DA:41,2
BRDA:41,2,0,-
BRDA:41,2,1,2
DA:42,0
DA:44,2
DA:46,2
DA:47,6
DA:48,6
BRDA:48,3,0,-
BRDA:48,3,1,6
DA:49,0
DA:51,6
BRDA:51,4,0,-
BRDA:51,4,1,6
DA:52,6
DA:53,6
DA:55,6
FN:62,DexManagerFacet.removeDex
FNDA:1,DexManagerFacet.removeDex
DA:63,1
BRDA:63,5,0,-
BRDA:63,5,1,1
DA:64,0
DA:66,1
DA:67,1
FN:72,DexManagerFacet.batchRemoveDex
FNDA:1,DexManagerFacet.batchRemoveDex
DA:73,1
BRDA:73,6,0,-
BRDA:73,6,1,1
DA:74,0
DA:76,1
DA:77,1
DA:78,2
DA:79,2
DA:81,2
FN:89,DexManagerFacet.setFunctionApprovalBySignature
FNDA:1,DexManagerFacet.setFunctionApprovalBySignature
DA:90,1
BRDA:90,7,0,-
BRDA:90,7,1,1
DA:91,0
DA:94,1
BRDA:94,8,0,1
BRDA:94,8,1,-
DA:95,1
DA:97,0
DA:100,1
FN:106,DexManagerFacet.batchSetFunctionApprovalBySignature
FNDA:1,DexManagerFacet.batchSetFunctionApprovalBySignature
DA:107,1
BRDA:107,9,0,-
BRDA:107,9,1,1
DA:108,0
DA:110,1
DA:111,1
DA:112,5
DA:113,5
BRDA:113,10,0,5
BRDA:113,10,1,-
DA:114,5
DA:116,0
DA:118,5
DA:120,5
FN:128,DexManagerFacet.isFunctionApproved
FNDA:6,DexManagerFacet.isFunctionApproved
DA:129,6
FN:134,DexManagerFacet.approvedDexs
FNDA:4,DexManagerFacet.approvedDexs
DA:135,4
FNF:8
FNH:8
LF:46
LH:36
BRF:22
BRH:11
end_of_record
TN:
SF:src/Facets/DiamondCutFacet.sol
FN:14,DiamondCutFacet.diamondCut
FNDA:0,DiamondCutFacet.diamondCut
DA:19,0
DA:20,0
FNF:1
FNH:0
LF:2
LH:0
BRF:0
BRH:0
end_of_record
TN:
SF:src/Facets/DiamondLoupeFacet.sol
FN:20,DiamondLoupeFacet.facets
FNDA:0,DiamondLoupeFacet.facets
DA:21,0
DA:22,0
DA:23,0
DA:24,0
DA:25,0
DA:26,0
DA:27,0
DA:29,0
FN:37,DiamondLoupeFacet.facetFunctionSelectors
FNDA:0,DiamondLoupeFacet.facetFunctionSelectors
DA:43,0
DA:44,0
FN:49,DiamondLoupeFacet.facetAddresses
FNDA:0,DiamondLoupeFacet.facetAddresses
DA:50,0
DA:51,0
FN:58,DiamondLoupeFacet.facetAddress
FNDA:0,DiamondLoupeFacet.facetAddress
DA:59,0
DA:60,0
FN:64,DiamondLoupeFacet.supportsInterface
FNDA:0,DiamondLoupeFacet.supportsInterface
DA:65,0
DA:66,0
FNF:5
FNH:0
LF:16
LH:0
BRF:0
BRH:0
end_of_record
TN:
SF:src/Facets/GenericSwapFacet.sol
FN:38,GenericSwapFacet.swapTokensGeneric
FNDA:1,GenericSwapFacet.swapTokensGeneric
DA:46,1
BRDA:46,0,0,-
BRDA:46,0,1,1
DA:47,0
DA:50,1
DA:51,1
DA:52,1
DA:54,1
FNF:1
FNH:1
LF:6
LH:5
BRF:2
BRH:1
end_of_record
TN:
SF:src/Facets/GnosisBridgeFacet.sol
FN:41,GnosisBridgeFacet.startBridgeTokensViaXDaiBridge
FNDA:8,GnosisBridgeFacet.startBridgeTokensViaXDaiBridge
DA:52,3
DA:53,2
FN:59,GnosisBridgeFacet.swapAndStartBridgeTokensViaXDaiBridge
FNDA:1,GnosisBridgeFacet.swapAndStartBridgeTokensViaXDaiBridge
DA:72,1
BRDA:72,0,0,-
BRDA:72,0,1,1
DA:73,0
DA:75,1
DA:81,1
FN:88,GnosisBridgeFacet._startBridge
FNDA:3,GnosisBridgeFacet._startBridge
DA:89,3
DA:90,3
DA:91,2
FNF:3
FNH:3
LF:9
LH:8
BRF:2
BRH:1
end_of_record
TN:
SF:src/Facets/HopFacet.sol
FN:51,HopFacet.initHop
FNDA:0,HopFacet.initHop
DA:52,0
DA:54,0
DA:56,0
BRDA:56,0,0,-
BRDA:56,0,1,-
DA:57,0
DA:60,0
DA:61,0
BRDA:61,1,0,-
BRDA:61,1,1,-
DA:62,0
DA:64,0
DA:67,0
DA:69,0
FN:77,HopFacet.registerBridge
FNDA:0,HopFacet.registerBridge
DA:78,0
DA:80,0
DA:82,0
BRDA:82,2,0,-
BRDA:82,2,1,-
DA:83,0
DA:86,0
BRDA:86,3,0,-
BRDA:86,3,1,-
DA:87,0
DA:90,0
DA:92,0
FN:98,HopFacet.startBridgeTokensViaHop
FNDA:6,HopFacet.startBridgeTokensViaHop
DA:107,3
DA:108,2
FN:115,HopFacet.swapAndStartBridgeTokensViaHop
FNDA:1,HopFacet.swapAndStartBridgeTokensViaHop
DA:127,1
BRDA:127,4,0,-
BRDA:127,4,1,1
DA:128,1
DA:134,1
FN:142,HopFacet._startBridge
FNDA:3,HopFacet._startBridge
DA:144,3
BRDA:144,5,0,-
BRDA:144,5,1,3
DA:146,3
DA:147,3
DA:148,3
DA:151,3
DA:153,3
DA:155,3
BRDA:155,6,0,-
BRDA:155,6,1,3
DA:157,3
DA:169,0
DA:181,3
FN:185,HopFacet.getStorage
FNDA:3,HopFacet.getStorage
DA:186,3
DA:189,3
FNF:6
FNH:4
LF:35
LH:16
BRF:14
BRH:3
end_of_record
TN:
SF:src/Facets/HyphenFacet.sol
FN:34,HyphenFacet.startBridgeTokensViaHyphen
FNDA:6,HyphenFacet.startBridgeTokensViaHyphen
DA:43,3
DA:44,2
FN:50,HyphenFacet.swapAndStartBridgeTokensViaHyphen
FNDA:1,HyphenFacet.swapAndStartBridgeTokensViaHyphen
DA:62,1
DA:68,1
FN:75,HyphenFacet._startBridge
FNDA:3,HyphenFacet._startBridge
DA:76,3
BRDA:76,0,0,1
BRDA:76,0,1,2
DA:78,3
DA:80,3
DA:88,0
DA:95,2
FNF:3
FNH:3
LF:9
LH:8
BRF:2
BRH:2
end_of_record
TN:
SF:src/Facets/MultichainFacet.sol
FN:45,MultichainFacet.initMultichain
FNDA:0,MultichainFacet.initMultichain
DA:46,0
DA:48,0
DA:50,0
BRDA:50,0,0,-
BRDA:50,0,1,-
DA:51,0
DA:54,0
DA:55,0
DA:56,0
BRDA:56,1,0,-
BRDA:56,1,1,-
DA:57,0
DA:59,0
DA:61,0
DA:65,0
DA:67,0
FN:75,MultichainFacet.registerBridge
FNDA:0,MultichainFacet.registerBridge
DA:76,0
DA:78,0
BRDA:78,2,0,-
BRDA:78,2,1,-
DA:79,0
DA:82,0
DA:84,0
BRDA:84,3,0,-
BRDA:84,3,1,-
DA:85,0
DA:88,0
DA:90,0
FN:96,MultichainFacet.registerBridge
FNDA:0,MultichainFacet.registerBridge
DA:97,0
DA:99,0
DA:101,0
BRDA:101,4,0,-
BRDA:101,4,1,-
DA:102,0
DA:105,0
DA:106,0
DA:107,0
BRDA:107,5,0,-
BRDA:107,5,1,-
DA:108,0
DA:110,0
DA:112,0
DA:115,0
FN:123,MultichainFacet.startBridgeTokensViaMultichain
FNDA:5,MultichainFacet.startBridgeTokensViaMultichain
DA:135,2
DA:136,2
BRDA:136,6,0,-
BRDA:136,6,1,2
DA:138,2
DA:142,2
BRDA:142,7,0,2
BRDA:142,7,1,1
DA:143,1
FN:150,MultichainFacet.swapAndStartBridgeTokensViaMultichain
FNDA:1,MultichainFacet.swapAndStartBridgeTokensViaMultichain
DA:163,1
DA:165,1
BRDA:165,8,0,-
BRDA:165,8,1,1
DA:167,1
DA:173,1
DA:177,1
FN:185,MultichainFacet._getUnderlyingToken
FNDA:3,MultichainFacet._getUnderlyingToken
DA:190,3
BRDA:190,9,0,-
BRDA:190,9,1,3
DA:191,3
DA:193,3
DA:195,3
BRDA:195,10,0,3
BRDA:195,10,1,3
DA:196,3
FN:205,MultichainFacet._startBridge
FNDA:2,MultichainFacet._startBridge
DA:211,2
BRDA:211,11,0,-
BRDA:211,11,1,2
DA:213,2
BRDA:213,12,0,-
BRDA:213,12,1,-
DA:214,0
DA:221,2
DA:223,2
BRDA:223,13,0,-
BRDA:223,13,1,-
DA:224,0
DA:231,2
DA:240,2
FN:244,MultichainFacet.getStorage
FNDA:3,MultichainFacet.getStorage
DA:245,3
DA:248,3
FNF:8
FNH:5
LF:56
LH:23
BRF:28
BRH:8
end_of_record
TN:
SF:src/Facets/NXTPFacet.sol
FN:50,NXTPFacet.startBridgeTokensViaNXTP
FNDA:0,NXTPFacet.startBridgeTokensViaNXTP
DA:58,0
BRDA:58,0,0,-
BRDA:58,0,1,-
DA:59,0
DA:61,0
DA:62,0
DA:63,0
FN:71,NXTPFacet.swapAndStartBridgeTokensViaNXTP
FNDA:0,NXTPFacet.swapAndStartBridgeTokensViaNXTP
DA:83,0
BRDA:83,1,0,-
BRDA:83,1,1,-
DA:84,0
DA:87,0
DA:88,0
DA:94,0
FN:102,NXTPFacet._startBridge
FNDA:0,NXTPFacet._startBridge
DA:103,0
DA:105,0
DA:108,0
DA:109,0
DA:111,0
BRDA:111,2,0,-
BRDA:111,2,1,-
DA:112,0
DA:114,0
BRDA:114,3,0,-
BRDA:114,3,1,-
DA:115,0
DA:120,0
DA:132,0
FN:135,NXTPFacet.validateInvariantData
FNDA:0,NXTPFacet.validateInvariantData
DA:139,0
BRDA:139,4,0,-
BRDA:139,4,1,-
DA:140,0
DA:142,0
BRDA:142,5,0,-
BRDA:142,5,1,-
DA:143,0
DA:145,0
BRDA:145,6,0,-
BRDA:145,6,1,-
DA:146,0
FN:150,NXTPFacet.hasDestinationCall
FNDA:0,NXTPFacet.hasDestinationCall
DA:151,0
FNF:5
FNH:0
LF:27
LH:0
BRF:14
BRH:0
end_of_record
TN:
SF:src/Facets/OmniBridgeFacet.sol
FN:43,OmniBridgeFacet.startBridgeTokensViaOmniBridge
FNDA:6,OmniBridgeFacet.startBridgeTokensViaOmniBridge
DA:52,3
DA:53,1
FN:59,OmniBridgeFacet.swapAndStartBridgeTokensViaOmniBridge
FNDA:1,OmniBridgeFacet.swapAndStartBridgeTokensViaOmniBridge
DA:71,1
DA:77,1
FN:84,OmniBridgeFacet._startBridge
FNDA:2,OmniBridgeFacet._startBridge
DA:85,2
BRDA:85,0,0,-
BRDA:85,0,1,-
DA:86,0
DA:88,2
DA:93,2
DA:96,2
FNF:3
FNH:3
LF:9
LH:8
BRF:2
BRH:0
end_of_record
TN:
SF:src/Facets/OptimismBridgeFacet.sol
FN:50,OptimismBridgeFacet.initOptimism
FNDA:0,OptimismBridgeFacet.initOptimism
DA:51,0
DA:53,0
DA:55,0
BRDA:55,0,0,-
BRDA:55,0,1,-
DA:56,0
DA:59,0
DA:60,0
BRDA:60,1,0,-
BRDA:60,1,1,-
DA:61,0
DA:63,0
DA:66,0
DA:67,0
DA:69,0
FN:77,OptimismBridgeFacet.registerOptimismBridge
FNDA:0,OptimismBridgeFacet.registerOptimismBridge
DA:78,0
DA:80,0
DA:82,0
BRDA:82,2,0,-
BRDA:82,2,1,-
DA:84,0
BRDA:84,3,0,-
BRDA:84,3,1,-
DA:85,0
DA:88,0
DA:90,0
FN:96,OptimismBridgeFacet.startBridgeTokensViaOptimismBridge
FNDA:6,OptimismBridgeFacet.startBridgeTokensViaOptimismBridge
DA:108,3
DA:109,1
FN:116,OptimismBridgeFacet.swapAndStartBridgeTokensViaOptimismBridge
FNDA:1,OptimismBridgeFacet.swapAndStartBridgeTokensViaOptimismBridge
DA:129,1
DA:135,1
FN:143,OptimismBridgeFacet._startBridge
FNDA:2,OptimismBridgeFacet._startBridge
DA:144,2
DA:145,2
DA:146,2
DA:150,2
BRDA:150,4,0,-
BRDA:150,4,1,-
DA:151,0
DA:153,2
DA:155,2
BRDA:155,5,0,-
BRDA:155,5,1,-
DA:156,0
DA:158,2
DA:169,2
FN:173,OptimismBridgeFacet.getStorage
FNDA:2,OptimismBridgeFacet.getStorage
DA:174,2
DA:177,2
FNF:6
FNH:4
LF:34
LH:14
BRF:12
BRH:0
end_of_record
TN:
SF:src/Facets/OwnershipFacet.sol
FN:35,OwnershipFacet.transferOwnership
FNDA:1,OwnershipFacet.transferOwnership
DA:36,1
DA:37,1
DA:39,1
BRDA:39,0,0,-
BRDA:39,0,1,1
DA:41,1
BRDA:41,1,0,-
BRDA:41,1,1,1
DA:43,1
DA:44,1
FN:48,OwnershipFacet.cancelOwnershipTransfer
FNDA:0,OwnershipFacet.cancelOwnershipTransfer
DA:49,0
DA:50,0
DA:52,0
BRDA:52,2,0,-
BRDA:52,2,1,-
DA:53,0
FN:57,OwnershipFacet.confirmOwnershipTransfer
FNDA:1,OwnershipFacet.confirmOwnershipTransfer
DA:58,1
DA:59,1
DA:60,1
BRDA:60,3,0,-
BRDA:60,3,1,1
DA:61,1
DA:62,1
DA:63,1
FN:68,OwnershipFacet.owner
FNDA:2,OwnershipFacet.owner
DA:69,2
FN:73,OwnershipFacet.getStorage
FNDA:2,OwnershipFacet.getStorage
DA:74,2
DA:77,2
FNF:5
FNH:4
LF:19
LH:15
BRF:8
BRH:3
end_of_record
TN:
SF:src/Facets/PeripheryRegistryFacet.sol
FN:22,PeripheryRegistryFacet.registerPeripheryContract
FNDA:0,PeripheryRegistryFacet.registerPeripheryContract
DA:23,0
DA:24,0
DA:25,0
DA:26,0
FN:31,PeripheryRegistryFacet.getPeripheryContract
FNDA:0,PeripheryRegistryFacet.getPeripheryContract
DA:32,0
FN:36,PeripheryRegistryFacet.getStorage
FNDA:0,PeripheryRegistryFacet.getStorage
DA:37,0
DA:40,0
FNF:3
FNH:0
LF:7
LH:0
BRF:0
BRH:0
end_of_record
TN:
SF:src/Facets/PolygonBridgeFacet.sol
FN:41,PolygonBridgeFacet.startBridgeTokensViaPolygonBridge
FNDA:6,PolygonBridgeFacet.startBridgeTokensViaPolygonBridge
DA:50,3
DA:51,1
FN:57,PolygonBridgeFacet.swapAndStartBridgeTokensViaPolygonBridge
FNDA:1,PolygonBridgeFacet.swapAndStartBridgeTokensViaPolygonBridge
DA:69,1
DA:75,1
FN:82,PolygonBridgeFacet._startBridge
FNDA:2,PolygonBridgeFacet._startBridge
DA:83,2
DA:85,2
BRDA:85,0,0,-
BRDA:85,0,1,-
DA:86,0
DA:88,2
DA:90,2
DA:92,2
DA:93,2
DA:96,2
FNF:3
FNH:3
LF:12
LH:11
BRF:2
BRH:0
end_of_record
TN:
SF:src/Facets/StargateFacet.sol
FN:77,StargateFacet.initStargate
FNDA:0,StargateFacet.initStargate
DA:78,0
DA:80,0
DA:82,0
BRDA:82,0,0,-
BRDA:82,0,1,-
DA:83,0
DA:86,0
DA:87,0
BRDA:87,1,0,-
BRDA:87,1,1,-
DA:88,0
DA:90,0
DA:93,0
DA:94,0
DA:97,0
DA:99,0
FN:107,StargateFacet.startBridgeTokensViaStargate
FNDA:1,StargateFacet.startBridgeTokensViaStargate
DA:116,1
DA:117,1
DA:118,1
FN:125,StargateFacet.swapAndStartBridgeTokensViaStargate
FNDA:2,StargateFacet.swapAndStartBridgeTokensViaStargate
DA:138,2
DA:139,2
DA:147,2
FN:150,StargateFacet.quoteLayerZeroFee
FNDA:4,StargateFacet.quoteLayerZeroFee
DA:155,4
FN:170,StargateFacet._startBridge
FNDA:3,StargateFacet._startBridge
DA:174,3
DA:176,3
DA:188,3
FN:191,StargateFacet.validateDestinationCallFlag
FNDA:3,StargateFacet.validateDestinationCallFlag
DA:195,3
BRDA:195,2,0,-
BRDA:195,2,1,3
DA:196,0
FN:205,StargateFacet.setStargatePoolId
FNDA:0,StargateFacet.setStargatePoolId
DA:206,0
DA:207,0
DA:209,0
BRDA:209,3,0,-
BRDA:209,3,1,-
DA:210,0
DA:213,0
DA:214,0
FN:221,StargateFacet.setLayerZeroChainId
FNDA:0,StargateFacet.setLayerZeroChainId
DA:222,0
DA:223,0
DA:225,0
BRDA:225,4,0,-
BRDA:225,4,1,-
DA:226,0
DA:229,0
DA:230,0
FN:236,StargateFacet.getStargatePoolId
FNDA:3,StargateFacet.getStargatePoolId
DA:237,3
DA:238,3
DA:239,3
BRDA:239,5,0,-
BRDA:239,5,1,3
DA:240,3
FN:246,StargateFacet.getLayerZeroChainId
FNDA:7,StargateFacet.getLayerZeroChainId
DA:247,7
DA:248,7
DA:249,7
BRDA:249,6,0,-
BRDA:249,6,1,7
DA:250,7
FN:253,StargateFacet.toBytes
FNDA:7,StargateFacet.toBytes
DA:254,7
DA:258,7
DA:261,7
DA:264,7
FNF:11
FNH:8
LF:48
LH:23
BRF:14
BRH:3
end_of_record
TN:
SF:src/Facets/WithdrawFacet.sol
FN:31,WithdrawFacet.executeCallAndWithdraw
FNDA:0,WithdrawFacet.executeCallAndWithdraw
DA:38,0
BRDA:38,0,0,-
BRDA:38,0,1,-
DA:39,0
DA:43,0
DA:44,0
DA:45,0
BRDA:45,1,0,-
BRDA:45,1,1,-
DA:46,0
DA:48,0
BRDA:48,2,0,-
BRDA:48,2,1,-
DA:49,0
DA:51,0
FN:59,WithdrawFacet.withdraw
FNDA:0,WithdrawFacet.withdraw
DA:64,0
BRDA:64,3,0,-
BRDA:64,3,1,-
DA:65,0
DA:67,0
FN:76,WithdrawFacet._withdrawAsset
FNDA:0,WithdrawFacet._withdrawAsset
DA:81,0
DA:82,0
DA:83,0
FNF:3
FNH:0
LF:15
LH:0
BRF:8
BRH:0
end_of_record
TN:
SF:src/Facets/WormholeFacet.sol
FN:64,WormholeFacet.startBridgeTokensViaWormhole
FNDA:0,WormholeFacet.startBridgeTokensViaWormhole
DA:73,0
DA:74,0
FN:81,WormholeFacet.swapAndStartBridgeTokensViaWormhole
FNDA:0,WormholeFacet.swapAndStartBridgeTokensViaWormhole
DA:94,0
DA:100,0
FN:106,WormholeFacet.setWormholeChainId
FNDA:0,WormholeFacet.setWormholeChainId
DA:107,0
DA:108,0
DA:109,0
DA:110,0
FN:118,WormholeFacet._startBridge
FNDA:0,WormholeFacet._startBridge
DA:119,0
DA:120,0
DA:123,0
BRDA:123,0,0,-
BRDA:123,0,1,-
DA:124,0
BRDA:124,1,0,-
BRDA:124,1,1,-
DA:125,0
BRDA:125,2,0,-
BRDA:125,2,1,-
DA:126,0
BRDA:126,3,0,-
BRDA:126,3,1,-
DA:129,0
DA:131,0
BRDA:131,4,0,-
BRDA:131,4,1,-
DA:132,0
DA:139,0
DA:148,0
FN:154,WormholeFacet.getWormholeChainId
FNDA:0,WormholeFacet.getWormholeChainId
DA:155,0
DA:156,0
DA:157,0
BRDA:157,5,0,-
BRDA:157,5,1,-
DA:158,0
FNF:5
FNH:0
LF:23
LH:0
BRF:12
BRH:0
end_of_record
TN:
SF:src/Helpers/ExcessivelySafeCall.sol
FN:26,ExcessivelySafeCall.excessivelySafeCall
FNDA:0,ExcessivelySafeCall.excessivelySafeCall
DA:34,0
DA:35,0
DA:36,0
DA:42,0
DA:52,0
DA:53,0
BRDA:53,0,0,-
DA:54,0
DA:61,0
FN:79,ExcessivelySafeCall.excessivelySafeStaticCall
FNDA:0,ExcessivelySafeCall.excessivelySafeStaticCall
DA:86,0
DA:87,0
DA:88,0
DA:94,0
DA:103,0
DA:104,0
BRDA:104,1,0,-
DA:105,0
DA:112,0
FN:124,ExcessivelySafeCall.swapSelector
FNDA:0,ExcessivelySafeCall.swapSelector
DA:125,0
BRDA:125,2,0,-
BRDA:125,2,1,-
DA:126,0
DA:128,0
DA:134,0
DA:135,0
FNF:3
FNH:0
LF:21
LH:0
BRF:4
BRH:0
end_of_record
TN:
SF:src/Helpers/ReentrancyGuard.sol
FN:40,ReentrancyGuard.reentrancyStorage
FNDA:58,ReentrancyGuard.reentrancyStorage
DA:41,58
DA:44,58
FNF:1
FNH:1
LF:2
LH:2
BRF:0
BRH:0
end_of_record
TN:
SF:src/Helpers/SwapperV2.sol
FN:118,SwapperV2._depositAndSwap
FNDA:20,SwapperV2._depositAndSwap
DA:124,20
DA:126,20
BRDA:126,0,0,-
BRDA:126,0,1,20
DA:127,0
DA:130,20
DA:131,20
DA:133,20
BRDA:133,1,0,1
BRDA:133,1,1,20
DA:134,1
DA:137,20
DA:139,20
DA:140,20
DA:142,20
DA:144,20
BRDA:144,2,0,-
BRDA:144,2,1,20
DA:145,0
DA:148,20
FN:157,SwapperV2._depositAndSwap
FNDA:2,SwapperV2._depositAndSwap
DA:164,2
DA:166,2
BRDA:166,3,0,-
BRDA:166,3,1,2
DA:167,0
DA:170,2
DA:171,2
DA:173,2
BRDA:173,4,0,-
BRDA:173,4,1,2
DA:174,0
DA:177,2
DA:179,2
DA:180,2
DA:181,2
DA:183,2
DA:185,2
BRDA:185,5,0,-
BRDA:185,5,1,2
DA:186,0
DA:189,2
FN:199,SwapperV2._executeSwaps
FNDA:20,SwapperV2._executeSwaps
DA:205,6
DA:206,6
DA:207,12
DA:210,12
BRDA:209,6,0,-
BRDA:209,6,1,14
DA:214,0
DA:216,12
DA:219,12
FN:227,SwapperV2._executeSwaps
FNDA:2,SwapperV2._executeSwaps
DA:232,1
DA:233,1
DA:234,2
DA:237,2
BRDA:236,7,0,-
BRDA:236,7,1,1
DA:241,0
DA:243,2
DA:246,2
FN:254,SwapperV2._fetchBalances
FNDA:22,SwapperV2._fetchBalances
DA:255,22
DA:256,22
DA:257,22
DA:258,22
DA:259,29
DA:260,29
DA:262,29
BRDA:262,8,0,-
BRDA:262,8,1,3
DA:263,3
DA:267,29
DA:271,22
FNF:5
FNH:5
LF:53
LH:46
BRF:18
BRH:10
end_of_record
TN:
SF:src/Helpers/TransferrableOwnership.sol
FN:32,TransferrableOwnership.transferOwnership
FNDA:3,TransferrableOwnership.transferOwnership
DA:33,3
BRDA:33,0,0,-
BRDA:33,0,1,3
DA:34,3
BRDA:34,1,0,-
BRDA:34,1,1,3
DA:35,3
DA:36,3
FN:40,TransferrableOwnership.cancelOwnershipTransfer
FNDA:0,TransferrableOwnership.cancelOwnershipTransfer
DA:41,0
BRDA:41,2,0,-
BRDA:41,2,1,-
DA:42,0
FN:46,TransferrableOwnership.confirmOwnershipTransfer
FNDA:3,TransferrableOwnership.confirmOwnershipTransfer
DA:47,3
DA:48,3
BRDA:48,3,0,-
BRDA:48,3,1,3
DA:49,3
DA:50,3
DA:51,3
FNF:3
FNH:2
LF:11
LH:9
BRF:8
BRH:3
end_of_record
TN:
SF:src/LiFiDiamond.sol
FN:27,LiFiDiamond.
FNDA:116,LiFiDiamond.
DA:28,116
DA:29,116
DA:34,116
DA:38,116
DA:40,116
BRDA:40,0,0,-
BRDA:40,0,1,116
DA:41,0
FNF:1
FNH:1
LF:6
LH:5
BRF:2
BRH:1
end_of_record
TN:
SF:src/Libraries/LibAccess.sol
FN:23,LibAccess.accessStorage
FNDA:3,LibAccess.accessStorage
DA:24,3
DA:27,3
FN:34,LibAccess.addAccess
FNDA:0,LibAccess.addAccess
DA:35,0
BRDA:35,0,0,-
BRDA:35,0,1,-
DA:36,0
DA:38,0
DA:39,0
DA:40,0
FN:46,LibAccess.removeAccess
FNDA:0,LibAccess.removeAccess
DA:47,0
DA:48,0
DA:49,0
FN:54,LibAccess.enforceAccessControl
FNDA:3,LibAccess.enforceAccessControl
DA:55,3
DA:56,3
BRDA:56,1,0,2
BRDA:56,1,1,1
FNF:4
FNH:2
LF:12
LH:4
BRF:4
BRH:2
end_of_record
TN:
SF:src/Libraries/LibAllowList.sol
FN:21,LibAllowList.addAllowedContract
FNDA:8,LibAllowList.addAllowedContract
DA:22,8
DA:24,8
DA:26,8
BRDA:26,0,0,-
BRDA:26,0,1,8
DA:28,8
DA:29,8
FN:34,LibAllowList.contractIsAllowed
FNDA:58,LibAllowList.contractIsAllowed
DA:35,58
FN:40,LibAllowList.removeAllowedContract
FNDA:3,LibAllowList.removeAllowedContract
DA:41,3
DA:43,3
BRDA:43,1,0,-
BRDA:43,1,1,3
DA:44,0
DA:47,3
DA:49,3
DA:51,3
DA:52,4
BRDA:52,2,0,-
BRDA:52,2,1,3
DA:54,3
DA:56,3
DA:57,3
FN:63,LibAllowList.getAllowedContracts
FNDA:4,LibAllowList.getAllowedContracts
DA:64,4
FN:69,LibAllowList.addAllowedSelector
FNDA:6,LibAllowList.addAllowedSelector
DA:70,6
FN:75,LibAllowList.removeAllowedSelector
FNDA:0,LibAllowList.removeAllowedSelector
DA:76,0
FN:81,LibAllowList.selectorIsAllowed
FNDA:35,LibAllowList.selectorIsAllowed
DA:82,35
FN:86,LibAllowList._getStorage
FNDA:114,LibAllowList._getStorage
DA:87,114
DA:90,114
FN:96,LibAllowList._checkAddress
FNDA:8,LibAllowList._checkAddress
DA:97,8
BRDA:97,3,0,-
BRDA:97,3,1,8
DA:99,8
BRDA:99,4,0,-
BRDA:99,4,1,8
FNF:9
FNH:8
LF:24
LH:22
BRF:10
BRH:5
end_of_record
TN:
SF:src/Libraries/LibAsset.sol
FN:25,LibAsset.getOwnBalance
FNDA:107,LibAsset.getOwnBalance
DA:26,107
FN:33,LibAsset.transferNativeAsset
FNDA:3,LibAsset.transferNativeAsset
DA:34,3
BRDA:34,0,0,-
BRDA:34,0,1,3
DA:35,3
BRDA:35,1,0,-
BRDA:35,1,1,3
DA:37,3
DA:38,3
BRDA:38,2,0,-
BRDA:38,2,1,3
FN:46,LibAsset.maxApproveERC20
FNDA:19,LibAsset.maxApproveERC20
DA:51,19
BRDA:51,3,0,19
BRDA:51,3,1,19
DA:52,19
BRDA:52,4,0,-
BRDA:52,4,1,19
DA:53,19
DA:55,19
BRDA:55,5,0,15
BRDA:55,5,1,19
FN:63,LibAsset.transferERC20
FNDA:17,LibAsset.transferERC20
DA:68,17
BRDA:68,6,0,-
BRDA:68,6,1,17
DA:69,17
DA:70,17
BRDA:70,7,0,-
BRDA:70,7,1,17
DA:71,17
FN:79,LibAsset.transferFromERC20
FNDA:16,LibAsset.transferFromERC20
DA:85,16
BRDA:85,8,0,-
BRDA:85,8,1,16
DA:86,16
BRDA:86,9,0,-
BRDA:86,9,1,16
DA:88,16
DA:89,16
DA:90,16
DA:91,16
BRDA:91,10,0,-
BRDA:91,10,1,16
FN:94,LibAsset.depositAsset
FNDA:14,LibAsset.depositAsset
DA:95,14
BRDA:95,11,0,-
BRDA:95,11,1,-
DA:96,0
BRDA:96,12,0,-
BRDA:96,12,1,-
DA:98,14
BRDA:98,13,0,-
BRDA:98,13,1,14
DA:99,14
DA:100,14
BRDA:100,14,0,-
BRDA:100,14,1,14
DA:101,14
FN:105,LibAsset.depositAssets
FNDA:0,LibAsset.depositAssets
DA:106,0
DA:107,0
DA:108,0
BRDA:108,15,0,-
BRDA:108,15,1,-
DA:109,0
DA:112,0
FN:120,LibAsset.isNativeAsset
FNDA:81,LibAsset.isNativeAsset
DA:121,81
FN:131,LibAsset.transferAsset
FNDA:20,LibAsset.transferAsset
DA:136,20
FN:142,LibAsset.isContract
FNDA:20,LibAsset.isContract
DA:143,20
DA:146,20
DA:148,20
FNF:10
FNH:9
LF:35
LH:29
BRF:32
BRH:15
end_of_record
TN:
SF:src/Libraries/LibBytes.sol
FN:15,LibBytes.concat
FNDA:0,LibBytes.concat
DA:16,0
DA:21,0
DA:53,0
DA:58,0
DA:61,0
DA:86,0
FN:89,LibBytes.concatStorage
FNDA:0,LibBytes.concatStorage
FN:222,LibBytes.slice
FNDA:0,LibBytes.slice
DA:227,0
BRDA:227,0,0,-
BRDA:227,0,1,-
DA:228,0
BRDA:228,1,0,-
BRDA:228,1,1,-
DA:230,0
DA:284,0
FN:287,LibBytes.toAddress
FNDA:0,LibBytes.toAddress
DA:288,0
BRDA:288,2,0,-
BRDA:288,2,1,-
DA:289,0
DA:291,0
DA:294,0
DA:297,0
FN:300,LibBytes.toUint8
FNDA:0,LibBytes.toUint8
DA:301,0
BRDA:301,3,0,-
BRDA:301,3,1,-
DA:302,0
DA:304,0
DA:307,0
DA:310,0
FN:313,LibBytes.toUint16
FNDA:0,LibBytes.toUint16
DA:314,0
BRDA:314,4,0,-
BRDA:314,4,1,-
DA:315,0
DA:317,0
DA:320,0
DA:323,0
FN:326,LibBytes.toUint32
FNDA:0,LibBytes.toUint32
DA:327,0
BRDA:327,5,0,-
BRDA:327,5,1,-
DA:328,0
DA:330,0
DA:333,0
DA:336,0
FN:339,LibBytes.toUint64
FNDA:0,LibBytes.toUint64
DA:340,0
BRDA:340,6,0,-
BRDA:340,6,1,-
DA:341,0
DA:343,0
DA:346,0
DA:349,0
FN:352,LibBytes.toUint96
FNDA:0,LibBytes.toUint96
DA:353,0
BRDA:353,7,0,-
BRDA:353,7,1,-
DA:354,0
DA:356,0
DA:359,0
DA:362,0
FN:365,LibBytes.toUint128
FNDA:0,LibBytes.toUint128
DA:366,0
BRDA:366,8,0,-
BRDA:366,8,1,-
DA:367,0
DA:369,0
DA:372,0
DA:375,0
FN:378,LibBytes.toUint256
FNDA:0,LibBytes.toUint256
DA:379,0
BRDA:379,9,0,-
BRDA:379,9,1,-
DA:380,0
DA:382,0
DA:385,0
DA:388,0
FN:391,LibBytes.toBytes32
FNDA:0,LibBytes.toBytes32
DA:392,0
BRDA:392,10,0,-
BRDA:392,10,1,-
DA:393,0
DA:395,0
DA:398,0
DA:401,0
FN:404,LibBytes.equal
FNDA:0,LibBytes.equal
DA:405,0
DA:444,0
FN:447,LibBytes.equalStorage
FNDA:0,LibBytes.equalStorage
DA:448,0
DA:512,0
FNF:14
FNH:0
LF:59
LH:0
BRF:22
BRH:0
end_of_record
TN:
SF:src/Libraries/LibDiamond.sol
FN:52,LibDiamond.diamondStorage
FNDA:9,LibDiamond.diamondStorage
DA:53,9
DA:56,9
FN:62,LibDiamond.setContractOwner
FNDA:1,LibDiamond.setContractOwner
DA:63,1
DA:64,1
DA:65,1
DA:66,1
FN:69,LibDiamond.contractOwner
FNDA:4,LibDiamond.contractOwner
DA:70,4
FN:73,LibDiamond.enforceIsContractOwner
FNDA:4,LibDiamond.enforceIsContractOwner
DA:74,4
BRDA:74,0,0,-
BRDA:74,0,1,4
FN:80,LibDiamond.diamondCut
FNDA:0,LibDiamond.diamondCut
DA:85,0
DA:86,0
DA:87,0
BRDA:87,1,0,-
BRDA:87,1,1,-
DA:88,0
DA:89,0
BRDA:89,2,0,-
BRDA:89,2,1,-
DA:90,0
DA:91,0
BRDA:91,3,0,-
BRDA:91,3,1,-
DA:92,0
DA:94,0
DA:97,0
DA:100,0
DA:101,0
FN:104,LibDiamond.addFunctions
FNDA:0,LibDiamond.addFunctions
DA:105,0
BRDA:105,4,0,-
BRDA:105,4,1,-
DA:106,0
DA:108,0
DA:109,0
BRDA:109,5,0,-
BRDA:109,5,1,-
DA:110,0
DA:112,0
DA:114,0
BRDA:114,6,0,-
BRDA:114,6,1,-
DA:115,0
DA:117,0
DA:118,0
DA:119,0
DA:120,0
BRDA:120,7,0,-
BRDA:120,7,1,-
DA:121,0
DA:123,0
DA:125,0
DA:126,0
FN:131,LibDiamond.replaceFunctions
FNDA:0,LibDiamond.replaceFunctions
DA:132,0
BRDA:132,8,0,-
BRDA:132,8,1,-
DA:133,0
DA:135,0
DA:136,0
BRDA:136,9,0,-
BRDA:136,9,1,-
DA:137,0
DA:139,0
DA:141,0
BRDA:141,10,0,-
BRDA:141,10,1,-
DA:142,0
DA:144,0
DA:145,0
DA:146,0
DA:147,0
BRDA:147,11,0,-
BRDA:147,11,1,-
DA:148,0
DA:150,0
DA:151,0
DA:153,0
DA:154,0
FN:159,LibDiamond.removeFunctions
FNDA:0,LibDiamond.removeFunctions
DA:160,0
BRDA:160,12,0,-
BRDA:160,12,1,-
DA:161,0
DA:163,0
DA:165,0
BRDA:165,13,0,-
BRDA:165,13,1,-
DA:166,0
DA:168,0
DA:169,0
DA:170,0
DA:171,0
DA:173,0
FN:178,LibDiamond.addFacet
FNDA:0,LibDiamond.addFacet
DA:179,0
DA:180,0
DA:181,0
FN:184,LibDiamond.addFunction
FNDA:0,LibDiamond.addFunction
DA:190,0
DA:191,0
DA:192,0
FN:195,LibDiamond.removeFunction
FNDA:0,LibDiamond.removeFunction
DA:200,0
BRDA:200,14,0,-
BRDA:200,14,1,-
DA:201,0
DA:204,0
BRDA:204,15,0,-
BRDA:204,15,1,-
DA:205,0
DA:208,0
DA:209,0
DA:211,0
BRDA:211,16,0,-
BRDA:211,16,1,-
DA:212,0
DA:213,0
DA:214,0
DA:217,0
DA:218,0
DA:221,0
BRDA:221,17,0,-
BRDA:221,17,1,-
DA:223,0
DA:224,0
DA:225,0
BRDA:225,18,0,-
BRDA:225,18,1,-
DA:226,0
DA:227,0
DA:228,0
DA:230,0
DA:231,0
FN:235,LibDiamond.initializeDiamondCut
FNDA:0,LibDiamond.initializeDiamondCut
DA:236,0
BRDA:236,19,0,-
BRDA:236,19,1,-
DA:237,0
BRDA:237,20,0,-
BRDA:237,20,1,-
DA:238,0
DA:241,0
BRDA:241,21,0,-
BRDA:241,21,1,-
DA:242,0
DA:244,0
BRDA:244,22,0,-
BRDA:244,22,1,-
DA:245,0
DA:248,0
DA:249,0
BRDA:249,23,0,-
BRDA:249,23,1,-
DA:250,0
BRDA:250,24,0,-
BRDA:250,24,1,-
DA:252,0
DA:254,0
FN:260,LibDiamond.enforceHasContractCode
FNDA:0,LibDiamond.enforceHasContractCode
DA:261,0
DA:264,0
DA:266,0
BRDA:266,25,0,-
BRDA:266,25,1,-
DA:267,0
FNF:13
FNH:4
LF:106
LH:8
BRF:52
BRH:1
end_of_record
TN:
SF:src/Libraries/LibMappings.sol
FN:32,LibMappings.getStargateMappings
FNDA:0,LibMappings.getStargateMappings
DA:33,0
DA:36,0
FN:41,LibMappings.getWormholeMappings
FNDA:0,LibMappings.getWormholeMappings
DA:42,0
DA:45,0
FN:50,LibMappings.getAmarokMappings
FNDA:0,LibMappings.getAmarokMappings
DA:51,0
DA:54,0
FNF:3
FNH:0
LF:6
LH:0
BRF:0
BRH:0
end_of_record
TN:
SF:src/Libraries/LibSwap.sol
FN:30,LibSwap.swap
FNDA:20,LibSwap.swap
DA:31,20
BRDA:31,0,0,-
BRDA:31,0,1,20
DA:32,20
DA:33,20
BRDA:33,1,0,-
BRDA:33,1,1,20
DA:34,20
DA:35,20
DA:36,20
DA:38,20
BRDA:38,2,0,17
BRDA:38,2,1,20
DA:39,17
DA:42,20
BRDA:42,3,0,-
BRDA:42,3,1,20
DA:43,0
DA:47,20
DA:48,20
BRDA:48,4,0,-
BRDA:48,4,1,20
DA:49,0
DA:50,0
DA:53,20
DA:55,20
FNF:1
FNH:1
LF:16
LH:13
BRF:10
BRH:6
end_of_record
TN:
SF:src/Libraries/LibUtil.sol
FN:9,LibUtil.getRevertMsg
FNDA:0,LibUtil.getRevertMsg
DA:11,0
BRDA:11,0,0,-
BRDA:11,0,1,-
DA:12,0
DA:13,0
FN:19,LibUtil.isZeroAddress
FNDA:1,LibUtil.isZeroAddress
DA:20,1
FNF:2
FNH:1
LF:4
LH:1
BRF:2
BRH:0
end_of_record
TN:
SF:src/Periphery/AxelarExecutor.sol
FN:41,AxelarExecutor.setAxelarGateway
FNDA:0,AxelarExecutor.setAxelarGateway
DA:42,0
DA:43,0
FN:51,AxelarExecutor._execute
FNDA:1,AxelarExecutor._execute
DA:57,1
DA:59,1
BRDA:59,0,0,-
BRDA:59,0,1,1
DA:60,1
BRDA:60,1,0,-
BRDA:60,1,1,1
DA:63,1
DA:65,1
DA:66,1
BRDA:66,2,0,-
BRDA:66,2,1,1
DA:67,1
FN:75,AxelarExecutor._executeWithToken
FNDA:1,AxelarExecutor._executeWithToken
DA:83,1
DA:84,1
DA:86,1
DA:88,1
DA:90,1
BRDA:90,3,0,-
BRDA:90,3,1,1
DA:91,0
DA:95,1
DA:96,1
DA:98,1
DA:99,1
BRDA:99,4,0,-
BRDA:99,4,1,1
DA:100,0
DA:104,1
DA:105,1
BRDA:105,5,0,-
BRDA:105,5,1,1
DA:106,0
FN:119,AxelarExecutor._handleFailedExecution
FNDA:0,AxelarExecutor._handleFailedExecution
DA:126,0
DA:127,0
DA:128,0
FNF:4
FNH:2
LF:26
LH:18
BRF:12
BRH:6
end_of_record
TN:
SF:src/Periphery/ERC20Proxy.sol
FN:28,ERC20Proxy.setAuthorizedCaller
FNDA:0,ERC20Proxy.setAuthorizedCaller
DA:29,0
DA:30,0
FN:38,ERC20Proxy.transferFrom
FNDA:1,ERC20Proxy.transferFrom
DA:44,1
BRDA:44,0,0,-
BRDA:44,0,1,1
DA:46,1
FNF:2
FNH:1
LF:4
LH:2
BRF:2
BRH:1
end_of_record
TN:
SF:src/Periphery/Executor.sol
FN:73,Executor.setERC20Proxy
FNDA:0,Executor.setERC20Proxy
DA:74,0
DA:75,0
FN:83,Executor.swapAndCompleteBridgeTokens
FNDA:4,Executor.swapAndCompleteBridgeTokens
DA:89,4
FN:98,Executor.swapAndExecute
FNDA:1,Executor.swapAndExecute
DA:105,1
FN:117,Executor._processSwaps
FNDA:5,Executor._processSwaps
DA:125,5
DA:126,5
DA:127,5
DA:128,5
BRDA:128,0,0,2
BRDA:128,0,1,3
DA:129,2
DA:131,3
DA:134,5
BRDA:134,1,0,-
BRDA:134,1,1,1
DA:135,4
DA:136,4
BRDA:136,2,0,-
BRDA:136,2,1,3
DA:137,3
DA:138,3
DA:140,1
DA:143,1
DA:146,5
DA:148,5
DA:149,5
BRDA:149,3,0,4
BRDA:149,3,1,5
DA:150,4
DA:153,5
DA:155,5
BRDA:155,4,0,1
BRDA:155,4,1,5
DA:156,1
DA:159,5
FN:172,Executor._executeSwaps
FNDA:5,Executor._executeSwaps
DA:177,3
DA:178,3
DA:179,18
BRDA:179,5,0,-
BRDA:179,5,1,2
DA:180,0
DA:183,18
DA:184,18
DA:186,18
FN:194,Executor._fetchBalances
FNDA:3,Executor._fetchBalances
DA:195,3
DA:196,3
DA:197,3
DA:198,3
DA:199,18
DA:200,18
DA:202,18
BRDA:202,6,0,-
BRDA:202,6,1,9
DA:203,9
DA:207,18
DA:211,3
FNF:6
FNH:5
LF:42
LH:39
BRF:14
BRH:10
end_of_record
TN:
SF:src/Periphery/FeeCollector.sol
FN:38,FeeCollector.collectTokenFees
FNDA:9,FeeCollector.collectTokenFees
DA:44,9
DA:45,9
DA:46,9
DA:47,9
FN:54,FeeCollector.collectNativeFees
FNDA:6,FeeCollector.collectNativeFees
DA:59,6
BRDA:59,0,0,-
BRDA:59,0,1,6
DA:60,6
DA:61,6
DA:62,6
DA:64,6
BRDA:64,1,0,-
BRDA:64,1,1,1
DA:65,1
DA:66,1
BRDA:66,2,0,-
BRDA:66,2,1,1
DA:67,0
DA:70,6
FN:75,FeeCollector.withdrawIntegratorFees
FNDA:2,FeeCollector.withdrawIntegratorFees
DA:76,2
DA:77,2
BRDA:77,3,0,1
BRDA:77,3,1,1
DA:78,1
DA:80,1
DA:81,1
DA:82,1
FN:87,FeeCollector.batchWithdrawIntegratorFees
FNDA:1,FeeCollector.batchWithdrawIntegratorFees
DA:88,1
DA:89,1
DA:90,1
DA:91,2
DA:92,2
BRDA:92,4,0,-
BRDA:92,4,1,2
DA:93,2
DA:94,2
DA:95,2
DA:98,2
FN:105,FeeCollector.withdrawLifiFees
FNDA:1,FeeCollector.withdrawLifiFees
DA:106,1
DA:107,1
BRDA:107,5,0,-
BRDA:107,5,1,1
DA:108,0
DA:110,1
DA:111,1
DA:112,1
FN:117,FeeCollector.batchWithdrawLifiFees
FNDA:1,FeeCollector.batchWithdrawLifiFees
DA:118,1
DA:119,1
DA:120,1
DA:121,2
DA:122,2
DA:123,2
DA:124,2
DA:126,2
FN:134,FeeCollector.getTokenBalance
FNDA:9,FeeCollector.getTokenBalance
DA:135,9
FN:140,FeeCollector.getLifiTokenBalance
FNDA:9,FeeCollector.getLifiTokenBalance
DA:141,9
FNF:8
FNH:8
LF:44
LH:42
BRF:12
BRH:7
end_of_record
TN:
SF:src/Periphery/FusePoolZap.sol
FN:56,FusePoolZap.zapIn
FNDA:2,FusePoolZap.zapIn
DA:61,2
BRDA:61,0,0,1
BRDA:61,0,1,1
DA:62,1
DA:65,1
BRDA:65,1,0,-
BRDA:65,1,1,1
DA:66,0
DA:69,1
DA:71,1
BRDA:71,2,0,-
BRDA:71,2,1,1
DA:72,0
DA:75,1
DA:77,1
DA:78,1
DA:79,1
DA:81,1
DA:82,1
DA:84,1
DA:86,1
DA:88,1
FN:93,FusePoolZap.zapIn
FNDA:2,FusePoolZap.zapIn
DA:94,2
BRDA:94,3,0,1
BRDA:94,3,1,1
DA:95,1
DA:98,1
BRDA:98,4,0,-
BRDA:98,4,1,1
DA:99,0
DA:102,1
DA:104,1
BRDA:104,5,0,-
BRDA:104,5,1,1
DA:105,0
DA:108,1
DA:111,1
DA:112,1
DA:114,1
DA:116,1
BRDA:116,6,0,-
BRDA:116,6,1,1
DA:117,0
DA:120,1
DA:122,1
FNF:2
FNH:2
LF:31
LH:26
BRF:14
BRH:9
end_of_record
TN:
SF:src/Periphery/Receiver.sol
FN:57,Receiver.setStargateRouter
FNDA:0,Receiver.setStargateRouter
DA:58,0
DA:59,0
FN:64,Receiver.setRecoverGas
FNDA:0,Receiver.setRecoverGas
DA:65,0
DA:66,0
FN:77,Receiver.sgReceive
FNDA:0,Receiver.sgReceive
DA:85,0
DA:90,0
BRDA:90,0,0,-
BRDA:90,0,1,-
DA:91,0
BRDA:91,1,0,-
BRDA:91,1,1,-
DA:92,0
DA:94,0
DA:97,0
DA:98,0
DA:101,0
FN:109,Receiver.swapAndCompleteBridgeTokens
FNDA:0,Receiver.swapAndCompleteBridgeTokens
DA:115,0
BRDA:115,2,0,-
BRDA:115,2,1,-
DA:116,0
DA:118,0
DA:119,0
DA:120,0
FN:128,Receiver.pullToken
FNDA:0,Receiver.pullToken
DA:133,0
BRDA:133,3,0,-
BRDA:133,3,1,-
DA:134,0
DA:136,0
FN:149,Receiver._swapAndCompleteBridgeTokens
FNDA:0,Receiver._swapAndCompleteBridgeTokens
DA:157,0
DA:158,0
DA:160,0
BRDA:160,4,0,-
BRDA:160,4,1,-
DA:162,0
DA:174,0
DA:175,0
DA:176,0
DA:179,0
DA:191,0
DA:194,0
BRDA:194,5,0,-
BRDA:194,5,1,-
DA:195,0
FNF:6
FNH:0
LF:31
LH:0
BRF:12
BRH:0
end_of_record
TN:
SF:test/solidity/Facets/AccessManagerFacet.t.sol
FN:13,RestrictedContract.restrictedMethod
FNDA:3,RestrictedContract.restrictedMethod
DA:14,3
DA:15,1
FNF:1
FNH:1
LF:2
LH:2
BRF:0
BRH:0
end_of_record
TN:
SF:test/solidity/Facets/AcrossFacet.t.sol
FN:22,TestAcrossFacet.addDex
FNDA:0,TestAcrossFacet.addDex
DA:23,0
FN:26,TestAcrossFacet.setFunctionApprovalBySignature
FNDA:0,TestAcrossFacet.setFunctionApprovalBySignature
DA:27,0
FNF:2
FNH:0
LF:2
LH:0
BRF:0
BRH:0
end_of_record
TN:
SF:test/solidity/Facets/AmarokFacet.t.sol
FN:22,TestAmarokFacet.addDex
FNDA:0,TestAmarokFacet.addDex
DA:23,0
FN:26,TestAmarokFacet.setFunctionApprovalBySignature
FNDA:0,TestAmarokFacet.setFunctionApprovalBySignature
DA:27,0
FNF:2
FNH:0
LF:2
LH:0
BRF:0
BRH:0
end_of_record
TN:
SF:test/solidity/Facets/ArbitrumBridgeFacet.t.sol
FN:20,TestArbitrumBridgeFacet.addDex
FNDA:0,TestArbitrumBridgeFacet.addDex
DA:21,0
FN:24,TestArbitrumBridgeFacet.setFunctionApprovalBySignature
FNDA:0,TestArbitrumBridgeFacet.setFunctionApprovalBySignature
DA:25,0
FNF:2
FNH:0
LF:2
LH:0
BRF:0
BRH:0
end_of_record
TN:
SF:test/solidity/Facets/CBridgeAndFeeCollection.t.sol
FN:21,TestCBridgeFacet.addDex
FNDA:0,TestCBridgeFacet.addDex
DA:22,0
FN:25,TestCBridgeFacet.setFunctionApprovalBySignature
FNDA:0,TestCBridgeFacet.setFunctionApprovalBySignature
DA:26,0
FNF:2
FNH:0
LF:2
LH:0
BRF:0
BRH:0
end_of_record
TN:
SF:test/solidity/Facets/CBridgeFacet.t.sol
FN:20,TestCBridgeFacet.addDex
FNDA:0,TestCBridgeFacet.addDex
DA:21,0
FN:24,TestCBridgeFacet.setFunctionApprovalBySignature
FNDA:0,TestCBridgeFacet.setFunctionApprovalBySignature
DA:25,0
FNF:2
FNH:0
LF:2
LH:0
BRF:0
BRH:0
end_of_record
TN:
SF:test/solidity/Facets/CBridgeFacetOptimized.t.sol
FN:12,TestCBridgeFacet.addDex
FNDA:0,TestCBridgeFacet.addDex
DA:13,0
FN:16,TestCBridgeFacet.setFunctionApprovalBySignature
FNDA:0,TestCBridgeFacet.setFunctionApprovalBySignature
DA:17,0
FNF:2
FNH:0
LF:2
LH:0
BRF:0
BRH:0
end_of_record
TN:
SF:test/solidity/Facets/GenericSwapFacet.t.sol
FN:17,TestGenericSwapFacet.addDex
FNDA:0,TestGenericSwapFacet.addDex
DA:18,0
FN:21,TestGenericSwapFacet.setFunctionApprovalBySignature
FNDA:0,TestGenericSwapFacet.setFunctionApprovalBySignature
DA:22,0
FNF:2
FNH:0
LF:2
LH:0
BRF:0
BRH:0
end_of_record
TN:
SF:test/solidity/Facets/GnosisBridgeFacet.t.sol
FN:20,TestGnosisBridgeFacet.addDex
FNDA:0,TestGnosisBridgeFacet.addDex
DA:21,0
FN:24,TestGnosisBridgeFacet.setFunctionApprovalBySignature
FNDA:0,TestGnosisBridgeFacet.setFunctionApprovalBySignature
DA:25,0
FNF:2
FNH:0
LF:2
LH:0
BRF:0
BRH:0
end_of_record
TN:
SF:test/solidity/Facets/HopFacet.t.sol
FN:17,TestHopFacet.addDex
FNDA:0,TestHopFacet.addDex
DA:18,0
FN:21,TestHopFacet.setFunctionApprovalBySignature
FNDA:0,TestHopFacet.setFunctionApprovalBySignature
DA:22,0
FNF:2
FNH:0
LF:2
LH:0
BRF:0
BRH:0
end_of_record
TN:
SF:test/solidity/Facets/HyphenFacet.t.sol
FN:20,TestHyphenFacet.addDex
FNDA:0,TestHyphenFacet.addDex
DA:21,0
FN:24,TestHyphenFacet.setFunctionApprovalBySignature
FNDA:0,TestHyphenFacet.setFunctionApprovalBySignature
DA:25,0
FNF:2
FNH:0
LF:2
LH:0
BRF:0
BRH:0
end_of_record
TN:
SF:test/solidity/Facets/MultichainFacet.t.sol
FN:17,TestMultichainFacet.addDex
FNDA:0,TestMultichainFacet.addDex
DA:18,0
FN:21,TestMultichainFacet.setFunctionApprovalBySignature
FNDA:0,TestMultichainFacet.setFunctionApprovalBySignature
DA:22,0
FNF:2
FNH:0
LF:2
LH:0
BRF:0
BRH:0
end_of_record
TN:
SF:test/solidity/Facets/OmniBridgeFacet.t.sol
FN:22,TestOmniBridgeFacet.addDex
FNDA:0,TestOmniBridgeFacet.addDex
DA:23,0
FN:26,TestOmniBridgeFacet.setFunctionApprovalBySignature
FNDA:0,TestOmniBridgeFacet.setFunctionApprovalBySignature
DA:27,0
FNF:2
FNH:0
LF:2
LH:0
BRF:0
BRH:0
end_of_record
TN:
SF:test/solidity/Facets/OptimismBridgeFacet.t.sol
FN:18,TestOptimismBridgeFacet.addDex
FNDA:0,TestOptimismBridgeFacet.addDex
DA:19,0
FN:22,TestOptimismBridgeFacet.setFunctionApprovalBySignature
FNDA:0,TestOptimismBridgeFacet.setFunctionApprovalBySignature
DA:23,0
FNF:2
FNH:0
LF:2
LH:0
BRF:0
BRH:0
end_of_record
TN:
SF:test/solidity/Facets/PolygonBridgeFacet.t.sol
FN:22,TestPolygonBridgeFacet.addDex
FNDA:0,TestPolygonBridgeFacet.addDex
DA:23,0
FN:26,TestPolygonBridgeFacet.setFunctionApprovalBySignature
FNDA:0,TestPolygonBridgeFacet.setFunctionApprovalBySignature
DA:27,0
FNF:2
FNH:0
LF:2
LH:0
BRF:0
BRH:0
end_of_record
TN:
SF:test/solidity/Facets/Receiver.t.sol
FN:30,ReceiverTest.fork
FNDA:0,ReceiverTest.fork
DA:31,0
DA:32,0
DA:33,0
FN:36,ReceiverTest.setUp
FNDA:0,ReceiverTest.setUp
DA:37,0
DA:39,0
DA:40,0
DA:41,0
DA:42,0
DA:44,0
DA:46,0
FNF:2
FNH:0
LF:10
LH:0
BRF:0
BRH:0
end_of_record
TN:
SF:test/solidity/Facets/StargateFacet.t.sol
FN:23,TestStargateFacet.addDex
FNDA:0,TestStargateFacet.addDex
DA:24,0
FN:27,TestStargateFacet.setFunctionApprovalBySignature
FNDA:0,TestStargateFacet.setFunctionApprovalBySignature
DA:28,0
FNF:2
FNH:0
LF:2
LH:0
BRF:0
BRH:0
end_of_record
TN:
SF:test/solidity/Helpers/SwapperV2.t.sol
FN:17,TestSwapperV2.doSwaps
FNDA:3,TestSwapperV2.doSwaps
DA:18,3
DA:26,3
DA:27,3
FN:30,TestSwapperV2.addDex
FNDA:0,TestSwapperV2.addDex
DA:31,0
FN:34,TestSwapperV2.setFunctionApprovalBySignature
FNDA:0,TestSwapperV2.setFunctionApprovalBySignature
DA:35,0
FNF:3
FNH:1
LF:5
LH:3
BRF:0
BRH:0
end_of_record
TN:
SF:test/solidity/Periphery/AxelarExecutor.t.sol
FN:13,Vault.deposit
FNDA:10,Vault.deposit
DA:14,10
FN:21,Setter.setMessage
FNDA:1,Setter.setMessage
DA:22,1
FN:29,MockGateway.validateContractCall
FNDA:1,MockGateway.validateContractCall
DA:35,1
FN:38,MockGateway.validateContractCallAndMint
FNDA:1,MockGateway.validateContractCallAndMint
DA:46,1
FN:49,MockGateway.setTokenAddress
FNDA:1,MockGateway.setTokenAddress
DA:50,1
FNF:5
FNH:5
LF:5
LH:5
BRF:0
BRH:0
end_of_record
TN:
SF:test/solidity/Periphery/Executor.t.sol
FN:17,Vault.deposit
FNDA:0,Vault.deposit
DA:18,0
FN:25,Setter.setMessage
FNDA:0,Setter.setMessage
DA:26,0
FN:33,MockGateway.validateContractCall
FNDA:0,MockGateway.validateContractCall
DA:39,0
FN:42,MockGateway.validateContractCallAndMint
FNDA:0,MockGateway.validateContractCallAndMint
DA:50,0
FN:53,MockGateway.setTokenAddress
FNDA:0,MockGateway.setTokenAddress
DA:54,0
FNF:5
FNH:0
LF:5
LH:0
BRF:0
BRH:0
end_of_record
TN:
SF:test/solidity/utils/Console.sol
FN:8,console._sendLogPayload
FNDA:0,console._sendLogPayload
DA:9,0
DA:10,0
FN:17,console.log
FNDA:0,console.log
DA:18,0
FN:21,console.logInt
FNDA:0,console.logInt
DA:22,0
FN:25,console.logUint
FNDA:0,console.logUint
DA:26,0
FN:29,console.logString
FNDA:0,console.logString
DA:30,0
FN:33,console.logBool
FNDA:0,console.logBool
DA:34,0
FN:37,console.logAddress
FNDA:0,console.logAddress
DA:38,0
FN:41,console.logBytes
FNDA:0,console.logBytes
DA:42,0
FN:45,console.logBytes1
FNDA:0,console.logBytes1
DA:46,0
FN:49,console.logBytes2
FNDA:0,console.logBytes2
DA:50,0
FN:53,console.logBytes3
FNDA:0,console.logBytes3
DA:54,0
FN:57,console.logBytes4
FNDA:0,console.logBytes4
DA:58,0
FN:61,console.logBytes5
FNDA:0,console.logBytes5
DA:62,0
FN:65,console.logBytes6
FNDA:0,console.logBytes6
DA:66,0
FN:69,console.logBytes7
FNDA:0,console.logBytes7
DA:70,0
FN:73,console.logBytes8
FNDA:0,console.logBytes8
DA:74,0
FN:77,console.logBytes9
FNDA:0,console.logBytes9
DA:78,0
FN:81,console.logBytes10
FNDA:0,console.logBytes10
DA:82,0
FN:85,console.logBytes11
FNDA:0,console.logBytes11
DA:86,0
FN:89,console.logBytes12
FNDA:0,console.logBytes12
DA:90,0
FN:93,console.logBytes13
FNDA:0,console.logBytes13
DA:94,0
FN:97,console.logBytes14
FNDA:0,console.logBytes14
DA:98,0
FN:101,console.logBytes15
FNDA:0,console.logBytes15
DA:102,0
FN:105,console.logBytes16
FNDA:0,console.logBytes16
DA:106,0
FN:109,console.logBytes17
FNDA:0,console.logBytes17
DA:110,0
FN:113,console.logBytes18
FNDA:0,console.logBytes18
DA:114,0
FN:117,console.logBytes19
FNDA:0,console.logBytes19
DA:118,0
FN:121,console.logBytes20
FNDA:0,console.logBytes20
DA:122,0
FN:125,console.logBytes21
FNDA:0,console.logBytes21
DA:126,0
FN:129,console.logBytes22
FNDA:0,console.logBytes22
DA:130,0
FN:133,console.logBytes23
FNDA:0,console.logBytes23
DA:134,0
FN:137,console.logBytes24
FNDA:0,console.logBytes24
DA:138,0
FN:141,console.logBytes25
FNDA:0,console.logBytes25
DA:142,0
FN:145,console.logBytes26
FNDA:0,console.logBytes26
DA:146,0
FN:149,console.logBytes27
FNDA:0,console.logBytes27
DA:150,0
FN:153,console.logBytes28
FNDA:0,console.logBytes28
DA:154,0
FN:157,console.logBytes29
FNDA:0,console.logBytes29
DA:158,0
FN:161,console.logBytes30
FNDA:0,console.logBytes30
DA:162,0
FN:165,console.logBytes31
FNDA:0,console.logBytes31
DA:166,0
FN:169,console.logBytes32
FNDA:0,console.logBytes32
DA:170,0
FN:173,console.log
FNDA:0,console.log
DA:174,0
DA:175,0
DA:177,0
FN:182,console.log
FNDA:0,console.log
DA:183,0
FN:186,console.log
FNDA:0,console.log
DA:187,0
DA:188,0
DA:190,0
FN:195,console.log
FNDA:0,console.log
DA:196,0
FN:199,console.log
FNDA:0,console.log
DA:200,0
DA:201,0
DA:203,0
FN:208,console.log
FNDA:0,console.log
DA:209,0
FN:212,console.log
FNDA:0,console.log
DA:213,0
DA:214,0
DA:216,0
FN:221,console.log
FNDA:0,console.log
DA:222,0
FN:225,console.log
FNDA:0,console.log
DA:226,0
DA:227,0
DA:229,0
FN:234,console.log
FNDA:0,console.log
DA:235,0
FN:238,console.log
FNDA:0,console.log
DA:239,0
FN:242,console.log
FNDA:0,console.log
DA:243,0
FN:246,console.log
FNDA:0,console.log
DA:247,0
FN:250,console.log
FNDA:0,console.log
DA:251,0
FN:254,console.log
FNDA:0,console.log
DA:255,0
FN:258,console.log
FNDA:0,console.log
DA:259,0
FN:262,console.log
FNDA:0,console.log
DA:263,0
FN:266,console.log
FNDA:0,console.log
DA:267,0
FN:270,console.log
FNDA:0,console.log
DA:271,0
FN:274,console.log
FNDA:0,console.log
DA:275,0
FN:278,console.log
FNDA:0,console.log
DA:279,0
FN:282,console.log
FNDA:0,console.log
DA:283,0
FN:286,console.log
FNDA:0,console.log
DA:287,0
FN:290,console.log
FNDA:0,console.log
DA:291,0
FN:294,console.log
FNDA:0,console.log
DA:295,0
FN:298,console.log
FNDA:0,console.log
DA:303,0
FN:306,console.log
FNDA:0,console.log
DA:311,0
FN:314,console.log
FNDA:0,console.log
DA:319,0
FN:322,console.log
FNDA:0,console.log
DA:327,0
FN:330,console.log
FNDA:0,console.log
DA:335,0
FN:338,console.log
FNDA:0,console.log
DA:343,0
FN:346,console.log
FNDA:0,console.log
DA:351,0
FN:354,console.log
FNDA:0,console.log
DA:359,0
FN:362,console.log
FNDA:0,console.log
DA:367,0
FN:370,console.log
FNDA:0,console.log
DA:375,0
FN:378,console.log
FNDA:0,console.log
DA:383,0
FN:386,console.log
FNDA:0,console.log
DA:391,0
FN:394,console.log
FNDA:0,console.log
DA:399,0
FN:402,console.log
FNDA:0,console.log
DA:407,0
FN:410,console.log
FNDA:0,console.log
DA:415,0
FN:418,console.log
FNDA:0,console.log
DA:423,0
FN:426,console.log
FNDA:0,console.log
DA:431,0
FN:434,console.log
FNDA:0,console.log
DA:439,0
FN:442,console.log
FNDA:0,console.log
DA:447,0
FN:450,console.log
FNDA:0,console.log
DA:455,0
FN:458,console.log
FNDA:0,console.log
DA:463,0
FN:466,console.log
FNDA:0,console.log
DA:471,0
FN:474,console.log
FNDA:0,console.log
DA:479,0
FN:482,console.log
FNDA:0,console.log
DA:487,0
FN:490,console.log
FNDA:0,console.log
DA:495,0
FN:498,console.log
FNDA:0,console.log
DA:503,0
FN:506,console.log
FNDA:0,console.log
DA:511,0
FN:514,console.log
FNDA:0,console.log
DA:519,0
FN:522,console.log
FNDA:0,console.log
DA:527,0
FN:530,console.log
FNDA:0,console.log
DA:535,0
FN:538,console.log
FNDA:0,console.log
DA:543,0
FN:546,console.log
FNDA:0,console.log
DA:551,0
FN:554,console.log
FNDA:0,console.log
DA:559,0
FN:562,console.log
FNDA:0,console.log
DA:567,0
FN:570,console.log
FNDA:0,console.log
DA:575,0
FN:578,console.log
FNDA:0,console.log
DA:583,0
FN:586,console.log
FNDA:0,console.log
DA:591,0
FN:594,console.log
FNDA:0,console.log
DA:599,0
FN:602,console.log
FNDA:0,console.log
DA:607,0
FN:610,console.log
FNDA:0,console.log
DA:615,0
FN:618,console.log
FNDA:0,console.log
DA:623,0
FN:626,console.log
FNDA:0,console.log
DA:631,0
FN:634,console.log
FNDA:0,console.log
DA:639,0
FN:642,console.log
FNDA:0,console.log
DA:647,0
FN:650,console.log
FNDA:0,console.log
DA:655,0
FN:658,console.log
FNDA:0,console.log
DA:663,0
FN:666,console.log
FNDA:0,console.log
DA:671,0
FN:674,console.log
FNDA:0,console.log
DA:679,0
FN:682,console.log
FNDA:0,console.log
DA:687,0
FN:690,console.log
FNDA:0,console.log
DA:695,0
FN:698,console.log
FNDA:0,console.log
DA:703,0
FN:706,console.log
FNDA:0,console.log
DA:711,0
FN:714,console.log
FNDA:0,console.log
DA:719,0
FN:722,console.log
FNDA:0,console.log
DA:727,0
FN:730,console.log
FNDA:0,console.log
DA:735,0
FN:738,console.log
FNDA:0,console.log
DA:743,0
FN:746,console.log
FNDA:0,console.log
DA:751,0
FN:754,console.log
FNDA:0,console.log
DA:759,0
FN:762,console.log
FNDA:0,console.log
DA:767,0
FN:770,console.log
FNDA:0,console.log
DA:775,0
FN:778,console.log
FNDA:0,console.log
DA:783,0
FN:786,console.log
FNDA:0,console.log
DA:791,0
FN:794,console.log
FNDA:0,console.log
DA:799,0
FN:802,console.log
FNDA:0,console.log
DA:807,0
FN:810,console.log
FNDA:0,console.log
DA:816,0
FN:819,console.log
FNDA:0,console.log
DA:825,0
FN:828,console.log
FNDA:0,console.log
DA:834,0
FN:837,console.log
FNDA:0,console.log
DA:843,0
FN:846,console.log
FNDA:0,console.log
DA:852,0
FN:855,console.log
FNDA:0,console.log
DA:861,0
FN:864,console.log
FNDA:0,console.log
DA:870,0
FN:873,console.log
FNDA:0,console.log
DA:879,0
FN:882,console.log
FNDA:0,console.log
DA:888,0
FN:891,console.log
FNDA:0,console.log
DA:897,0
FN:900,console.log
FNDA:0,console.log
DA:906,0
FN:909,console.log
FNDA:0,console.log
DA:915,0
FN:918,console.log
FNDA:0,console.log
DA:924,0
FN:927,console.log
FNDA:0,console.log
DA:933,0
FN:936,console.log
FNDA:0,console.log
DA:942,0
FN:945,console.log
FNDA:0,console.log
DA:951,0
FN:954,console.log
FNDA:0,console.log
DA:960,0
FN:963,console.log
FNDA:0,console.log
DA:969,0
FN:972,console.log
FNDA:0,console.log
DA:978,0
FN:981,console.log
FNDA:0,console.log
DA:987,0
FN:990,console.log
FNDA:0,console.log
DA:996,0
FN:999,console.log
FNDA:0,console.log
DA:1005,0
FN:1008,console.log
FNDA:0,console.log
DA:1014,0
FN:1017,console.log
FNDA:0,console.log
DA:1023,0
FN:1026,console.log
FNDA:0,console.log
DA:1032,0
FN:1035,console.log
FNDA:0,console.log
DA:1041,0
FN:1044,console.log
FNDA:0,console.log
DA:1050,0
FN:1053,console.log
FNDA:0,console.log
DA:1059,0
FN:1062,console.log
FNDA:0,console.log
DA:1068,0
FN:1071,console.log
FNDA:0,console.log
DA:1077,0
FN:1080,console.log
FNDA:0,console.log
DA:1086,0
FN:1089,console.log
FNDA:0,console.log
DA:1095,0
FN:1098,console.log
FNDA:0,console.log
DA:1104,0
FN:1107,console.log
FNDA:0,console.log
DA:1113,0
FN:1116,console.log
FNDA:0,console.log
DA:1122,0
FN:1125,console.log
FNDA:0,console.log
DA:1131,0
FN:1134,console.log
FNDA:0,console.log
DA:1140,0
FN:1143,console.log
FNDA:0,console.log
DA:1149,0
FN:1152,console.log
FNDA:0,console.log
DA:1158,0
FN:1161,console.log
FNDA:0,console.log
DA:1167,0
FN:1170,console.log
FNDA:0,console.log
DA:1176,0
FN:1179,console.log
FNDA:0,console.log
DA:1185,0
FN:1188,console.log
FNDA:0,console.log
DA:1194,0
FN:1197,console.log
FNDA:0,console.log
DA:1203,0
FN:1206,console.log
FNDA:0,console.log
DA:1212,0
FN:1215,console.log
FNDA:0,console.log
DA:1221,0
FN:1224,console.log
FNDA:0,console.log
DA:1230,0
FN:1233,console.log
FNDA:0,console.log
DA:1239,0
FN:1242,console.log
FNDA:0,console.log
DA:1248,0
FN:1251,console.log
FNDA:0,console.log
DA:1257,0
FN:1260,console.log
FNDA:0,console.log
DA:1266,0
FN:1269,console.log
FNDA:0,console.log
DA:1275,0
FN:1278,console.log
FNDA:0,console.log
DA:1284,0
FN:1287,console.log
FNDA:0,console.log
DA:1293,0
FN:1296,console.log
FNDA:0,console.log
DA:1302,0
FN:1305,console.log
FNDA:0,console.log
DA:1311,0
FN:1314,console.log
FNDA:0,console.log
DA:1320,0
FN:1323,console.log
FNDA:0,console.log
DA:1329,0
FN:1332,console.log
FNDA:0,console.log
DA:1338,0
FN:1341,console.log
FNDA:0,console.log
DA:1347,0
FN:1350,console.log
FNDA:0,console.log
DA:1356,0
FN:1359,console.log
FNDA:0,console.log
DA:1365,0
FN:1368,console.log
FNDA:0,console.log
DA:1374,0
FN:1377,console.log
FNDA:0,console.log
DA:1383,0
FN:1386,console.log
FNDA:0,console.log
DA:1392,0
FN:1395,console.log
FNDA:0,console.log
DA:1401,0
FN:1404,console.log
FNDA:0,console.log
DA:1410,0
FN:1413,console.log
FNDA:0,console.log
DA:1419,0
FN:1422,console.log
FNDA:0,console.log
DA:1428,0
FN:1431,console.log
FNDA:0,console.log
DA:1437,0
FN:1440,console.log
FNDA:0,console.log
DA:1446,0
FN:1449,console.log
FNDA:0,console.log
DA:1455,0
FN:1458,console.log
FNDA:0,console.log
DA:1464,0
FN:1467,console.log
FNDA:0,console.log
DA:1473,0
FN:1476,console.log
FNDA:0,console.log
DA:1482,0
FN:1485,console.log
FNDA:0,console.log
DA:1491,0
FN:1494,console.log
FNDA:0,console.log
DA:1500,0
FN:1503,console.log
FNDA:0,console.log
DA:1509,0
FN:1512,console.log
FNDA:0,console.log
DA:1518,0
FN:1521,console.log
FNDA:0,console.log
DA:1527,0
FN:1530,console.log
FNDA:0,console.log
DA:1536,0
FN:1539,console.log
FNDA:0,console.log
DA:1545,0
FN:1548,console.log
FNDA:0,console.log
DA:1554,0
FN:1557,console.log
FNDA:0,console.log
DA:1563,0
FN:1566,console.log
FNDA:0,console.log
DA:1572,0
FN:1575,console.log
FNDA:0,console.log
DA:1581,0
FN:1584,console.log
FNDA:0,console.log
DA:1590,0
FN:1593,console.log
FNDA:0,console.log
DA:1599,0
FN:1602,console.log
FNDA:0,console.log
DA:1608,0
FN:1611,console.log
FNDA:0,console.log
DA:1617,0
FN:1620,console.log
FNDA:0,console.log
DA:1626,0
FN:1629,console.log
FNDA:0,console.log
DA:1635,0
FN:1638,console.log
FNDA:0,console.log
DA:1644,0
FN:1647,console.log
FNDA:0,console.log
DA:1653,0
FN:1656,console.log
FNDA:0,console.log
DA:1662,0
FN:1665,console.log
FNDA:0,console.log
DA:1671,0
FN:1674,console.log
FNDA:0,console.log
DA:1680,0
FN:1683,console.log
FNDA:0,console.log
DA:1689,0
FN:1692,console.log
FNDA:0,console.log
DA:1698,0
FN:1701,console.log
FNDA:0,console.log
DA:1707,0
FN:1710,console.log
FNDA:0,console.log
DA:1716,0
FN:1719,console.log
FNDA:0,console.log
DA:1725,0
FN:1728,console.log
FNDA:0,console.log
DA:1734,0
FN:1737,console.log
FNDA:0,console.log
DA:1743,0
FN:1746,console.log
FNDA:0,console.log
DA:1752,0
FN:1755,console.log
FNDA:0,console.log
DA:1761,0
FN:1764,console.log
FNDA:0,console.log
DA:1770,0
FN:1773,console.log
FNDA:0,console.log
DA:1779,0
FN:1782,console.log
FNDA:0,console.log
DA:1788,0
FN:1791,console.log
FNDA:0,console.log
DA:1797,0
FN:1800,console.log
FNDA:0,console.log
DA:1806,0
FN:1809,console.log
FNDA:0,console.log
DA:1815,0
FN:1818,console.log
FNDA:0,console.log
DA:1824,0
FN:1827,console.log
FNDA:0,console.log
DA:1833,0
FN:1836,console.log
FNDA:0,console.log
DA:1842,0
FN:1845,console.log
FNDA:0,console.log
DA:1851,0
FN:1854,console.log
FNDA:0,console.log
DA:1860,0
FN:1863,console.log
FNDA:0,console.log
DA:1869,0
FN:1872,console.log
FNDA:0,console.log
DA:1878,0
FN:1881,console.log
FNDA:0,console.log
DA:1887,0
FN:1890,console.log
FNDA:0,console.log
DA:1896,0
FN:1899,console.log
FNDA:0,console.log
DA:1905,0
FN:1908,console.log
FNDA:0,console.log
DA:1914,0
FN:1917,console.log
FNDA:0,console.log
DA:1923,0
FN:1926,console.log
FNDA:0,console.log
DA:1932,0
FN:1935,console.log
FNDA:0,console.log
DA:1941,0
FN:1944,console.log
FNDA:0,console.log
DA:1950,0
FN:1953,console.log
FNDA:0,console.log
DA:1959,0
FN:1962,console.log
FNDA:0,console.log
DA:1968,0
FN:1971,console.log
FNDA:0,console.log
DA:1977,0
FN:1980,console.log
FNDA:0,console.log
DA:1986,0
FN:1989,console.log
FNDA:0,console.log
DA:1995,0
FN:1998,console.log
FNDA:0,console.log
DA:2004,0
FN:2007,console.log
FNDA:0,console.log
DA:2013,0
FN:2016,console.log
FNDA:0,console.log
DA:2022,0
FN:2025,console.log
FNDA:0,console.log
DA:2031,0
FN:2034,console.log
FNDA:0,console.log
DA:2040,0
FN:2043,console.log
FNDA:0,console.log
DA:2049,0
FN:2052,console.log
FNDA:0,console.log
DA:2058,0
FN:2061,console.log
FNDA:0,console.log
DA:2067,0
FN:2070,console.log
FNDA:0,console.log
DA:2076,0
FN:2079,console.log
FNDA:0,console.log
DA:2085,0
FN:2088,console.log
FNDA:0,console.log
DA:2094,0
FN:2097,console.log
FNDA:0,console.log
DA:2103,0
FN:2106,console.log
FNDA:0,console.log
DA:2112,0
FN:2115,console.log
FNDA:0,console.log
DA:2121,0
FN:2124,console.log
FNDA:0,console.log
DA:2130,0
FN:2133,console.log
FNDA:0,console.log
DA:2139,0
FN:2142,console.log
FNDA:0,console.log
DA:2148,0
FN:2151,console.log
FNDA:0,console.log
DA:2157,0
FN:2160,console.log
FNDA:0,console.log
DA:2166,0
FN:2169,console.log
FNDA:0,console.log
DA:2175,0
FN:2178,console.log
FNDA:0,console.log
DA:2184,0
FN:2187,console.log
FNDA:0,console.log
DA:2193,0
FN:2196,console.log
FNDA:0,console.log
DA:2202,0
FN:2205,console.log
FNDA:0,console.log
DA:2211,0
FN:2214,console.log
FNDA:0,console.log
DA:2220,0
FN:2223,console.log
FNDA:0,console.log
DA:2229,0
FN:2232,console.log
FNDA:0,console.log
DA:2238,0
FN:2241,console.log
FNDA:0,console.log
DA:2247,0
FN:2250,console.log
FNDA:0,console.log
DA:2256,0
FN:2259,console.log
FNDA:0,console.log
DA:2265,0
FN:2268,console.log
FNDA:0,console.log
DA:2274,0
FN:2277,console.log
FNDA:0,console.log
DA:2283,0
FN:2286,console.log
FNDA:0,console.log
DA:2292,0
FN:2295,console.log
FNDA:0,console.log
DA:2301,0
FN:2304,console.log
FNDA:0,console.log
DA:2310,0
FN:2313,console.log
FNDA:0,console.log
DA:2319,0
FN:2322,console.log
FNDA:0,console.log
DA:2328,0
FN:2331,console.log
FNDA:0,console.log
DA:2337,0
FN:2340,console.log
FNDA:0,console.log
DA:2346,0
FN:2349,console.log
FNDA:0,console.log
DA:2355,0
FN:2358,console.log
FNDA:0,console.log
DA:2364,0
FN:2367,console.log
FNDA:0,console.log
DA:2373,0
FN:2376,console.log
FNDA:0,console.log
DA:2382,0
FN:2385,console.log
FNDA:0,console.log
DA:2391,0
FN:2394,console.log
FNDA:0,console.log
DA:2400,0
FN:2403,console.log
FNDA:0,console.log
DA:2409,0
FN:2412,console.log
FNDA:0,console.log
DA:2418,0
FN:2421,console.log
FNDA:0,console.log
DA:2427,0
FN:2430,console.log
FNDA:0,console.log
DA:2436,0
FN:2439,console.log
FNDA:0,console.log
DA:2445,0
FN:2448,console.log
FNDA:0,console.log
DA:2454,0
FN:2457,console.log
FNDA:0,console.log
DA:2463,0
FN:2466,console.log
FNDA:0,console.log
DA:2472,0
FN:2475,console.log
FNDA:0,console.log
DA:2481,0
FN:2484,console.log
FNDA:0,console.log
DA:2490,0
FN:2493,console.log
FNDA:0,console.log
DA:2499,0
FN:2502,console.log
FNDA:0,console.log
DA:2508,0
FN:2511,console.log
FNDA:0,console.log
DA:2517,0
FN:2520,console.log
FNDA:0,console.log
DA:2526,0
FN:2529,console.log
FNDA:0,console.log
DA:2535,0
FN:2538,console.log
FNDA:0,console.log
DA:2544,0
FN:2547,console.log
FNDA:0,console.log
DA:2553,0
FN:2556,console.log
FNDA:0,console.log
DA:2562,0
FN:2565,console.log
FNDA:0,console.log
DA:2571,0
FN:2574,console.log
FNDA:0,console.log
DA:2580,0
FN:2583,console.log
FNDA:0,console.log
DA:2589,0
FN:2592,console.log
FNDA:0,console.log
DA:2598,0
FN:2601,console.log
FNDA:0,console.log
DA:2607,0
FN:2610,console.log
FNDA:0,console.log
DA:2616,0
FN:2619,console.log
FNDA:0,console.log
DA:2625,0
FN:2628,console.log
FNDA:0,console.log
DA:2634,0
FN:2637,console.log
FNDA:0,console.log
DA:2643,0
FN:2646,console.log
FNDA:0,console.log
DA:2652,0
FN:2655,console.log
FNDA:0,console.log
DA:2661,0
FN:2664,console.log
FNDA:0,console.log
DA:2670,0
FN:2673,console.log
FNDA:0,console.log
DA:2679,0
FN:2682,console.log
FNDA:0,console.log
DA:2688,0
FN:2691,console.log
FNDA:0,console.log
DA:2697,0
FN:2700,console.log
FNDA:0,console.log
DA:2706,0
FN:2709,console.log
FNDA:0,console.log
DA:2715,0
FN:2718,console.log
FNDA:0,console.log
DA:2724,0
FN:2727,console.log
FNDA:0,console.log
DA:2733,0
FN:2736,console.log
FNDA:0,console.log
DA:2742,0
FN:2745,console.log
FNDA:0,console.log
DA:2751,0
FN:2754,console.log
FNDA:0,console.log
DA:2760,0
FN:2763,console.log
FNDA:0,console.log
DA:2769,0
FN:2772,console.log
FNDA:0,console.log
DA:2778,0
FN:2781,console.log
FNDA:0,console.log
DA:2787,0
FN:2790,console.log
FNDA:0,console.log
DA:2796,0
FN:2799,console.log
FNDA:0,console.log
DA:2805,0
FN:2808,console.log
FNDA:0,console.log
DA:2814,0
FN:2817,console.log
FNDA:0,console.log
DA:2823,0
FN:2826,console.log
FNDA:0,console.log
DA:2832,0
FN:2835,console.log
FNDA:0,console.log
DA:2841,0
FN:2844,console.log
FNDA:0,console.log
DA:2850,0
FN:2853,console.log
FNDA:0,console.log
DA:2859,0
FN:2862,console.log
FNDA:0,console.log
DA:2868,0
FN:2871,console.log
FNDA:0,console.log
DA:2877,0
FN:2880,console.log
FNDA:0,console.log
DA:2886,0
FN:2889,console.log
FNDA:0,console.log
DA:2895,0
FN:2898,console.log
FNDA:0,console.log
DA:2904,0
FN:2907,console.log
FNDA:0,console.log
DA:2913,0
FN:2916,console.log
FNDA:0,console.log
DA:2922,0
FN:2925,console.log
FNDA:0,console.log
DA:2931,0
FN:2934,console.log
FNDA:0,console.log
DA:2940,0
FN:2943,console.log
FNDA:0,console.log
DA:2949,0
FN:2952,console.log
FNDA:0,console.log
DA:2958,0
FN:2961,console.log
FNDA:0,console.log
DA:2967,0
FN:2970,console.log
FNDA:0,console.log
DA:2976,0
FN:2979,console.log
FNDA:0,console.log
DA:2985,0
FN:2988,console.log
FNDA:0,console.log
DA:2994,0
FN:2997,console.log
FNDA:0,console.log
DA:3003,0
FN:3006,console.log
FNDA:0,console.log
DA:3012,0
FN:3015,console.log
FNDA:0,console.log
DA:3021,0
FN:3024,console.log
FNDA:0,console.log
DA:3030,0
FN:3033,console.log
FNDA:0,console.log
DA:3039,0
FN:3042,console.log
FNDA:0,console.log
DA:3048,0
FN:3051,console.log
FNDA:0,console.log
DA:3057,0
FN:3060,console.log
FNDA:0,console.log
DA:3066,0
FN:3069,console.log
FNDA:0,console.log
DA:3075,0
FN:3078,console.log
FNDA:0,console.log
DA:3084,0
FN:3087,console.log
FNDA:0,console.log
DA:3093,0
FN:3096,console.log
FNDA:0,console.log
DA:3102,0
FN:3105,console.log
FNDA:0,console.log
DA:3111,0
FNF:385
FNH:0
LF:396
LH:0
BRF:0
BRH:0
end_of_record
TN:
SF:test/solidity/utils/DiamondTest.sol
FN:13,DiamondTest.createDiamond
FNDA:0,DiamondTest.createDiamond
DA:14,0
DA:15,0
DA:16,0
DA:17,0
DA:19,0
DA:23,0
DA:24,0
DA:25,0
DA:26,0
DA:27,0
DA:28,0
DA:29,0
DA:39,0
DA:40,0
DA:41,0
DA:42,0
DA:43,0
DA:45,0
DA:53,0
DA:55,0
DA:57,0
FN:60,DiamondTest.addFacet
FNDA:0,DiamondTest.addFacet
DA:65,0
DA:73,0
DA:75,0
FNF:2
FNH:0
LF:24
LH:0
BRF:0
BRH:0
end_of_record
TN:
SF:test/solidity/utils/TestAMM.sol
FN:7,TestAMM.swap
FNDA:15,TestAMM.swap
DA:13,15
BRDA:13,0,0,-
BRDA:13,0,1,12
DA:14,12
DA:15,12
DA:17,3
DA:20,15
FNF:1
FNH:1
LF:5
LH:5
BRF:2
BRH:1
end_of_record
TN:
SF:test/solidity/utils/TestBase.sol
FN:37,ReentrancyChecker.callFacet
FNDA:0,ReentrancyChecker.callFacet
DA:38,0
DA:39,0
DA:40,0
DA:41,0
BRDA:41,0,0,-
BRDA:41,0,1,-
DA:42,0
FN:17,TestFacet.addDex
FNDA:0,TestFacet.addDex
DA:18,0
FN:21,TestFacet.setFunctionApprovalBySignature
FNDA:0,TestFacet.setFunctionApprovalBySignature
DA:22,0
FNF:3
FNH:0
LF:7
LH:0
BRF:2
BRH:0
end_of_record
TN:
SF:test/solidity/utils/TestToken.sol
FN:13,TestToken.mint
FNDA:25,TestToken.mint
DA:14,25
FN:17,TestToken.burn
FNDA:12,TestToken.burn
DA:18,12
FNF:2
FNH:2
LF:2
LH:2
BRF:0
BRH:0
end_of_record
TN:
SF:test/solidity/utils/Utilities.sol
FN:12,Utilities.getNextUserAddress
FNDA:0,Utilities.getNextUserAddress
DA:14,0
DA:15,0
DA:16,0
FN:20,Utilities.createUsers
FNDA:0,Utilities.createUsers
DA:21,0
DA:22,0
DA:23,0
DA:24,0
DA:25,0
DA:27,0
FN:31,Utilities.mineBlocks
FNDA:0,Utilities.mineBlocks
DA:32,0
DA:33,0
FNF:3
FNH:0
LF:11
LH:0
BRF:0
BRH:0
end_of_record
