TN:
SF:src/Facets/AccessManagerFacet.sol
FN:24,AccessManagerFacet.setCanExecute
FNDA:3,AccessManagerFacet.setCanExecute
DA:29,3
DA:29,3
DA:29,3
BRDA:29,0,0,-
BRDA:29,0,1,3
DA:30,0
DA:30,0
DA:32,3
DA:32,3
DA:33,3
DA:33,3
DA:36,3
BRDA:36,1,0,2
BRDA:36,1,1,1
DA:37,2
DA:37,2
DA:39,1
DA:39,1
FN:46,AccessManagerFacet.addressCanExecuteMethod
FNDA:0,AccessManagerFacet.addressCanExecuteMethod
DA:50,0
DA:50,0
FNF:2
FNH:1
LF:8
LH:6
BRF:4
BRH:3
end_of_record
TN:
SF:src/Facets/AcrossFacet.sol
FN:44,AcrossFacet.
FNDA:0,AcrossFacet.
DA:45,0
DA:45,0
DA:46,0
DA:46,0
FN:54,AcrossFacet.startBridgeTokensViaAcross
FNDA:266,AcrossFacet.startBridgeTokensViaAcross
DA:66,261
DA:66,261
DA:70,259
DA:70,259
FN:77,AcrossFacet.swapAndStartBridgeTokensViaAcross
FNDA:6,AcrossFacet.swapAndStartBridgeTokensViaAcross
DA:90,3
DA:90,3
DA:96,2
DA:96,2
FN:104,AcrossFacet._startBridge
FNDA:261,AcrossFacet._startBridge
DA:108,261
DA:108,261
BRDA:108,0,0,-
BRDA:108,0,1,2
DA:109,2
DA:109,2
DA:120,259
DA:120,259
DA:125,259
DA:125,259
DA:137,261
DA:137,261
FNF:4
FNH:3
LF:11
LH:9
BRF:2
BRH:1
end_of_record
TN:
SF:src/Facets/AcrossFacetPacked.sol
FN:47,AcrossFacetPacked.
FNDA:0,AcrossFacetPacked.
DA:52,0
DA:52,0
DA:53,0
DA:53,0
FN:61,AcrossFacetPacked.setApprovalForBridge
FNDA:19,AcrossFacetPacked.setApprovalForBridge
DA:64,19
DA:64,19
DA:64,57
DA:64,38
DA:66,38
DA:66,38
FN:76,AcrossFacetPacked.startBridgeTokensViaAcrossNativePacked
FNDA:2,AcrossFacetPacked.startBridgeTokensViaAcrossNativePacked
DA:78,2
DA:78,2
DA:78,2
DA:81,2
DA:81,2
DA:92,2
DA:92,2
FN:103,AcrossFacetPacked.startBridgeTokensViaAcrossNativeMin
FNDA:2,AcrossFacetPacked.startBridgeTokensViaAcrossNativeMin
DA:113,2
DA:113,2
DA:124,2
DA:124,2
FN:129,AcrossFacetPacked.startBridgeTokensViaAcrossERC20Packed
FNDA:4,AcrossFacetPacked.startBridgeTokensViaAcrossERC20Packed
DA:130,4
DA:130,4
DA:130,4
DA:131,4
DA:131,4
DA:131,4
DA:134,4
DA:134,4
DA:141,4
DA:141,4
DA:141,4
DA:144,4
DA:144,4
DA:155,4
DA:155,4
FN:168,AcrossFacetPacked.startBridgeTokensViaAcrossERC20Min
FNDA:4,AcrossFacetPacked.startBridgeTokensViaAcrossERC20Min
DA:180,4
DA:180,4
DA:187,4
DA:187,4
DA:198,4
DA:198,4
FN:209,AcrossFacetPacked.encode_startBridgeTokensViaAcrossNativePacked
FNDA:20,AcrossFacetPacked.encode_startBridgeTokensViaAcrossNativePacked
DA:220,20
DA:220,20
BRDA:220,0,0,1
BRDA:220,0,1,19
DA:225,19
DA:225,19
DA:226,19
DA:226,19
FN:250,AcrossFacetPacked.encode_startBridgeTokensViaAcrossERC20Packed
FNDA:40,AcrossFacetPacked.encode_startBridgeTokensViaAcrossERC20Packed
DA:263,40
DA:263,40
BRDA:263,1,0,1
BRDA:263,1,1,39
DA:268,39
DA:268,39
BRDA:268,2,0,1
BRDA:268,2,1,38
DA:273,38
DA:273,38
DA:274,38
DA:274,38
FN:292,AcrossFacetPacked.decode_startBridgeTokensViaAcrossNativePacked
FNDA:1,AcrossFacetPacked.decode_startBridgeTokensViaAcrossNativePacked
DA:302,1
DA:302,1
BRDA:302,3,0,-
BRDA:302,3,1,1
DA:308,1
DA:308,1
DA:308,1
DA:311,1
DA:311,1
DA:312,1
DA:312,1
DA:313,1
DA:313,1
DA:316,1
DA:316,1
DA:317,1
DA:317,1
DA:318,1
DA:318,1
DA:319,1
DA:319,1
DA:321,1
DA:321,1
FN:326,AcrossFacetPacked.decode_startBridgeTokensViaAcrossERC20Packed
FNDA:1,AcrossFacetPacked.decode_startBridgeTokensViaAcrossERC20Packed
DA:336,1
DA:336,1
BRDA:336,4,0,-
BRDA:336,4,1,1
DA:342,1
DA:342,1
DA:342,1
DA:344,1
DA:344,1
DA:345,1
DA:345,1
DA:346,1
DA:346,1
DA:347,1
DA:347,1
DA:348,1
DA:348,1
DA:351,1
DA:351,1
DA:352,1
DA:352,1
DA:353,1
DA:353,1
DA:354,1
DA:354,1
DA:356,1
DA:356,1
FN:365,AcrossFacetPacked.executeCallAndWithdraw
FNDA:2,AcrossFacetPacked.executeCallAndWithdraw
DA:374,1
DA:374,1
DA:374,1
DA:377,1
BRDA:377,5,0,1
BRDA:377,5,1,-
DA:379,1
DA:379,1
DA:380,1
DA:380,1
DA:383,0
DA:383,0
FNF:11
FNH:10
LF:52
LH:49
BRF:12
BRH:9
end_of_record
TN:
SF:src/Facets/AllBridgeFacet.sol
FN:40,AllBridgeFacet.
FNDA:0,AllBridgeFacet.
DA:41,0
DA:41,0
FN:46,AllBridgeFacet.startBridgeTokensViaAllBridge
FNDA:8,AllBridgeFacet.startBridgeTokensViaAllBridge
DA:58,3
DA:58,3
DA:62,2
DA:62,2
FN:69,AllBridgeFacet.swapAndStartBridgeTokensViaAllBridge
FNDA:6,AllBridgeFacet.swapAndStartBridgeTokensViaAllBridge
DA:82,3
DA:82,3
DA:88,2
DA:88,2
FN:94,AllBridgeFacet._startBridge
FNDA:4,AllBridgeFacet._startBridge
DA:98,4
DA:98,4
DA:104,4
BRDA:104,0,0,-
BRDA:104,0,1,2
DA:105,2
DA:105,2
DA:116,2
DA:116,2
DA:128,4
DA:128,4
FNF:4
FNH:3
LF:10
LH:9
BRF:2
BRH:1
end_of_record
TN:
SF:src/Facets/AmarokFacet.sol
FN:43,AmarokFacet.
FNDA:0,AmarokFacet.
DA:44,0
DA:44,0
FN:52,AmarokFacet.startBridgeTokensViaAmarok
FNDA:265,AmarokFacet.startBridgeTokensViaAmarok
DA:64,261
DA:64,261
DA:66,260
DA:66,260
DA:71,259
DA:71,259
FN:78,AmarokFacet.swapAndStartBridgeTokensViaAmarok
FNDA:6,AmarokFacet.swapAndStartBridgeTokensViaAmarok
DA:91,3
DA:91,3
DA:93,3
DA:93,3
DA:101,2
DA:101,2
FN:109,AmarokFacet._startBridge
FNDA:261,AmarokFacet._startBridge
DA:114,261
DA:114,261
DA:121,261
BRDA:121,0,0,-
BRDA:121,0,1,2
DA:122,2
DA:122,2
DA:133,259
DA:133,259
DA:144,261
DA:144,261
FN:147,AmarokFacet.validateDestinationCallFlag
FNDA:264,AmarokFacet.validateDestinationCallFlag
DA:152,264
DA:152,264
BRDA:151,1,0,1
BRDA:151,1,1,263
DA:154,1
DA:154,1
FNF:5
FNH:4
LF:14
LH:13
BRF:4
BRH:3
end_of_record
TN:
SF:src/Facets/AmarokFacetPacked.sol
FN:33,AmarokFacetPacked.
FNDA:0,AmarokFacetPacked.
DA:37,0
DA:37,0
FN:45,AmarokFacetPacked.setApprovalForBridge
FNDA:13,AmarokFacetPacked.setApprovalForBridge
DA:48,13
DA:48,13
DA:50,13
DA:50,13
DA:50,39
DA:50,26
DA:52,26
DA:52,26
FN:62,AmarokFacetPacked.startBridgeTokensViaAmarokERC20PackedPayFeeWithAsset
FNDA:2,AmarokFacetPacked.startBridgeTokensViaAmarokERC20PackedPayFeeWithAsset
DA:64,2
DA:64,2
DA:64,2
DA:65,2
DA:65,2
DA:65,2
DA:66,2
DA:66,2
DA:66,2
DA:67,2
DA:67,2
DA:67,2
DA:70,2
DA:70,2
DA:77,2
DA:77,2
DA:88,2
DA:88,2
FN:91,AmarokFacetPacked.startBridgeTokensViaAmarokERC20PackedPayFeeWithNative
FNDA:2,AmarokFacetPacked.startBridgeTokensViaAmarokERC20PackedPayFeeWithNative
DA:96,2
DA:96,2
DA:96,2
DA:97,2
DA:97,2
DA:97,2
DA:98,2
DA:98,2
DA:98,2
DA:101,2
DA:101,2
DA:108,2
DA:108,2
DA:118,2
DA:118,2
FN:129,AmarokFacetPacked.startBridgeTokensViaAmarokERC20MinPayFeeWithAsset
FNDA:2,AmarokFacetPacked.startBridgeTokensViaAmarokERC20MinPayFeeWithAsset
DA:139,2
DA:139,2
DA:146,2
DA:146,2
DA:157,2
DA:157,2
FN:167,AmarokFacetPacked.startBridgeTokensViaAmarokERC20MinPayFeeWithNative
FNDA:2,AmarokFacetPacked.startBridgeTokensViaAmarokERC20MinPayFeeWithNative
DA:176,2
DA:176,2
DA:183,2
DA:183,2
DA:193,2
DA:193,2
FN:204,AmarokFacetPacked.encode_startBridgeTokensViaAmarokERC20PackedPayFeeWithAsset
FNDA:16,AmarokFacetPacked.encode_startBridgeTokensViaAmarokERC20PackedPayFeeWithAsset
DA:213,16
DA:213,16
BRDA:213,0,0,1
BRDA:213,0,1,15
DA:217,15
DA:217,15
BRDA:217,1,0,1
BRDA:217,1,1,14
DA:221,14
DA:221,14
BRDA:221,2,0,1
BRDA:221,2,1,13
DA:226,13
DA:226,13
DA:227,13
DA:227,13
FN:248,AmarokFacetPacked.encode_startBridgeTokensViaAmarokERC20PackedPayFeeWithNative
FNDA:15,AmarokFacetPacked.encode_startBridgeTokensViaAmarokERC20PackedPayFeeWithNative
DA:256,15
DA:256,15
BRDA:256,3,0,1
BRDA:256,3,1,14
DA:260,14
DA:260,14
BRDA:260,4,0,1
BRDA:260,4,1,13
DA:265,13
DA:265,13
DA:266,13
DA:266,13
FN:281,AmarokFacetPacked.decode_startBridgeTokensViaAmarokERC20PackedPayFeeWithAsset
FNDA:1,AmarokFacetPacked.decode_startBridgeTokensViaAmarokERC20PackedPayFeeWithAsset
DA:288,1
DA:288,1
BRDA:288,5,0,-
BRDA:288,5,1,1
DA:293,1
DA:293,1
DA:294,1
DA:294,1
DA:296,1
DA:296,1
DA:296,1
DA:298,1
DA:298,1
DA:299,1
DA:299,1
DA:300,1
DA:300,1
DA:301,1
DA:301,1
DA:302,1
DA:302,1
DA:304,1
DA:304,1
DA:305,1
DA:305,1
DA:306,1
DA:306,1
DA:307,1
DA:307,1
DA:308,1
DA:308,1
DA:309,1
DA:309,1
DA:310,1
DA:310,1
DA:312,1
DA:312,1
FN:317,AmarokFacetPacked.decode_startBridgeTokensViaAmarokERC20PackedPayFeeWithNative
FNDA:1,AmarokFacetPacked.decode_startBridgeTokensViaAmarokERC20PackedPayFeeWithNative
DA:324,1
DA:324,1
BRDA:324,6,0,-
BRDA:324,6,1,1
DA:329,1
DA:329,1
DA:330,1
DA:330,1
DA:332,1
DA:332,1
DA:332,1
DA:334,1
DA:334,1
DA:335,1
DA:335,1
DA:336,1
DA:336,1
DA:337,1
DA:337,1
DA:338,1
DA:338,1
DA:340,1
DA:340,1
DA:341,1
DA:341,1
DA:342,1
DA:342,1
DA:343,1
DA:343,1
DA:346,1
DA:346,1
DA:347,1
DA:347,1
DA:349,1
DA:349,1
FN:352,AmarokFacetPacked.getChainIdForDomain
FNDA:0,AmarokFacetPacked.getChainIdForDomain
DA:355,2
DA:355,2
BRDA:355,7,0,-
BRDA:355,7,1,2
DA:355,0
DA:357,2
DA:357,2
BRDA:357,8,0,-
BRDA:357,8,1,2
DA:357,0
DA:359,2
DA:359,2
BRDA:359,9,0,2
BRDA:359,9,1,-
DA:359,2
DA:361,0
DA:361,0
BRDA:361,10,0,-
BRDA:361,10,1,-
DA:361,0
DA:363,0
DA:363,0
BRDA:363,11,0,-
BRDA:363,11,1,-
DA:363,0
DA:365,0
DA:365,0
BRDA:365,12,0,-
BRDA:365,12,1,-
DA:365,0
DA:367,0
DA:367,0
BRDA:367,13,0,-
BRDA:367,13,1,-
DA:367,0
FNF:11
FNH:9
LF:72
LH:67
BRF:28
BRH:15
end_of_record
TN:
SF:src/Facets/ArbitrumBridgeFacet.sol
FN:46,ArbitrumBridgeFacet.
FNDA:0,ArbitrumBridgeFacet.
DA:47,0
DA:47,0
DA:48,0
DA:48,0
FN:56,ArbitrumBridgeFacet.startBridgeTokensViaArbitrumBridge
FNDA:265,ArbitrumBridgeFacet.startBridgeTokensViaArbitrumBridge
DA:68,260
DA:68,260
DA:68,260
DA:69,260
DA:69,260
DA:72,260
DA:72,260
DA:77,259
DA:77,259
FN:84,ArbitrumBridgeFacet.swapAndStartBridgeTokensViaArbitrumBridge
FNDA:6,ArbitrumBridgeFacet.swapAndStartBridgeTokensViaArbitrumBridge
DA:97,3
DA:97,3
DA:97,3
DA:98,3
DA:98,3
DA:101,3
DA:101,3
DA:109,2
DA:109,2
FN:118,ArbitrumBridgeFacet._startBridge
FNDA:261,ArbitrumBridgeFacet._startBridge
DA:123,261
DA:123,261
BRDA:123,0,0,-
BRDA:123,0,1,2
DA:124,2
DA:124,2
DA:137,259
DA:137,259
DA:142,259
DA:142,259
DA:152,261
DA:152,261
FNF:4
FNH:3
LF:15
LH:13
BRF:2
BRH:1
end_of_record
TN:
SF:src/Facets/CBridgeFacet.sol
FN:47,CBridgeFacet.
FNDA:0,CBridgeFacet.
DA:48,0
DA:48,0
FN:56,CBridgeFacet.startBridgeTokensViaCBridge
FNDA:268,CBridgeFacet.startBridgeTokensViaCBridge
DA:68,263
DA:68,263
DA:72,261
DA:72,261
FN:79,CBridgeFacet.swapAndStartBridgeTokensViaCBridge
FNDA:14,CBridgeFacet.swapAndStartBridgeTokensViaCBridge
DA:92,10
DA:92,10
DA:98,9
DA:98,9
FN:107,CBridgeFacet.triggerRefund
FNDA:0,CBridgeFacet.triggerRefund
DA:114,0
DA:114,0
DA:114,0
BRDA:114,0,0,-
BRDA:114,0,1,-
DA:115,0
DA:115,0
DA:119,0
DA:119,0
DA:119,0
BRDA:119,1,0,-
BRDA:119,1,1,-
DA:120,0
DA:120,0
DA:124,0
DA:124,0
DA:125,0
DA:125,0
DA:126,0
DA:126,0
BRDA:126,2,0,-
BRDA:126,2,1,-
DA:127,0
DA:127,0
DA:131,0
DA:131,0
DA:131,0
DA:132,0
DA:132,0
DA:133,0
DA:133,0
FN:141,CBridgeFacet._startBridge
FNDA:270,CBridgeFacet._startBridge
DA:145,270
DA:145,270
BRDA:145,3,0,-
BRDA:145,3,1,4
DA:146,4
DA:146,4
DA:155,266
DA:155,266
DA:161,266
DA:161,266
DA:171,270
DA:171,270
FNF:5
FNH:3
LF:21
LH:9
BRF:8
BRH:1
end_of_record
TN:
SF:src/Facets/CBridgeFacetPacked.sol
FN:40,CBridgeFacetPacked.
FNDA:0,CBridgeFacetPacked.
DA:44,0
DA:44,0
FN:52,CBridgeFacetPacked.setApprovalForBridge
FNDA:28,CBridgeFacetPacked.setApprovalForBridge
DA:55,28
DA:55,28
DA:55,70
DA:55,42
DA:57,42
DA:57,42
FN:74,CBridgeFacetPacked.triggerRefund
FNDA:1,CBridgeFacetPacked.triggerRefund
DA:82,1
DA:82,1
DA:82,1
BRDA:82,0,0,-
BRDA:82,0,1,1
DA:83,0
DA:83,0
DA:87,1
DA:87,1
DA:88,1
DA:88,1
DA:89,1
DA:89,1
BRDA:89,1,0,-
BRDA:89,1,1,1
DA:90,0
DA:90,0
DA:94,1
DA:94,1
DA:94,1
DA:95,1
DA:95,1
DA:96,1
DA:96,1
FN:101,CBridgeFacetPacked.startBridgeTokensViaCBridgeNativePacked
FNDA:6,CBridgeFacetPacked.startBridgeTokensViaCBridgeNativePacked
DA:102,6
DA:102,6
DA:110,6
DA:110,6
FN:119,CBridgeFacetPacked.startBridgeTokensViaCBridgeNativeMin
FNDA:3,CBridgeFacetPacked.startBridgeTokensViaCBridgeNativeMin
DA:126,3
DA:126,3
DA:134,3
DA:134,3
FN:139,CBridgeFacetPacked.startBridgeTokensViaCBridgeERC20Packed
FNDA:8,CBridgeFacetPacked.startBridgeTokensViaCBridgeERC20Packed
DA:140,8
DA:140,8
DA:140,8
DA:141,8
DA:141,8
DA:141,8
DA:144,8
DA:144,8
DA:152,8
DA:152,8
DA:161,8
DA:161,8
FN:172,CBridgeFacetPacked.startBridgeTokensViaCBridgeERC20Min
FNDA:4,CBridgeFacetPacked.startBridgeTokensViaCBridgeERC20Min
DA:182,4
DA:182,4
DA:190,4
DA:190,4
DA:199,4
DA:199,4
FN:210,CBridgeFacetPacked.encode_startBridgeTokensViaCBridgeNativePacked
FNDA:33,CBridgeFacetPacked.encode_startBridgeTokensViaCBridgeNativePacked
DA:217,33
DA:217,33
BRDA:217,2,0,1
BRDA:217,2,1,32
DA:221,32
DA:221,32
BRDA:221,3,0,1
BRDA:221,3,1,31
DA:226,31
DA:226,31
DA:227,31
DA:227,31
FN:241,CBridgeFacetPacked.decode_startBridgeTokensViaCBridgeNativePacked
FNDA:1,CBridgeFacetPacked.decode_startBridgeTokensViaCBridgeNativePacked
DA:248,1
DA:248,1
BRDA:248,4,0,-
BRDA:248,4,1,1
DA:253,1
DA:253,1
DA:254,1
DA:254,1
DA:256,1
DA:256,1
DA:257,1
DA:257,1
DA:258,1
DA:258,1
DA:259,1
DA:259,1
DA:260,1
DA:260,1
DA:262,1
DA:262,1
FN:273,CBridgeFacetPacked.encode_startBridgeTokensViaCBridgeERC20Packed
FNDA:49,CBridgeFacetPacked.encode_startBridgeTokensViaCBridgeERC20Packed
DA:282,49
DA:282,49
BRDA:282,5,0,1
BRDA:282,5,1,48
DA:286,48
DA:286,48
BRDA:286,6,0,1
BRDA:286,6,1,47
DA:290,47
DA:290,47
BRDA:290,7,0,1
BRDA:290,7,1,46
DA:295,46
DA:295,46
DA:296,46
DA:296,46
FN:310,CBridgeFacetPacked.decode_startBridgeTokensViaCBridgeERC20Packed
FNDA:1,CBridgeFacetPacked.decode_startBridgeTokensViaCBridgeERC20Packed
DA:317,1
DA:317,1
BRDA:317,8,0,-
BRDA:317,8,1,1
DA:319,1
DA:319,1
DA:320,1
DA:320,1
DA:322,1
DA:322,1
DA:323,1
DA:323,1
DA:324,1
DA:324,1
DA:325,1
DA:325,1
DA:326,1
DA:326,1
DA:327,1
DA:327,1
DA:328,1
DA:328,1
DA:330,1
DA:330,1
FNF:11
FNH:10
LF:53
LH:50
BRF:18
BRH:14
end_of_record
TN:
SF:src/Facets/CalldataVerificationFacet.sol
FN:22,CalldataVerificationFacet.extractBridgeData
FNDA:3,CalldataVerificationFacet.extractBridgeData
DA:25,3
DA:25,3
FN:31,CalldataVerificationFacet.extractSwapData
FNDA:4,CalldataVerificationFacet.extractSwapData
DA:34,4
DA:34,4
FN:41,CalldataVerificationFacet.extractData
FNDA:6,CalldataVerificationFacet.extractData
DA:51,6
DA:51,6
DA:52,6
BRDA:52,0,0,2
BRDA:52,0,1,6
DA:53,2
DA:53,2
FN:66,CalldataVerificationFacet.extractMainParameters
FNDA:6,CalldataVerificationFacet.extractMainParameters
DA:81,10
DA:81,10
DA:81,10
DA:83,10
BRDA:83,1,0,-
BRDA:83,1,1,2
DA:84,2
DA:84,2
DA:84,2
DA:85,2
DA:85,2
DA:86,2
DA:86,2
DA:88,8
DA:88,8
DA:89,8
DA:89,8
DA:92,10
DA:92,10
FN:106,CalldataVerificationFacet.extractNonEVMAddress
FNDA:4,CalldataVerificationFacet.extractNonEVMAddress
DA:109,4
DA:109,4
DA:110,4
DA:110,4
DA:110,4
DA:113,4
DA:113,4
DA:113,4
BRDA:112,2,0,2
BRDA:112,2,1,4
DA:116,2
DA:116,2
DA:120,4
BRDA:120,3,0,2
BRDA:120,3,1,2
DA:123,2
DA:123,2
DA:128,2
DA:128,2
FN:140,CalldataVerificationFacet.extractGenericSwapParameters
FNDA:2,CalldataVerificationFacet.extractGenericSwapParameters
DA:153,2
DA:153,2
DA:154,2
DA:154,2
DA:157,2
DA:157,2
DA:157,2
BRDA:156,4,0,1
BRDA:156,4,1,2
DA:160,1
DA:160,1
DA:162,2
DA:162,2
DA:167,2
DA:167,2
DA:168,2
DA:168,2
DA:169,2
DA:169,2
DA:170,2
DA:170,2
FN:192,CalldataVerificationFacet.validateCalldata
FNDA:4,CalldataVerificationFacet.validateCalldata
DA:202,4
DA:202,4
DA:203,4
DA:203,4
DA:212,4
DA:212,4
DA:214,4
DA:214,4
DA:214,4
DA:214,4
DA:214,4
DA:214,4
DA:214,4
DA:230,2
DA:230,2
DA:232,2
DA:232,2
FN:240,CalldataVerificationFacet.validateDestinationCalldata
FNDA:18,CalldataVerificationFacet.validateDestinationCalldata
DA:245,18
DA:245,18
DA:249,18
DA:249,18
DA:249,18
BRDA:248,5,0,9
BRDA:248,5,1,18
DA:251,9
DA:251,9
DA:254,18
DA:254,18
DA:254,18
DA:257,18
DA:257,18
BRDA:257,6,0,2
BRDA:257,6,1,4
DA:258,4
DA:258,4
DA:258,4
DA:263,4
DA:263,4
DA:264,4
DA:264,4
DA:264,4
DA:264,4
DA:264,4
DA:265,2
DA:265,2
DA:265,2
DA:268,14
DA:268,14
BRDA:267,7,0,2
BRDA:267,7,1,2
DA:270,2
DA:270,2
DA:270,2
DA:274,2
DA:274,2
DA:275,2
DA:275,2
DA:275,2
DA:275,2
DA:275,2
DA:276,2
DA:276,2
DA:276,2
DA:280,12
DA:280,12
BRDA:280,8,0,2
BRDA:280,8,1,4
DA:281,4
DA:281,4
DA:281,4
DA:285,4
DA:285,4
DA:286,4
DA:286,4
DA:286,4
DA:286,4
DA:286,4
DA:287,2
DA:287,2
DA:287,2
DA:287,2
DA:290,8
DA:290,8
BRDA:289,9,0,2
BRDA:289,9,1,2
DA:293,2
DA:293,2
DA:293,2
DA:301,2
DA:301,2
DA:302,2
DA:302,2
DA:302,2
DA:302,2
DA:302,2
DA:303,2
DA:303,2
DA:303,2
DA:303,2
DA:307,6
DA:307,6
BRDA:306,10,0,3
BRDA:306,10,1,5
DA:309,5
DA:309,5
DA:309,5
DA:313,5
DA:313,5
DA:314,5
DA:314,5
DA:314,5
DA:314,5
DA:314,5
DA:315,3
DA:315,3
DA:315,3
DA:315,3
DA:318,1
DA:318,1
BRDA:317,11,0,1
BRDA:317,11,1,1
DA:321,1
DA:321,1
DA:321,1
DA:325,1
DA:325,1
DA:326,1
DA:326,1
DA:326,1
DA:326,1
DA:326,1
DA:327,1
DA:327,1
DA:327,1
DA:327,1
DA:331,0
DA:331,0
FN:339,CalldataVerificationFacet._extractBridgeData
FNDA:23,CalldataVerificationFacet._extractBridgeData
DA:343,23
DA:343,23
DA:343,23
BRDA:342,12,0,11
BRDA:342,12,1,12
DA:346,11
DA:346,11
DA:346,11
DA:347,11
DA:347,11
DA:351,11
DA:351,11
DA:354,12
DA:354,12
FN:360,CalldataVerificationFacet._extractSwapData
FNDA:8,CalldataVerificationFacet._extractSwapData
DA:364,8
DA:364,8
DA:364,8
BRDA:363,13,0,4
BRDA:363,13,1,4
DA:367,4
DA:367,4
DA:367,4
DA:368,4
DA:368,4
DA:372,4
DA:372,4
DA:375,4
DA:375,4
FNF:10
FNH:10
LF:80
LH:79
BRF:28
BRH:27
end_of_record
TN:
SF:src/Facets/CelerCircleBridgeFacet.sol
FN:34,CelerCircleBridgeFacet.
FNDA:0,CelerCircleBridgeFacet.
DA:35,0
DA:35,0
DA:36,0
DA:36,0
FN:43,CelerCircleBridgeFacet.startBridgeTokensViaCelerCircleBridge
FNDA:265,CelerCircleBridgeFacet.startBridgeTokensViaCelerCircleBridge
DA:53,260
DA:53,260
DA:54,259
DA:54,259
FN:60,CelerCircleBridgeFacet.swapAndStartBridgeTokensViaCelerCircleBridge
FNDA:5,CelerCircleBridgeFacet.swapAndStartBridgeTokensViaCelerCircleBridge
DA:73,2
DA:73,2
DA:79,1
DA:79,1
FN:86,CelerCircleBridgeFacet._startBridge
FNDA:260,CelerCircleBridgeFacet._startBridge
DA:87,260
DA:87,260
BRDA:87,0,0,1
BRDA:87,0,1,259
DA:93,259
DA:93,259
DA:100,259
DA:100,259
DA:107,259
DA:107,259
FNF:4
FNH:3
LF:10
LH:8
BRF:2
BRH:2
end_of_record
TN:
SF:src/Facets/CelerIMFacetImmutable.sol
FN:19,CelerIMFacetImmutable.
FNDA:0,CelerIMFacetImmutable.
FNF:1
FNH:0
LF:0
LH:0
BRF:0
BRH:0
end_of_record
TN:
SF:src/Facets/CelerIMFacetMutable.sol
FN:19,CelerIMFacetMutable.
FNDA:0,CelerIMFacetMutable.
FNF:1
FNH:0
LF:0
LH:0
BRF:0
BRH:0
end_of_record
TN:
SF:src/Facets/CircleBridgeFacet.sol
FN:34,CircleBridgeFacet.
FNDA:0,CircleBridgeFacet.
DA:35,0
DA:35,0
DA:36,0
DA:36,0
FN:44,CircleBridgeFacet.startBridgeTokensViaCircleBridge
FNDA:264,CircleBridgeFacet.startBridgeTokensViaCircleBridge
DA:55,259
DA:55,259
DA:56,258
DA:56,258
FN:63,CircleBridgeFacet.swapAndStartBridgeTokensViaCircleBridge
FNDA:5,CircleBridgeFacet.swapAndStartBridgeTokensViaCircleBridge
DA:77,2
DA:77,2
DA:83,1
DA:83,1
FN:91,CircleBridgeFacet._startBridge
FNDA:259,CircleBridgeFacet._startBridge
DA:96,259
DA:96,259
DA:103,259
DA:103,259
DA:110,259
DA:110,259
FNF:4
FNH:3
LF:9
LH:7
BRF:0
BRH:0
end_of_record
TN:
SF:src/Facets/DeBridgeDlnFacet.sol
FN:49,DeBridgeDlnFacet.
FNDA:0,DeBridgeDlnFacet.
DA:50,0
DA:50,0
FN:58,DeBridgeDlnFacet.startBridgeTokensViaDeBridgeDln
FNDA:265,DeBridgeDlnFacet.startBridgeTokensViaDeBridgeDln
DA:70,260
DA:70,260
DA:74,259
DA:74,259
FN:85,DeBridgeDlnFacet.swapAndStartBridgeTokensViaDeBridgeDln
FNDA:7,DeBridgeDlnFacet.swapAndStartBridgeTokensViaDeBridgeDln
DA:98,4
DA:98,4
DA:98,4
DA:99,4
DA:99,4
DA:100,4
DA:100,4
DA:107,3
DA:107,3
FN:115,DeBridgeDlnFacet._startBridge
FNDA:262,DeBridgeDlnFacet._startBridge
DA:120,262
DA:120,262
DA:120,262
DA:135,262
DA:135,262
DA:136,262
DA:136,262
BRDA:136,0,0,-
BRDA:136,0,1,260
DA:138,260
DA:138,260
DA:144,260
DA:144,260
DA:151,2
DA:151,2
DA:152,2
DA:152,2
DA:160,262
DA:160,262
DA:162,262
DA:162,262
BRDA:162,1,0,-
BRDA:162,1,1,262
DA:163,0
DA:163,0
DA:170,262
DA:170,262
FNF:4
FNH:3
LF:18
LH:16
BRF:4
BRH:2
end_of_record
TN:
SF:src/Facets/DeBridgeFacet.sol
FN:51,DeBridgeFacet.
FNDA:0,DeBridgeFacet.
DA:52,0
DA:52,0
FN:60,DeBridgeFacet.startBridgeTokensViaDeBridge
FNDA:266,DeBridgeFacet.startBridgeTokensViaDeBridge
DA:71,262
DA:71,262
DA:73,261
DA:73,261
DA:77,259
DA:77,259
FN:84,DeBridgeFacet.swapAndStartBridgeTokensViaDeBridge
FNDA:6,DeBridgeFacet.swapAndStartBridgeTokensViaDeBridge
DA:96,3
DA:96,3
DA:98,3
DA:98,3
DA:106,2
DA:106,2
FN:114,DeBridgeFacet._startBridge
FNDA:261,DeBridgeFacet._startBridge
DA:118,261
DA:118,261
DA:118,261
DA:120,261
DA:120,261
DA:120,261
DA:124,261
DA:124,261
BRDA:124,0,0,-
BRDA:124,0,1,261
DA:125,0
DA:125,0
DA:128,261
DA:128,261
DA:128,261
DA:129,261
DA:129,261
DA:131,261
BRDA:131,1,0,2
BRDA:131,1,1,259
DA:132,2
DA:132,2
DA:134,259
DA:134,259
DA:142,261
DA:142,261
DA:153,261
DA:153,261
FN:156,DeBridgeFacet.validateDestinationCallFlag
FNDA:265,DeBridgeFacet.validateDestinationCallFlag
DA:161,265
DA:161,265
BRDA:160,2,0,1
BRDA:160,2,1,264
DA:164,1
DA:164,1
FNF:5
FNH:4
LF:20
LH:18
BRF:6
BRH:5
end_of_record
TN:
SF:src/Facets/DexManagerFacet.sol
FN:27,DexManagerFacet.addDex
FNDA:4,DexManagerFacet.addDex
DA:28,4
DA:28,4
DA:28,4
BRDA:28,0,0,-
BRDA:28,0,1,4
DA:29,0
DA:29,0
DA:32,4
DA:32,4
DA:32,4
BRDA:32,1,0,-
BRDA:32,1,1,4
DA:33,0
DA:33,0
DA:36,4
DA:36,4
DA:38,2
DA:38,2
FN:43,DexManagerFacet.batchAddDex
FNDA:4,DexManagerFacet.batchAddDex
DA:44,4
DA:44,4
DA:44,4
BRDA:44,2,0,-
BRDA:44,2,1,4
DA:45,0
DA:45,0
DA:47,4
DA:47,4
DA:49,4
DA:49,4
DA:49,14
DA:50,12
DA:50,12
DA:51,12
DA:51,12
DA:51,12
BRDA:51,3,0,-
BRDA:51,3,1,12
DA:52,0
DA:52,0
DA:54,12
DA:54,12
BRDA:54,4,0,-
BRDA:54,4,1,12
DA:54,0
DA:55,12
DA:55,12
DA:56,10
DA:56,10
DA:58,10
DA:58,10
FN:65,DexManagerFacet.removeDex
FNDA:1,DexManagerFacet.removeDex
DA:66,1
DA:66,1
DA:66,1
BRDA:66,5,0,-
BRDA:66,5,1,1
DA:67,0
DA:67,0
DA:69,1
DA:69,1
DA:70,1
DA:70,1
FN:75,DexManagerFacet.batchRemoveDex
FNDA:1,DexManagerFacet.batchRemoveDex
DA:76,1
DA:76,1
DA:76,1
BRDA:76,6,0,-
BRDA:76,6,1,1
DA:77,0
DA:77,0
DA:79,1
DA:79,1
DA:80,1
DA:80,1
DA:80,3
DA:81,2
DA:81,2
DA:82,2
DA:82,2
DA:84,2
DA:84,2
FN:92,DexManagerFacet.setFunctionApprovalBySignature
FNDA:1,DexManagerFacet.setFunctionApprovalBySignature
DA:96,1
DA:96,1
DA:96,1
BRDA:96,7,0,-
BRDA:96,7,1,1
DA:97,0
DA:97,0
DA:100,1
BRDA:100,8,0,1
BRDA:100,8,1,-
DA:101,1
DA:101,1
DA:103,0
DA:103,0
DA:106,1
DA:106,1
FN:112,DexManagerFacet.batchSetFunctionApprovalBySignature
FNDA:1,DexManagerFacet.batchSetFunctionApprovalBySignature
DA:116,1
DA:116,1
DA:116,1
BRDA:116,9,0,-
BRDA:116,9,1,1
DA:117,0
DA:117,0
DA:119,1
DA:119,1
DA:120,1
DA:120,1
DA:120,6
DA:121,5
DA:121,5
DA:122,5
BRDA:122,10,0,5
BRDA:122,10,1,-
DA:123,5
DA:123,5
DA:125,0
DA:125,0
DA:127,5
DA:127,5
DA:129,5
DA:129,5
FN:137,DexManagerFacet.isFunctionApproved
FNDA:6,DexManagerFacet.isFunctionApproved
DA:140,6
DA:140,6
DA:140,6
FN:145,DexManagerFacet.approvedDexs
FNDA:4,DexManagerFacet.approvedDexs
DA:150,4
DA:150,4
DA:150,4
FNF:8
FNH:8
LF:46
LH:36
BRF:22
BRH:11
end_of_record
TN:
SF:src/Facets/DiamondCutFacet.sol
FN:18,DiamondCutFacet.diamondCut
FNDA:1508,DiamondCutFacet.diamondCut
DA:23,1508
DA:23,1508
DA:24,1508
DA:24,1508
FNF:1
FNH:1
LF:2
LH:2
BRF:0
BRH:0
end_of_record
TN:
SF:src/Facets/DiamondLoupeFacet.sol
FN:24,DiamondLoupeFacet.facets
FNDA:0,DiamondLoupeFacet.facets
DA:25,0
DA:25,0
DA:25,0
DA:26,0
DA:26,0
DA:27,0
DA:27,0
DA:28,0
DA:28,0
DA:28,0
DA:29,0
DA:29,0
DA:30,0
DA:30,0
DA:31,0
DA:31,0
DA:35,0
DA:35,0
FN:43,DiamondLoupeFacet.facetFunctionSelectors
FNDA:0,DiamondLoupeFacet.facetFunctionSelectors
DA:51,0
DA:51,0
DA:51,0
DA:52,0
DA:52,0
FN:59,DiamondLoupeFacet.facetAddresses
FNDA:0,DiamondLoupeFacet.facetAddresses
DA:65,0
DA:65,0
DA:65,0
DA:66,0
DA:66,0
FN:73,DiamondLoupeFacet.facetAddress
FNDA:0,DiamondLoupeFacet.facetAddress
DA:76,0
DA:76,0
DA:76,0
DA:77,0
DA:77,0
FN:83,DiamondLoupeFacet.supportsInterface
FNDA:0,DiamondLoupeFacet.supportsInterface
DA:86,0
DA:86,0
DA:86,0
DA:87,0
DA:87,0
FNF:5
FNH:0
LF:16
LH:0
BRF:0
BRH:0
end_of_record
TN:
SF:src/Facets/GenericSwapFacet.sol
FN:27,GenericSwapFacet.swapTokensGeneric
FNDA:19,GenericSwapFacet.swapTokensGeneric
DA:35,19
DA:35,19
BRDA:35,0,0,-
BRDA:35,0,1,19
DA:36,0
DA:36,0
DA:39,19
DA:39,19
DA:39,19
DA:45,19
DA:45,19
DA:47,19
DA:47,19
DA:49,19
DA:49,19
FNF:1
FNH:1
LF:6
LH:5
BRF:2
BRH:1
end_of_record
TN:
SF:src/Facets/GenericSwapFacetV3.sol
FN:32,GenericSwapFacetV3.swapTokensSingleV3ERC20ToERC20
FNDA:7,GenericSwapFacetV3.swapTokensSingleV3ERC20ToERC20
DA:40,7
DA:40,7
DA:42,6
DA:42,6
DA:43,6
DA:43,6
DA:46,6
DA:46,6
DA:46,6
DA:51,6
DA:51,6
BRDA:51,0,0,1
BRDA:51,0,1,5
DA:52,1
DA:52,1
DA:55,5
DA:55,5
DA:58,5
DA:58,5
DA:59,5
DA:59,5
DA:69,5
DA:69,5
FN:88,GenericSwapFacetV3.swapTokensSingleV3ERC20ToNative
FNDA:6,GenericSwapFacetV3.swapTokensSingleV3ERC20ToNative
DA:96,6
DA:96,6
DA:99,4
DA:99,4
DA:102,4
DA:102,4
BRDA:102,1,0,1
BRDA:102,1,1,3
DA:103,1
DA:103,1
DA:107,3
DA:107,3
DA:107,3
DA:108,3
DA:108,3
BRDA:108,2,0,1
BRDA:108,2,1,2
DA:108,1
DA:111,2
DA:111,2
DA:112,2
DA:112,2
DA:113,2
DA:113,2
DA:123,2
DA:123,2
FN:142,GenericSwapFacetV3.swapTokensSingleV3NativeToERC20
FNDA:7,GenericSwapFacetV3.swapTokensSingleV3NativeToERC20
DA:150,7
DA:150,7
DA:153,7
DA:153,7
BRDA:152,3,0,1
BRDA:152,3,1,6
DA:155,1
DA:155,1
DA:159,6
DA:159,6
DA:159,6
DA:162,6
DA:162,6
BRDA:162,4,0,1
BRDA:162,4,1,5
DA:163,1
DA:163,1
DA:166,5
DA:166,5
DA:169,4
DA:169,4
DA:170,4
DA:170,4
DA:170,4
DA:175,4
DA:175,4
BRDA:175,5,0,1
BRDA:175,5,1,3
DA:176,1
DA:176,1
DA:179,3
DA:179,3
DA:182,3
DA:182,3
DA:183,3
DA:183,3
DA:193,3
DA:193,3
FN:214,GenericSwapFacetV3.swapTokensMultipleV3ERC20ToNative
FNDA:5,GenericSwapFacetV3.swapTokensMultipleV3ERC20ToNative
DA:222,5
DA:222,5
DA:223,5
DA:223,5
DA:224,5
DA:224,5
FN:241,GenericSwapFacetV3.swapTokensMultipleV3ERC20ToERC20
FNDA:10,GenericSwapFacetV3.swapTokensMultipleV3ERC20ToERC20
DA:249,10
DA:249,10
DA:250,10
DA:250,10
DA:251,6
DA:251,6
FN:268,GenericSwapFacetV3.swapTokensMultipleV3NativeToERC20
FNDA:5,GenericSwapFacetV3.swapTokensMultipleV3NativeToERC20
DA:276,5
DA:276,5
DA:277,4
DA:277,4
FN:288,GenericSwapFacetV3._depositMultipleERC20Tokens
FNDA:15,GenericSwapFacetV3._depositMultipleERC20Tokens
DA:292,15
DA:292,15
DA:293,15
DA:293,15
DA:296,15
DA:296,15
DA:296,45
DA:297,30
DA:297,30
DA:298,30
BRDA:298,6,0,15
BRDA:298,6,1,30
DA:301,15
DA:301,15
DA:308,30
DA:308,30
FN:313,GenericSwapFacetV3._depositAndSwapERC20Single
FNDA:13,GenericSwapFacetV3._depositAndSwapERC20Single
DA:317,13
DA:317,13
DA:317,13
DA:318,13
DA:318,13
DA:320,13
DA:320,13
DA:323,13
DA:323,13
DA:324,13
DA:324,13
DA:325,13
DA:325,13
DA:327,13
DA:327,13
BRDA:326,7,0,1
BRDA:326,7,1,12
DA:329,1
DA:329,1
DA:332,12
DA:332,12
DA:332,12
DA:332,1
BRDA:332,8,0,1
BRDA:332,8,1,11
DA:333,1
DA:333,1
DA:336,11
DA:336,11
DA:336,11
DA:342,11
DA:342,11
BRDA:342,9,0,1
BRDA:342,9,1,8
DA:344,8
DA:344,8
BRDA:344,10,0,1
BRDA:344,10,1,8
DA:344,1
DA:346,8
DA:346,8
DA:351,11
DA:351,11
DA:351,11
DA:352,11
DA:352,11
BRDA:352,11,0,1
BRDA:352,11,1,10
DA:353,1
DA:353,1
DA:356,10
DA:356,10
FN:363,GenericSwapFacetV3._executeSwaps
FNDA:20,GenericSwapFacetV3._executeSwaps
DA:369,20
DA:369,20
DA:370,20
DA:370,20
DA:371,20
DA:371,20
DA:372,20
DA:372,20
DA:373,20
DA:373,20
DA:374,20
DA:374,20
DA:375,20
DA:375,20
DA:376,20
DA:376,20
DA:379,20
DA:379,20
DA:379,52
DA:380,37
DA:380,37
DA:381,37
DA:381,37
DA:382,37
DA:382,37
DA:383,37
DA:383,37
DA:387,37
DA:387,37
DA:387,37
DA:388,35
DA:388,35
BRDA:386,12,0,2
BRDA:386,12,1,35
DA:392,2
DA:392,2
DA:397,35
DA:397,35
DA:397,35
DA:398,1
DA:398,1
BRDA:396,13,0,1
BRDA:396,13,1,34
DA:400,1
DA:400,1
DA:403,34
DA:403,34
BRDA:403,14,0,4
BRDA:403,14,1,6
DA:406,7
DA:406,7
DA:409,7
DA:409,7
BRDA:409,15,0,1
BRDA:409,15,1,6
DA:410,1
DA:410,1
DA:415,6
DA:415,6
BRDA:415,16,0,4
BRDA:415,16,1,6
DA:416,4
DA:416,4
DA:420,27
DA:420,27
DA:424,27
DA:424,27
BRDA:424,17,0,25
BRDA:424,17,1,27
DA:425,25
DA:425,25
DA:426,25
DA:426,25
DA:433,27
DA:433,27
DA:436,27
DA:436,27
BRDA:436,18,0,1
BRDA:436,18,1,26
DA:437,1
DA:437,1
DA:442,26
DA:442,26
BRDA:442,19,0,19
BRDA:442,19,1,26
DA:443,19
DA:443,19
DA:450,32
DA:450,32
DA:463,32
DA:463,32
FN:468,GenericSwapFacetV3._transferERC20TokensAndEmitEvent
FNDA:10,GenericSwapFacetV3._transferERC20TokensAndEmitEvent
DA:477,10
DA:477,10
DA:479,10
DA:479,10
DA:479,10
DA:482,10
DA:482,10
BRDA:482,20,0,1
BRDA:482,20,1,9
DA:483,1
DA:483,1
DA:486,9
DA:486,9
DA:489,9
DA:489,9
FN:501,GenericSwapFacetV3._transferNativeTokensAndEmitEvent
FNDA:5,GenericSwapFacetV3._transferNativeTokensAndEmitEvent
DA:509,5
DA:509,5
DA:510,5
DA:510,5
DA:513,5
DA:513,5
BRDA:513,21,0,1
BRDA:513,21,1,4
DA:514,1
DA:514,1
DA:518,4
DA:518,4
DA:518,4
DA:519,4
DA:519,4
BRDA:519,22,0,1
BRDA:519,22,1,3
DA:520,1
DA:520,1
DA:521,1
DA:521,1
DA:525,3
DA:525,3
FN:538,GenericSwapFacetV3._returnPositiveSlippageERC20
FNDA:29,GenericSwapFacetV3._returnPositiveSlippageERC20
DA:543,29
DA:543,29
DA:543,29
DA:543,29
BRDA:543,23,0,5
BRDA:543,23,1,29
DA:544,29
DA:544,29
DA:544,29
DA:548,29
DA:548,29
BRDA:548,24,0,5
BRDA:548,24,1,29
DA:549,5
DA:549,5
FN:555,GenericSwapFacetV3._returnPositiveSlippageNative
FNDA:9,GenericSwapFacetV3._returnPositiveSlippageNative
DA:557,9
DA:557,9
DA:559,9
DA:559,9
BRDA:559,25,0,1
BRDA:559,25,1,1
DA:561,2
DA:561,2
DA:561,2
DA:562,2
DA:562,2
BRDA:562,26,0,1
BRDA:562,26,1,1
DA:562,1
FNF:13
FNH:13
LF:127
LH:127
BRF:54
BRH:54
end_of_record
TN:
SF:src/Facets/GnosisBridgeFacet.sol
FN:32,GnosisBridgeFacet.
FNDA:0,GnosisBridgeFacet.
DA:33,0
DA:33,0
FN:40,GnosisBridgeFacet.startBridgeTokensViaXDaiBridge
FNDA:265,GnosisBridgeFacet.startBridgeTokensViaXDaiBridge
DA:51,260
DA:51,260
DA:52,259
DA:52,259
FN:58,GnosisBridgeFacet.swapAndStartBridgeTokensViaXDaiBridge
FNDA:5,GnosisBridgeFacet.swapAndStartBridgeTokensViaXDaiBridge
DA:72,2
DA:72,2
DA:79,1
DA:79,1
FN:86,GnosisBridgeFacet._startBridge
FNDA:260,GnosisBridgeFacet._startBridge
DA:87,260
DA:87,260
DA:92,260
DA:92,260
DA:93,259
DA:93,259
FNF:4
FNH:3
LF:8
LH:7
BRF:0
BRH:0
end_of_record
TN:
SF:src/Facets/GnosisBridgeL2Facet.sol
FN:37,GnosisBridgeL2Facet.
FNDA:0,GnosisBridgeL2Facet.
DA:38,0
DA:38,0
FN:45,GnosisBridgeL2Facet.startBridgeTokensViaXDaiBridge
FNDA:6,GnosisBridgeL2Facet.startBridgeTokensViaXDaiBridge
DA:58,1
DA:58,1
FN:64,GnosisBridgeL2Facet.swapAndStartBridgeTokensViaXDaiBridge
FNDA:5,GnosisBridgeL2Facet.swapAndStartBridgeTokensViaXDaiBridge
DA:78,2
DA:78,2
DA:85,1
DA:85,1
FN:92,GnosisBridgeL2Facet._startBridge
FNDA:2,GnosisBridgeL2Facet._startBridge
DA:93,2
DA:93,2
DA:96,2
DA:96,2
FNF:4
FNH:3
LF:6
LH:5
BRF:0
BRH:0
end_of_record
TN:
SF:src/Facets/HopFacet.sol
FN:54,HopFacet.initHop
FNDA:27,HopFacet.initHop
DA:55,27
DA:55,27
DA:57,27
DA:57,27
DA:57,27
DA:59,27
DA:59,27
DA:59,102
DA:59,75
DA:60,75
DA:60,75
DA:60,75
BRDA:60,0,0,-
BRDA:60,0,1,75
DA:61,0
DA:61,0
DA:63,75
DA:63,75
DA:66,27
DA:66,27
FN:74,HopFacet.registerBridge
FNDA:3,HopFacet.registerBridge
DA:75,3
DA:75,3
DA:77,2
DA:77,2
DA:77,2
DA:79,2
DA:79,2
DA:79,2
BRDA:79,1,0,1
BRDA:79,1,1,1
DA:80,1
DA:80,1
DA:83,1
DA:83,1
DA:85,1
DA:85,1
FN:91,HopFacet.startBridgeTokensViaHop
FNDA:270,HopFacet.startBridgeTokensViaHop
DA:103,264
DA:103,264
DA:107,262
DA:107,262
FN:114,HopFacet.swapAndStartBridgeTokensViaHop
FNDA:8,HopFacet.swapAndStartBridgeTokensViaHop
DA:127,4
DA:127,4
DA:134,3
DA:134,3
FN:142,HopFacet._startBridge
FNDA:265,HopFacet._startBridge
DA:146,265
DA:146,265
DA:147,265
DA:147,265
DA:147,265
DA:148,265
DA:148,265
DA:151,265
DA:151,265
DA:157,265
DA:157,265
DA:157,265
DA:161,265
DA:161,265
DA:161,265
DA:161,1
BRDA:161,2,0,-
BRDA:161,2,1,264
DA:163,264
DA:163,264
DA:175,1
DA:175,1
DA:186,265
DA:186,265
FN:190,HopFacet.getStorage
FNDA:294,HopFacet.getStorage
DA:191,294
DA:191,294
DA:194,294
DA:194,294
FNF:6
FNH:6
LF:28
LH:27
BRF:6
BRH:4
end_of_record
TN:
SF:src/Facets/HopFacetOptimized.sol
FN:34,HopFacetOptimized.setApprovalForBridges
FNDA:72,HopFacetOptimized.setApprovalForBridges
DA:38,72
DA:38,72
DA:39,72
DA:39,72
DA:39,304
DA:39,232
DA:41,232
DA:41,232
FN:52,HopFacetOptimized.startBridgeTokensViaHopL1ERC20
FNDA:261,HopFacetOptimized.startBridgeTokensViaHopL1ERC20
DA:57,261
DA:57,261
DA:64,260
DA:64,260
DA:73,258
DA:73,258
FN:79,HopFacetOptimized.startBridgeTokensViaHopL1Native
FNDA:1,HopFacetOptimized.startBridgeTokensViaHopL1Native
DA:84,1
DA:84,1
DA:95,1
DA:95,1
FN:102,HopFacetOptimized.swapAndStartBridgeTokensViaHopL1ERC20
FNDA:4,HopFacetOptimized.swapAndStartBridgeTokensViaHopL1ERC20
DA:108,4
DA:108,4
DA:117,3
DA:117,3
DA:126,2
DA:126,2
FN:133,HopFacetOptimized.swapAndStartBridgeTokensViaHopL1Native
FNDA:1,HopFacetOptimized.swapAndStartBridgeTokensViaHopL1Native
DA:139,1
DA:139,1
DA:148,1
DA:148,1
DA:160,1
DA:160,1
FN:166,HopFacetOptimized.startBridgeTokensViaHopL2ERC20
FNDA:261,HopFacetOptimized.startBridgeTokensViaHopL2ERC20
DA:171,261
DA:171,261
DA:178,260
DA:178,260
DA:188,258
DA:188,258
FN:194,HopFacetOptimized.startBridgeTokensViaHopL2Native
FNDA:1,HopFacetOptimized.startBridgeTokensViaHopL2Native
DA:199,1
DA:199,1
DA:209,1
DA:209,1
FN:216,HopFacetOptimized.swapAndStartBridgeTokensViaHopL2ERC20
FNDA:5,HopFacetOptimized.swapAndStartBridgeTokensViaHopL2ERC20
DA:222,5
DA:222,5
DA:229,4
DA:229,4
DA:239,2
DA:239,2
FN:246,HopFacetOptimized.swapAndStartBridgeTokensViaHopL2Native
FNDA:1,HopFacetOptimized.swapAndStartBridgeTokensViaHopL2Native
DA:252,1
DA:252,1
DA:259,1
DA:259,1
DA:269,1
DA:269,1
FNF:9
FNH:9
LF:25
LH:25
BRF:0
BRH:0
end_of_record
TN:
SF:src/Facets/HopFacetPacked.sol
FN:39,HopFacetPacked.
FNDA:0,HopFacetPacked.
DA:43,0
DA:43,0
DA:43,0
DA:43,0
DA:45,0
DA:45,0
DA:45,0
BRDA:45,0,0,-
BRDA:45,0,1,-
DA:46,0
DA:46,0
DA:49,0
DA:49,0
DA:52,0
DA:52,0
DA:55,0
DA:55,0
DA:58,0
DA:58,0
FN:69,HopFacetPacked.setApprovalForHopBridges
FNDA:32,HopFacetPacked.setApprovalForHopBridges
DA:73,32
DA:73,32
DA:75,32
DA:75,32
DA:75,192
DA:75,160
DA:77,160
DA:77,160
FN:87,HopFacetPacked.startBridgeTokensViaHopL2NativePacked
FNDA:3,HopFacetPacked.startBridgeTokensViaHopL2NativePacked
DA:96,3
DA:96,3
DA:96,3
DA:97,3
DA:97,3
DA:97,3
DA:98,3
DA:98,3
DA:98,3
DA:101,3
DA:101,3
DA:104,3
DA:104,3
DA:104,3
DA:114,3
DA:114,3
DA:123,3
DA:123,3
FN:137,HopFacetPacked.startBridgeTokensViaHopL2NativeMin
FNDA:2,HopFacetPacked.startBridgeTokensViaHopL2NativeMin
DA:148,2
DA:148,2
DA:159,2
DA:159,2
FN:168,HopFacetPacked.encode_startBridgeTokensViaHopL2NativePacked
FNDA:16,HopFacetPacked.encode_startBridgeTokensViaHopL2NativePacked
DA:175,16
DA:175,16
BRDA:175,1,0,-
BRDA:175,1,1,16
DA:179,16
DA:179,16
BRDA:179,2,0,-
BRDA:179,2,1,16
DA:183,16
DA:183,16
BRDA:183,3,0,-
BRDA:183,3,1,16
DA:188,16
DA:188,16
DA:189,16
DA:189,16
FN:201,HopFacetPacked.decode_startBridgeTokensViaHopL2NativePacked
FNDA:1,HopFacetPacked.decode_startBridgeTokensViaHopL2NativePacked
DA:208,1
DA:208,1
BRDA:208,4,0,-
BRDA:208,4,1,1
DA:213,1
DA:213,1
DA:214,1
DA:214,1
DA:216,1
DA:216,1
DA:217,1
DA:217,1
DA:218,1
DA:218,1
DA:219,1
DA:219,1
DA:220,1
DA:220,1
DA:222,1
DA:222,1
FN:227,HopFacetPacked.startBridgeTokensViaHopL2ERC20Packed
FNDA:4,HopFacetPacked.startBridgeTokensViaHopL2ERC20Packed
DA:241,4
DA:241,4
DA:241,4
DA:242,4
DA:242,4
DA:242,4
DA:243,4
DA:243,4
DA:243,4
DA:244,4
DA:244,4
DA:244,4
DA:246,4
DA:246,4
DA:246,4
DA:251,4
DA:251,4
DA:258,4
DA:258,4
DA:258,4
DA:268,4
DA:268,4
DA:277,4
DA:277,4
FN:291,HopFacetPacked.startBridgeTokensViaHopL2ERC20Min
FNDA:4,HopFacetPacked.startBridgeTokensViaHopL2ERC20Min
DA:304,4
DA:304,4
DA:311,4
DA:311,4
DA:322,4
DA:322,4
FN:336,HopFacetPacked.encode_startBridgeTokensViaHopL2ERC20Packed
FNDA:32,HopFacetPacked.encode_startBridgeTokensViaHopL2ERC20Packed
DA:348,32
DA:348,32
BRDA:348,5,0,-
BRDA:348,5,1,32
DA:352,32
DA:352,32
BRDA:352,6,0,-
BRDA:352,6,1,32
DA:356,32
DA:356,32
BRDA:356,7,0,-
BRDA:356,7,1,32
DA:360,32
DA:360,32
BRDA:360,8,0,-
BRDA:360,8,1,32
DA:364,32
DA:364,32
BRDA:364,9,0,-
BRDA:364,9,1,32
DA:368,32
DA:368,32
BRDA:368,10,0,-
BRDA:368,10,1,32
DA:373,32
DA:373,32
DA:374,32
DA:374,32
FN:391,HopFacetPacked.decode_startBridgeTokensViaHopL2ERC20Packed
FNDA:2,HopFacetPacked.decode_startBridgeTokensViaHopL2ERC20Packed
DA:398,2
DA:398,2
BRDA:398,11,0,-
BRDA:398,11,1,2
DA:403,2
DA:403,2
DA:404,2
DA:404,2
DA:406,2
DA:406,2
DA:407,2
DA:407,2
DA:408,2
DA:408,2
DA:409,2
DA:409,2
DA:410,2
DA:410,2
DA:411,2
DA:411,2
DA:412,2
DA:412,2
DA:413,2
DA:413,2
DA:416,2
DA:416,2
DA:417,2
DA:417,2
DA:419,2
DA:419,2
FN:424,HopFacetPacked.startBridgeTokensViaHopL1NativePacked
FNDA:3,HopFacetPacked.startBridgeTokensViaHopL1NativePacked
DA:436,3
DA:436,3
DA:448,3
DA:448,3
FN:459,HopFacetPacked.startBridgeTokensViaHopL1NativeMin
FNDA:2,HopFacetPacked.startBridgeTokensViaHopL1NativeMin
DA:469,2
DA:469,2
DA:479,2
DA:479,2
FN:490,HopFacetPacked.encode_startBridgeTokensViaHopL1NativePacked
FNDA:16,HopFacetPacked.encode_startBridgeTokensViaHopL1NativePacked
DA:499,16
DA:499,16
BRDA:499,12,0,-
BRDA:499,12,1,16
DA:503,16
DA:503,16
BRDA:503,13,0,-
BRDA:503,13,1,16
DA:507,16
DA:507,16
BRDA:507,14,0,-
BRDA:507,14,1,16
DA:512,16
DA:512,16
DA:513,16
DA:513,16
FN:527,HopFacetPacked.decode_startBridgeTokensViaHopL1NativePacked
FNDA:1,HopFacetPacked.decode_startBridgeTokensViaHopL1NativePacked
DA:534,1
DA:534,1
BRDA:534,15,0,-
BRDA:534,15,1,1
DA:539,1
DA:539,1
DA:540,1
DA:540,1
DA:542,1
DA:542,1
DA:543,1
DA:543,1
DA:544,1
DA:544,1
DA:545,1
DA:545,1
DA:550,1
DA:550,1
DA:552,1
DA:552,1
FN:557,HopFacetPacked.startBridgeTokensViaHopL1ERC20Packed
FNDA:4,HopFacetPacked.startBridgeTokensViaHopL1ERC20Packed
DA:570,4
DA:570,4
DA:570,4
DA:573,4
DA:573,4
DA:580,4
DA:580,4
DA:590,4
DA:590,4
FN:603,HopFacetPacked.startBridgeTokensViaHopL1ERC20Min
FNDA:4,HopFacetPacked.startBridgeTokensViaHopL1ERC20Min
DA:615,4
DA:615,4
DA:622,4
DA:622,4
DA:632,4
DA:632,4
FN:645,HopFacetPacked.encode_startBridgeTokensViaHopL1ERC20Packed
FNDA:32,HopFacetPacked.encode_startBridgeTokensViaHopL1ERC20Packed
DA:656,32
DA:656,32
BRDA:656,16,0,-
BRDA:656,16,1,32
DA:660,32
DA:660,32
BRDA:660,17,0,-
BRDA:660,17,1,32
DA:664,32
DA:664,32
BRDA:664,18,0,-
BRDA:664,18,1,32
DA:668,32
DA:668,32
BRDA:668,19,0,-
BRDA:668,19,1,32
DA:673,32
DA:673,32
DA:674,32
DA:674,32
FN:690,HopFacetPacked.decode_startBridgeTokensViaHopL1ERC20Packed
FNDA:2,HopFacetPacked.decode_startBridgeTokensViaHopL1ERC20Packed
DA:697,2
DA:697,2
BRDA:697,20,0,-
BRDA:697,20,1,2
DA:702,2
DA:702,2
DA:703,2
DA:703,2
DA:705,2
DA:705,2
DA:706,2
DA:706,2
DA:707,2
DA:707,2
DA:708,2
DA:708,2
DA:709,2
DA:709,2
DA:710,2
DA:710,2
DA:715,2
DA:715,2
DA:717,2
DA:717,2
FNF:18
FNH:17
LF:109
LH:102
BRF:42
BRH:20
end_of_record
TN:
SF:src/Facets/HyphenFacet.sol
FN:25,HyphenFacet.
FNDA:0,HyphenFacet.
DA:26,0
DA:26,0
FN:33,HyphenFacet.startBridgeTokensViaHyphen
FNDA:265,HyphenFacet.startBridgeTokensViaHyphen
DA:44,260
DA:44,260
DA:48,259
DA:48,259
FN:54,HyphenFacet.swapAndStartBridgeTokensViaHyphen
FNDA:6,HyphenFacet.swapAndStartBridgeTokensViaHyphen
DA:66,3
DA:66,3
DA:72,2
DA:72,2
FN:79,HyphenFacet._startBridge
FNDA:261,HyphenFacet._startBridge
DA:80,261
DA:80,261
BRDA:80,0,0,-
BRDA:80,0,1,259
DA:82,259
DA:82,259
DA:88,259
DA:88,259
DA:96,2
DA:96,2
DA:103,261
DA:103,261
FNF:4
FNH:3
LF:10
LH:9
BRF:2
BRH:1
end_of_record
TN:
SF:src/Facets/LIFuelFacet.sol
FN:32,LIFuelFacet.startBridgeTokensViaLIFuel
FNDA:264,LIFuelFacet.startBridgeTokensViaLIFuel
DA:43,260
DA:43,260
DA:47,259
DA:47,259
FN:53,LIFuelFacet.swapAndStartBridgeTokensViaLIFuel
FNDA:6,LIFuelFacet.swapAndStartBridgeTokensViaLIFuel
DA:65,3
DA:65,3
DA:72,2
DA:72,2
FN:79,LIFuelFacet._startBridge
FNDA:261,LIFuelFacet._startBridge
DA:80,261
DA:80,261
DA:80,261
DA:84,261
DA:84,261
BRDA:84,0,0,-
BRDA:84,0,1,2
DA:85,2
DA:85,2
DA:93,259
DA:93,259
DA:99,259
DA:99,259
DA:107,261
DA:107,261
FN:111,LIFuelFacet.getStorage
FNDA:261,LIFuelFacet.getStorage
DA:112,261
DA:112,261
DA:115,261
DA:115,261
FNF:4
FNH:4
LF:12
LH:12
BRF:2
BRH:1
end_of_record
TN:
SF:src/Facets/MakerTeleportFacet.sol
FN:43,MakerTeleportFacet.
FNDA:0,MakerTeleportFacet.
DA:49,0
DA:49,0
DA:50,0
DA:50,0
DA:51,0
DA:51,0
DA:52,0
DA:52,0
FN:59,MakerTeleportFacet.startBridgeTokensViaMakerTeleport
FNDA:264,MakerTeleportFacet.startBridgeTokensViaMakerTeleport
DA:70,259
DA:70,259
DA:71,258
DA:71,258
FN:77,MakerTeleportFacet.swapAndStartBridgeTokensViaMakerTeleport
FNDA:5,MakerTeleportFacet.swapAndStartBridgeTokensViaMakerTeleport
DA:91,2
DA:91,2
DA:98,1
DA:98,1
FN:105,MakerTeleportFacet._startBridge
FNDA:259,MakerTeleportFacet._startBridge
DA:106,259
DA:106,259
DA:112,259
DA:112,259
DA:118,259
DA:118,259
FNF:4
FNH:3
LF:11
LH:7
BRF:0
BRH:0
end_of_record
TN:
SF:src/Facets/MayanFacet.sol
FN:53,MayanFacet.
FNDA:0,MayanFacet.
DA:54,0
DA:54,0
FN:62,MayanFacet.startBridgeTokensViaMayan
FNDA:266,MayanFacet.startBridgeTokensViaMayan
DA:74,261
DA:74,261
DA:78,260
DA:78,260
FN:85,MayanFacet.swapAndStartBridgeTokensViaMayan
FNDA:7,MayanFacet.swapAndStartBridgeTokensViaMayan
DA:98,4
DA:98,4
DA:104,3
DA:104,3
FN:112,MayanFacet._startBridge
FNDA:263,MayanFacet._startBridge
DA:117,263
DA:117,263
BRDA:117,0,0,1
BRDA:117,0,1,-
DA:118,1
DA:118,1
DA:118,1
BRDA:118,1,0,-
BRDA:118,1,1,1
DA:119,0
DA:119,0
DA:124,1
DA:124,1
DA:124,1
DA:125,1
DA:125,1
BRDA:125,2,0,1
BRDA:125,2,1,-
DA:126,1
DA:126,1
DA:132,262
DA:132,262
DA:132,262
DA:135,262
DA:135,262
BRDA:135,3,0,-
BRDA:135,3,1,262
DA:136,0
DA:136,0
DA:140,262
DA:140,262
DA:142,262
DA:142,262
BRDA:142,4,0,-
BRDA:142,4,1,260
DA:143,260
DA:143,260
DA:149,260
DA:149,260
DA:157,2
DA:157,2
DA:163,262
DA:163,262
BRDA:163,5,0,-
BRDA:163,5,1,262
DA:164,0
DA:164,0
DA:171,262
DA:171,262
FN:177,MayanFacet._parseReceiver
FNDA:263,MayanFacet._parseReceiver
DA:180,263
DA:180,263
DA:183,263
DA:183,263
FNF:5
FNH:4
LF:24
LH:20
BRF:12
BRH:6
end_of_record
TN:
SF:src/Facets/MultichainFacet.sol
FN:60,MultichainFacet.initMultichain
FNDA:26,MultichainFacet.initMultichain
DA:64,26
DA:64,26
DA:66,26
DA:66,26
DA:66,26
DA:68,26
DA:68,26
DA:70,26
DA:70,26
DA:71,26
DA:71,26
DA:71,102
DA:72,76
DA:72,76
DA:72,76
BRDA:72,0,0,-
BRDA:72,0,1,76
DA:73,0
DA:73,0
DA:75,76
DA:75,76
DA:77,76
DA:77,76
DA:81,26
DA:81,26
FN:88,MultichainFacet.updateAddressMappings
FNDA:25,MultichainFacet.updateAddressMappings
DA:89,25
DA:89,25
DA:91,24
DA:91,24
DA:91,24
DA:93,24
DA:93,24
DA:93,72
DA:94,48
DA:94,48
DA:97,48
DA:97,48
DA:101,24
DA:101,24
FN:107,MultichainFacet.registerRouters
FNDA:2,MultichainFacet.registerRouters
DA:111,2
DA:111,2
DA:113,1
DA:113,1
DA:113,1
DA:115,1
DA:115,1
DA:116,1
DA:116,1
DA:116,4
DA:117,3
DA:117,3
DA:117,3
BRDA:117,1,0,-
BRDA:117,1,1,3
DA:118,0
DA:118,0
DA:120,3
DA:120,3
DA:123,3
DA:123,3
DA:126,1
DA:126,1
FN:132,MultichainFacet.startBridgeTokensViaMultichain
FNDA:268,MultichainFacet.startBridgeTokensViaMultichain
DA:144,263
DA:144,263
DA:144,263
DA:145,263
DA:145,263
BRDA:145,2,0,2
BRDA:145,2,1,261
DA:146,2
DA:146,2
DA:148,261
DA:148,261
BRDA:148,3,0,260
BRDA:148,3,1,260
DA:149,260
DA:149,260
DA:154,260
DA:154,260
FN:161,MultichainFacet.swapAndStartBridgeTokensViaMultichain
FNDA:6,MultichainFacet.swapAndStartBridgeTokensViaMultichain
DA:174,3
DA:174,3
DA:174,3
DA:176,3
DA:176,3
BRDA:176,4,0,-
BRDA:176,4,1,3
DA:177,0
DA:177,0
DA:180,3
DA:180,3
DA:186,2
DA:186,2
FN:194,MultichainFacet._startBridge
FNDA:262,MultichainFacet._startBridge
DA:199,262
DA:199,262
BRDA:199,5,0,-
BRDA:199,5,1,1
DA:200,1
DA:200,1
DA:205,261
DA:205,261
DA:205,261
DA:206,261
DA:206,261
BRDA:206,6,0,-
BRDA:206,6,1,2
DA:208,2
DA:208,2
DA:217,259
DA:217,259
DA:223,259
DA:223,259
DA:228,259
DA:228,259
DA:239,262
DA:239,262
FN:243,MultichainFacet.getStorage
FNDA:578,MultichainFacet.getStorage
DA:244,578
DA:244,578
DA:247,578
DA:247,578
FNF:7
FNH:7
LF:47
LH:44
BRF:14
BRH:9
end_of_record
TN:
SF:src/Facets/NonStandardSelectorsRegistryFacet.sol
FN:23,NonStandardSelectorsRegistryFacet.setNonStandardSelector
FNDA:2,NonStandardSelectorsRegistryFacet.setNonStandardSelector
DA:27,2
DA:27,2
DA:28,1
DA:28,1
DA:28,1
DA:29,1
DA:29,1
FN:35,NonStandardSelectorsRegistryFacet.batchSetNonStandardSelectors
FNDA:2,NonStandardSelectorsRegistryFacet.batchSetNonStandardSelectors
DA:39,2
DA:39,2
DA:40,1
DA:40,1
DA:40,1
DA:41,1
DA:41,1
BRDA:41,0,0,-
BRDA:41,0,1,1
DA:45,1
DA:45,1
DA:45,3
DA:45,2
DA:46,2
DA:46,2
FN:53,NonStandardSelectorsRegistryFacet.isNonStandardSelector
FNDA:3,NonStandardSelectorsRegistryFacet.isNonStandardSelector
DA:56,3
DA:56,3
FN:62,NonStandardSelectorsRegistryFacet.getStorage
FNDA:5,NonStandardSelectorsRegistryFacet.getStorage
DA:63,5
DA:63,5
DA:65,5
DA:65,5
FNF:4
FNH:4
LF:11
LH:11
BRF:2
BRH:1
end_of_record
TN:
SF:src/Facets/OmniBridgeFacet.sol
FN:29,OmniBridgeFacet.
FNDA:0,OmniBridgeFacet.
DA:30,0
DA:30,0
DA:31,0
DA:31,0
FN:38,OmniBridgeFacet.startBridgeTokensViaOmniBridge
FNDA:529,OmniBridgeFacet.startBridgeTokensViaOmniBridge
DA:49,519
DA:49,519
DA:53,517
DA:53,517
FN:59,OmniBridgeFacet.swapAndStartBridgeTokensViaOmniBridge
FNDA:11,OmniBridgeFacet.swapAndStartBridgeTokensViaOmniBridge
DA:71,5
DA:71,5
DA:77,3
DA:77,3
FN:84,OmniBridgeFacet._startBridge
FNDA:520,OmniBridgeFacet._startBridge
DA:85,520
DA:85,520
BRDA:85,0,0,-
BRDA:85,0,1,2
DA:86,2
DA:86,2
DA:90,518
DA:90,518
DA:95,518
DA:95,518
DA:102,520
DA:102,520
FNF:4
FNH:3
LF:11
LH:9
BRF:2
BRH:1
end_of_record
TN:
SF:src/Facets/OptimismBridgeFacet.sol
FN:57,OptimismBridgeFacet.initOptimism
FNDA:7,OptimismBridgeFacet.initOptimism
DA:61,7
DA:61,7
DA:63,7
DA:63,7
DA:63,7
DA:65,7
BRDA:65,0,0,-
BRDA:65,0,1,7
DA:66,0
DA:66,0
DA:69,7
DA:69,7
DA:69,14
DA:69,7
DA:70,7
DA:70,7
DA:70,7
BRDA:70,1,0,-
BRDA:70,1,1,7
DA:71,0
DA:71,0
DA:73,7
DA:73,7
DA:78,7
DA:78,7
DA:79,7
DA:79,7
DA:81,7
DA:81,7
FN:89,OptimismBridgeFacet.registerOptimismBridge
FNDA:0,OptimismBridgeFacet.registerOptimismBridge
DA:90,0
DA:90,0
DA:92,0
DA:92,0
DA:92,0
DA:94,0
DA:94,0
BRDA:94,2,0,-
BRDA:94,2,1,-
DA:94,0
DA:96,0
DA:96,0
DA:96,0
BRDA:96,3,0,-
BRDA:96,3,1,-
DA:97,0
DA:97,0
DA:100,0
DA:100,0
DA:102,0
DA:102,0
FN:108,OptimismBridgeFacet.startBridgeTokensViaOptimismBridge
FNDA:6,OptimismBridgeFacet.startBridgeTokensViaOptimismBridge
DA:120,3
DA:120,3
DA:124,1
DA:124,1
FN:131,OptimismBridgeFacet.swapAndStartBridgeTokensViaOptimismBridge
FNDA:1,OptimismBridgeFacet.swapAndStartBridgeTokensViaOptimismBridge
DA:144,1
DA:144,1
DA:150,1
DA:150,1
FN:158,OptimismBridgeFacet._startBridge
FNDA:2,OptimismBridgeFacet._startBridge
DA:162,2
DA:162,2
DA:162,2
DA:163,2
DA:163,2
DA:166,2
DA:166,2
DA:166,2
DA:172,2
DA:172,2
BRDA:172,4,0,-
BRDA:172,4,1,-
DA:173,0
DA:173,0
DA:179,2
DA:179,2
DA:185,2
BRDA:185,5,0,-
BRDA:185,5,1,-
DA:186,0
DA:186,0
DA:188,2
DA:188,2
DA:199,2
DA:199,2
FN:203,OptimismBridgeFacet.getStorage
FNDA:9,OptimismBridgeFacet.getStorage
DA:204,9
DA:204,9
DA:207,9
DA:207,9
FNF:6
FNH:5
LF:34
LH:23
BRF:12
BRH:2
end_of_record
TN:
SF:src/Facets/OwnershipFacet.sol
FN:43,OwnershipFacet.transferOwnership
FNDA:5,OwnershipFacet.transferOwnership
DA:44,5
DA:44,5
DA:45,4
DA:45,4
DA:45,4
DA:47,4
DA:47,4
BRDA:47,0,0,1
BRDA:47,0,1,3
DA:47,1
DA:49,3
DA:49,3
DA:49,3
BRDA:49,1,0,1
BRDA:49,1,1,2
DA:50,1
DA:50,1
DA:52,2
DA:52,2
DA:53,2
DA:53,2
FN:57,OwnershipFacet.cancelOwnershipTransfer
FNDA:0,OwnershipFacet.cancelOwnershipTransfer
DA:58,0
DA:58,0
DA:59,0
DA:59,0
DA:59,0
DA:61,0
DA:61,0
BRDA:61,2,0,-
BRDA:61,2,1,-
DA:62,0
DA:62,0
DA:63,0
DA:63,0
FN:67,OwnershipFacet.confirmOwnershipTransfer
FNDA:2,OwnershipFacet.confirmOwnershipTransfer
DA:68,2
DA:68,2
DA:68,2
DA:69,2
DA:69,2
DA:70,2
DA:70,2
BRDA:70,3,0,1
BRDA:70,3,1,1
DA:70,1
DA:71,1
DA:71,1
DA:72,1
DA:72,1
DA:73,1
DA:73,1
FN:78,OwnershipFacet.owner
FNDA:3,OwnershipFacet.owner
DA:79,3
DA:79,3
FN:85,OwnershipFacet.getStorage
FNDA:6,OwnershipFacet.getStorage
DA:86,6
DA:86,6
DA:89,6
DA:89,6
FNF:5
FNH:4
LF:21
LH:16
BRF:8
BRH:6
end_of_record
TN:
SF:src/Facets/PeripheryRegistryFacet.sol
FN:31,PeripheryRegistryFacet.registerPeripheryContract
FNDA:22,PeripheryRegistryFacet.registerPeripheryContract
DA:35,22
DA:35,22
DA:36,22
DA:36,22
DA:36,22
DA:37,22
DA:37,22
DA:38,22
DA:38,22
FN:43,PeripheryRegistryFacet.getPeripheryContract
FNDA:2,PeripheryRegistryFacet.getPeripheryContract
DA:46,2
DA:46,2
FN:50,PeripheryRegistryFacet.getStorage
FNDA:24,PeripheryRegistryFacet.getStorage
DA:51,24
DA:51,24
DA:54,24
DA:54,24
FNF:3
FNH:3
LF:7
LH:7
BRF:0
BRH:0
end_of_record
TN:
SF:src/Facets/PolygonBridgeFacet.sol
FN:29,PolygonBridgeFacet.
FNDA:0,PolygonBridgeFacet.
DA:30,0
DA:30,0
DA:31,0
DA:31,0
FN:38,PolygonBridgeFacet.startBridgeTokensViaPolygonBridge
FNDA:265,PolygonBridgeFacet.startBridgeTokensViaPolygonBridge
DA:49,260
DA:49,260
DA:53,259
DA:53,259
FN:59,PolygonBridgeFacet.swapAndStartBridgeTokensViaPolygonBridge
FNDA:6,PolygonBridgeFacet.swapAndStartBridgeTokensViaPolygonBridge
DA:71,3
DA:71,3
DA:77,2
DA:77,2
FN:84,PolygonBridgeFacet._startBridge
FNDA:261,PolygonBridgeFacet._startBridge
DA:85,261
DA:85,261
DA:87,261
DA:87,261
BRDA:87,0,0,-
BRDA:87,0,1,2
DA:88,2
DA:88,2
DA:92,259
DA:92,259
DA:96,259
DA:96,259
DA:102,259
DA:102,259
DA:102,259
DA:103,259
DA:103,259
DA:110,261
DA:110,261
FNF:4
FNH:3
LF:14
LH:12
BRF:2
BRH:1
end_of_record
TN:
SF:src/Facets/SquidFacet.sol
FN:67,SquidFacet.
FNDA:0,SquidFacet.
DA:68,0
DA:68,0
FN:76,SquidFacet.startBridgeTokensViaSquid
FNDA:7,SquidFacet.startBridgeTokensViaSquid
DA:87,3
DA:87,3
DA:92,3
DA:92,3
FN:99,SquidFacet.swapAndStartBridgeTokensViaSquid
FNDA:5,SquidFacet.swapAndStartBridgeTokensViaSquid
DA:112,2
DA:112,2
DA:120,1
DA:120,1
FN:128,SquidFacet._startBridge
FNDA:4,SquidFacet._startBridge
DA:132,4
DA:132,4
DA:132,4
DA:139,4
DA:139,4
BRDA:139,0,0,2
BRDA:139,0,1,4
DA:140,2
DA:140,2
DA:148,4
DA:148,4
BRDA:148,1,0,1
BRDA:148,1,1,3
DA:149,1
DA:149,1
DA:150,3
DA:150,3
BRDA:150,2,0,-
BRDA:150,2,1,3
DA:151,0
DA:151,0
DA:152,3
DA:152,3
BRDA:152,3,0,3
BRDA:152,3,1,-
DA:153,3
DA:153,3
DA:155,0
DA:155,0
DA:158,4
DA:158,4
FN:161,SquidFacet._bridgeCall
FNDA:1,SquidFacet._bridgeCall
DA:162,1
DA:162,1
FN:173,SquidFacet._callBridge
FNDA:0,SquidFacet._callBridge
DA:174,0
DA:174,0
FN:186,SquidFacet._callBridgeCall
FNDA:3,SquidFacet._callBridgeCall
DA:187,3
DA:187,3
FN:202,SquidFacet._calculateMsgValue
FNDA:4,SquidFacet._calculateMsgValue
DA:206,4
DA:206,4
DA:207,4
DA:207,4
BRDA:207,4,0,2
BRDA:207,4,1,4
DA:208,2
DA:208,2
DA:210,4
DA:210,4
FNF:8
FNH:6
LF:23
LH:19
BRF:10
BRH:8
end_of_record
TN:
SF:src/Facets/StandardizedCallFacet.sol
FN:15,StandardizedCallFacet.standardizedCall
FNDA:2,StandardizedCallFacet.standardizedCall
DA:16,2
DA:16,2
FN:21,StandardizedCallFacet.standardizedSwapCall
FNDA:2,StandardizedCallFacet.standardizedSwapCall
DA:22,2
DA:22,2
FN:27,StandardizedCallFacet.standardizedBridgeCall
FNDA:2,StandardizedCallFacet.standardizedBridgeCall
DA:28,2
DA:28,2
FN:33,StandardizedCallFacet.standardizedSwapAndBridgeCall
FNDA:2,StandardizedCallFacet.standardizedSwapAndBridgeCall
DA:36,2
DA:36,2
FN:39,StandardizedCallFacet.execute
FNDA:8,StandardizedCallFacet.execute
DA:42,8
DA:42,8
DA:42,8
DA:43,8
DA:43,8
DA:47,8
DA:47,8
DA:47,8
BRDA:47,0,0,4
BRDA:47,0,1,4
DA:48,4
DA:48,4
FNF:5
FNH:5
LF:8
LH:8
BRF:2
BRH:2
end_of_record
TN:
SF:src/Facets/StargateFacet.sol
FN:80,StargateFacet.
FNDA:0,StargateFacet.
DA:81,0
DA:81,0
FN:88,StargateFacet.initStargate
FNDA:23,StargateFacet.initStargate
DA:89,23
DA:89,23
DA:91,22
DA:91,22
DA:91,22
DA:93,22
DA:93,22
DA:93,88
DA:93,66
DA:94,66
DA:94,66
DA:98,22
DA:98,22
DA:100,22
DA:100,22
FN:108,StargateFacet.startBridgeTokensViaStargate
FNDA:269,StargateFacet.startBridgeTokensViaStargate
DA:119,265
DA:119,265
DA:120,264
DA:120,264
DA:124,263
DA:124,263
FN:131,StargateFacet.swapAndStartBridgeTokensViaStargate
FNDA:6,StargateFacet.swapAndStartBridgeTokensViaStargate
DA:143,3
DA:143,3
DA:144,3
DA:144,3
DA:152,2
DA:152,2
FN:155,StargateFacet.quoteLayerZeroFee
FNDA:46,StargateFacet.quoteLayerZeroFee
DA:159,46
DA:159,46
DA:160,46
DA:160,46
FN:178,StargateFacet._startBridge
FNDA:265,StargateFacet._startBridge
DA:182,265
DA:182,265
BRDA:182,0,0,-
BRDA:182,0,1,3
DA:183,3
DA:183,3
DA:201,262
DA:201,262
DA:207,262
DA:207,262
DA:224,263
DA:224,263
DA:226,263
DA:226,263
FN:229,StargateFacet.validateDestinationCallFlag
FNDA:268,StargateFacet.validateDestinationCallFlag
DA:234,268
DA:234,268
BRDA:233,1,0,1
BRDA:233,1,1,267
DA:237,1
DA:237,1
FN:247,StargateFacet.setLayerZeroChainId
FNDA:2,StargateFacet.setLayerZeroChainId
DA:251,2
DA:251,2
DA:252,1
DA:252,1
DA:252,1
DA:254,1
DA:254,1
BRDA:254,2,0,-
BRDA:254,2,1,1
DA:255,0
DA:255,0
DA:258,1
DA:258,1
DA:259,1
DA:259,1
FN:265,StargateFacet.getLayerZeroChainId
FNDA:311,StargateFacet.getLayerZeroChainId
DA:268,311
DA:268,311
DA:268,311
DA:269,311
DA:269,311
DA:270,311
DA:270,311
BRDA:270,3,0,-
BRDA:270,3,1,311
DA:270,0
DA:271,311
DA:271,311
FN:274,StargateFacet.toBytes
FNDA:311,StargateFacet.toBytes
DA:275,311
DA:275,311
DA:275,311
FN:279,StargateFacet.getStorage
FNDA:334,StargateFacet.getStorage
DA:280,334
DA:280,334
DA:283,334
DA:283,334
FNF:11
FNH:10
LF:36
LH:34
BRF:8
BRH:5
end_of_record
TN:
SF:src/Facets/SymbiosisFacet.sol
FN:49,SymbiosisFacet.
FNDA:0,SymbiosisFacet.
DA:53,0
DA:53,0
DA:54,0
DA:54,0
FN:62,SymbiosisFacet.startBridgeTokensViaSymbiosis
FNDA:265,SymbiosisFacet.startBridgeTokensViaSymbiosis
DA:74,260
DA:74,260
DA:79,259
DA:79,259
FN:88,SymbiosisFacet.swapAndStartBridgeTokensViaSymbiosis
FNDA:6,SymbiosisFacet.swapAndStartBridgeTokensViaSymbiosis
DA:100,3
DA:100,3
DA:107,2
DA:107,2
FN:113,SymbiosisFacet._startBridge
FNDA:261,SymbiosisFacet._startBridge
DA:117,261
DA:117,261
DA:117,261
DA:118,261
DA:118,261
DA:120,261
BRDA:120,0,0,2
BRDA:120,0,1,259
DA:121,2
DA:121,2
DA:123,259
DA:123,259
DA:130,261
DA:130,261
DA:144,261
DA:144,261
FNF:4
FNH:3
LF:13
LH:11
BRF:2
BRH:2
end_of_record
TN:
SF:src/Facets/SynapseBridgeFacet.sol
FN:37,SynapseBridgeFacet.
FNDA:0,SynapseBridgeFacet.
DA:38,0
DA:38,0
FN:46,SynapseBridgeFacet.startBridgeTokensViaSynapseBridge
FNDA:265,SynapseBridgeFacet.startBridgeTokensViaSynapseBridge
DA:58,260
DA:58,260
DA:63,259
DA:63,259
FN:70,SynapseBridgeFacet.swapAndStartBridgeTokensViaSynapseBridge
FNDA:6,SynapseBridgeFacet.swapAndStartBridgeTokensViaSynapseBridge
DA:83,3
DA:83,3
DA:90,2
DA:90,2
FN:98,SynapseBridgeFacet._startBridge
FNDA:261,SynapseBridgeFacet._startBridge
DA:102,261
DA:102,261
DA:103,261
DA:103,261
DA:105,261
DA:105,261
BRDA:105,0,0,2
BRDA:105,0,1,259
DA:106,2
DA:106,2
DA:107,2
DA:107,2
DA:109,259
DA:109,259
DA:116,261
DA:116,261
DA:125,261
DA:125,261
FNF:4
FNH:3
LF:13
LH:12
BRF:2
BRH:2
end_of_record
TN:
SF:src/Facets/ThorSwapFacet.sol
FN:31,ThorSwapFacet.
FNDA:0,ThorSwapFacet.
DA:32,0
DA:32,0
FN:38,ThorSwapFacet.startBridgeTokensViaThorSwap
FNDA:265,ThorSwapFacet.startBridgeTokensViaThorSwap
DA:50,260
DA:50,260
DA:54,259
DA:54,259
FN:61,ThorSwapFacet.swapAndStartBridgeTokensViaThorSwap
FNDA:6,ThorSwapFacet.swapAndStartBridgeTokensViaThorSwap
DA:74,3
DA:74,3
DA:80,2
DA:80,2
FN:86,ThorSwapFacet._startBridge
FNDA:261,ThorSwapFacet._startBridge
DA:92,261
DA:92,261
BRDA:92,0,0,-
BRDA:92,0,1,261
DA:92,0
DA:94,261
DA:94,261
DA:94,261
DA:95,261
DA:95,261
DA:95,261
DA:97,261
DA:97,261
BRDA:97,1,0,259
BRDA:97,1,1,261
DA:98,259
DA:98,259
DA:104,261
DA:104,261
DA:114,261
DA:114,261
FNF:4
FNH:3
LF:12
LH:11
BRF:4
BRH:3
end_of_record
TN:
SF:src/Facets/WithdrawFacet.sol
FN:35,WithdrawFacet.executeCallAndWithdraw
FNDA:5,WithdrawFacet.executeCallAndWithdraw
DA:42,5
DA:42,5
DA:42,5
BRDA:42,0,0,2
BRDA:42,0,1,3
DA:43,2
DA:43,2
DA:47,3
DA:47,3
DA:48,3
DA:48,3
DA:48,3
DA:49,3
DA:49,3
BRDA:49,1,0,-
BRDA:49,1,1,3
DA:49,0
DA:52,3
DA:52,3
DA:54,3
BRDA:54,2,0,2
BRDA:54,2,1,1
DA:55,2
DA:55,2
DA:57,1
DA:57,1
FN:65,WithdrawFacet.withdraw
FNDA:0,WithdrawFacet.withdraw
DA:70,0
DA:70,0
DA:70,0
BRDA:70,3,0,-
BRDA:70,3,1,-
DA:71,0
DA:71,0
DA:73,0
DA:73,0
FN:82,WithdrawFacet._withdrawAsset
FNDA:2,WithdrawFacet._withdrawAsset
DA:87,2
DA:87,2
DA:87,2
DA:88,2
DA:88,2
DA:89,2
DA:89,2
FNF:3
FNH:2
LF:15
LH:12
BRF:8
BRH:5
end_of_record
TN:
SF:src/Helpers/CelerIMFacetBase.sol
FN:69,CelerIMFacetBase.
FNDA:0,CelerIMFacetBase.
DA:76,0
DA:76,0
DA:83,0
DA:83,0
DA:84,0
DA:84,0
FN:92,CelerIMFacetBase.startBridgeTokensViaCelerIM
FNDA:272,CelerIMFacetBase.startBridgeTokensViaCelerIM
DA:103,268
DA:103,268
DA:104,267
DA:104,267
BRDA:104,0,0,-
BRDA:104,0,1,262
DA:106,263
DA:106,263
DA:106,263
DA:109,263
DA:109,263
DA:109,263
DA:110,263
DA:110,263
DA:118,262
DA:118,262
DA:118,262
DA:118,262
BRDA:117,1,0,-
BRDA:117,1,1,262
DA:121,0
DA:121,0
DA:125,266
DA:125,266
FN:132,CelerIMFacetBase.swapAndStartBridgeTokensViaCelerIM
FNDA:9,CelerIMFacetBase.swapAndStartBridgeTokensViaCelerIM
DA:144,5
DA:144,5
DA:146,5
DA:146,5
DA:154,4
DA:154,4
BRDA:154,2,0,-
BRDA:154,2,1,2
DA:156,2
DA:156,2
DA:156,2
DA:159,2
DA:159,2
DA:159,2
DA:160,2
DA:160,2
DA:167,2
DA:167,2
DA:167,2
DA:167,2
BRDA:166,3,0,-
BRDA:166,3,1,2
DA:170,0
DA:170,0
DA:174,4
DA:174,4
FN:182,CelerIMFacetBase._startBridge
FNDA:270,CelerIMFacetBase._startBridge
DA:188,270
DA:188,270
DA:188,270
DA:193,270
DA:193,270
BRDA:193,4,0,1
BRDA:193,4,1,267
DA:195,268
DA:195,268
DA:203,2
DA:203,2
DA:206,2
DA:206,2
DA:209,2
DA:209,2
DA:209,2
DA:216,2
DA:216,2
DA:227,2
DA:227,2
DA:231,269
DA:231,269
FN:237,CelerIMFacetBase._getRightAsset
FNDA:265,CelerIMFacetBase._getRightAsset
DA:240,265
DA:240,265
BRDA:240,5,0,-
BRDA:240,5,1,-
DA:242,0
DA:242,0
DA:245,265
DA:245,265
FN:249,CelerIMFacetBase.validateDestinationCallFlag
FNDA:273,CelerIMFacetBase.validateDestinationCallFlag
DA:254,273
DA:254,273
BRDA:253,6,0,1
BRDA:253,6,1,272
DA:257,1
DA:257,1
FNF:6
FNH:5
LF:34
LH:28
BRF:14
BRH:8
end_of_record
TN:
SF:src/Helpers/ExcessivelySafeCall.sol
FN:28,ExcessivelySafeCall.excessivelySafeCall
FNDA:0,ExcessivelySafeCall.excessivelySafeCall
DA:36,0
DA:36,0
DA:37,0
DA:37,0
DA:38,0
DA:38,0
DA:38,0
DA:44,0
DA:44,0
DA:54,0
DA:54,0
DA:55,0
BRDA:55,0,0,-
DA:56,0
DA:56,0
DA:63,0
DA:63,0
FN:81,ExcessivelySafeCall.excessivelySafeStaticCall
FNDA:0,ExcessivelySafeCall.excessivelySafeStaticCall
DA:88,0
DA:88,0
DA:89,0
DA:89,0
DA:90,0
DA:90,0
DA:90,0
DA:96,0
DA:96,0
DA:105,0
DA:105,0
DA:106,0
BRDA:106,1,0,-
DA:107,0
DA:107,0
DA:114,0
DA:114,0
FN:126,ExcessivelySafeCall.swapSelector
FNDA:0,ExcessivelySafeCall.swapSelector
DA:130,0
DA:130,0
BRDA:130,2,0,-
BRDA:130,2,1,-
DA:131,0
DA:131,0
DA:133,0
DA:133,0
DA:139,0
DA:139,0
DA:140,0
DA:140,0
FNF:3
FNH:0
LF:21
LH:0
BRF:4
BRH:0
end_of_record
TN:
SF:src/Helpers/ReentrancyGuard.sol
FN:29,ReentrancyGuard.nonReentrant
FNDA:3314,ReentrancyGuard.nonReentrant
DA:30,3314
DA:30,3314
DA:30,3314
DA:31,3314
DA:31,3314
BRDA:31,0,0,2
BRDA:31,0,1,3043
DA:31,2
DA:32,3312
DA:32,3312
DA:34,3173
DA:34,3173
FN:40,ReentrancyGuard.reentrancyStorage
FNDA:6342,ReentrancyGuard.reentrancyStorage
DA:45,6342
DA:45,6342
DA:48,6342
DA:48,6342
FNF:2
FNH:2
LF:6
LH:6
BRF:2
BRH:2
end_of_record
TN:
SF:src/Helpers/SwapperV2.sol
FN:30,SwapperV2.noLeftovers
FNDA:66,SwapperV2.noLeftovers
DA:35,66
DA:35,66
DA:36,66
DA:36,66
BRDA:36,0,0,4
BRDA:36,0,1,15
DA:37,18
DA:37,18
DA:38,18
DA:38,18
DA:42,18
DA:42,18
DA:42,36
DA:42,36
DA:43,18
DA:43,18
DA:45,18
DA:45,18
BRDA:45,1,0,4
BRDA:45,1,1,15
DA:46,15
DA:46,15
DA:49,15
DA:49,15
BRDA:49,2,0,4
BRDA:49,2,1,15
DA:50,4
DA:50,4
DA:58,18
DA:58,18
FN:71,SwapperV2.noLeftoversReserve
FNDA:23,SwapperV2.noLeftoversReserve
DA:77,23
DA:77,23
DA:78,23
DA:78,23
BRDA:78,3,0,-
BRDA:78,3,1,-
DA:79,0
DA:79,0
DA:80,0
DA:80,0
DA:84,0
DA:84,0
DA:84,0
DA:84,0
DA:85,0
DA:85,0
DA:87,0
DA:87,0
BRDA:87,4,0,-
BRDA:87,4,1,-
DA:88,0
DA:88,0
DA:91,0
DA:91,0
DA:91,0
DA:94,0
DA:94,0
BRDA:94,5,0,-
BRDA:94,5,1,-
DA:95,0
DA:95,0
DA:103,0
DA:103,0
FN:114,SwapperV2.refundExcessNative
FNDA:2784,SwapperV2.refundExcessNative
DA:115,2784
DA:115,2784
DA:115,2784
DA:117,2654
DA:117,2654
DA:119,2654
DA:119,2654
BRDA:119,6,0,5
BRDA:119,6,1,2385
DA:120,5
DA:120,5
FN:136,SwapperV2._depositAndSwap
FNDA:85,SwapperV2._depositAndSwap
DA:142,85
DA:142,85
DA:144,85
DA:144,85
BRDA:144,7,0,19
BRDA:144,7,1,66
DA:145,19
DA:145,19
DA:148,66
DA:148,66
DA:149,66
DA:149,66
DA:149,66
DA:151,66
DA:151,66
BRDA:151,8,0,19
BRDA:151,8,1,66
DA:152,19
DA:152,19
DA:155,66
DA:155,66
DA:155,66
DA:157,66
DA:157,66
DA:158,66
DA:158,66
DA:165,66
DA:165,66
DA:165,66
DA:165,66
DA:168,66
DA:168,66
BRDA:168,9,0,-
BRDA:168,9,1,66
DA:169,0
DA:169,0
DA:172,66
DA:172,66
FN:181,SwapperV2._depositAndSwap
FNDA:32,SwapperV2._depositAndSwap
DA:188,32
DA:188,32
DA:190,32
DA:190,32
BRDA:190,10,0,9
BRDA:190,10,1,23
DA:191,9
DA:191,9
DA:194,23
DA:194,23
DA:195,23
DA:195,23
DA:195,23
DA:197,23
DA:197,23
BRDA:197,11,0,9
BRDA:197,11,1,23
DA:198,9
DA:198,9
DA:201,23
DA:201,23
DA:201,23
DA:203,23
DA:203,23
DA:204,23
DA:204,23
DA:204,23
DA:209,23
DA:209,23
DA:211,23
DA:211,23
DA:211,23
DA:211,23
DA:214,23
DA:214,23
BRDA:214,12,0,9
BRDA:214,12,1,23
DA:215,9
DA:215,9
DA:218,23
DA:218,23
BRDA:218,13,0,-
BRDA:218,13,1,23
DA:219,0
DA:219,0
DA:222,23
DA:222,23
FN:232,SwapperV2._executeSwaps
FNDA:66,SwapperV2._executeSwaps
DA:238,18
DA:238,18
DA:239,18
DA:239,18
DA:239,54
DA:240,36
DA:240,36
DA:243,36
DA:243,36
BRDA:242,14,0,-
BRDA:242,14,1,48
DA:249,0
DA:249,0
DA:251,36
DA:251,36
DA:254,36
DA:254,36
FN:262,SwapperV2._executeSwaps
FNDA:23,SwapperV2._executeSwaps
DA:275,0
DA:275,0
DA:276,0
DA:276,0
DA:276,0
DA:277,0
DA:277,0
DA:280,0
DA:280,0
BRDA:279,15,0,-
BRDA:279,15,1,23
DA:286,0
DA:286,0
DA:288,0
DA:288,0
DA:291,0
DA:291,0
FN:299,SwapperV2._fetchBalances
FNDA:89,SwapperV2._fetchBalances
DA:302,89
DA:302,89
DA:303,89
DA:303,89
DA:303,89
DA:304,89
DA:304,89
DA:305,89
DA:305,89
DA:305,196
DA:306,107
DA:306,107
DA:307,107
DA:307,107
DA:309,107
DA:309,107
BRDA:309,16,0,-
BRDA:309,16,1,31
DA:310,31
DA:310,31
DA:314,107
DA:314,107
DA:318,89
DA:318,89
FNF:8
FNH:8
LF:82
LH:62
BRF:34
BRH:23
end_of_record
TN:
SF:src/Helpers/TransferrableOwnership.sol
FN:24,TransferrableOwnership.
FNDA:84,TransferrableOwnership.
DA:25,84
DA:25,84
FN:28,TransferrableOwnership.onlyOwner
FNDA:8,TransferrableOwnership.onlyOwner
DA:29,8
DA:29,8
BRDA:29,0,0,4
BRDA:29,0,1,16
DA:29,3
FN:35,TransferrableOwnership.transferOwnership
FNDA:20,TransferrableOwnership.transferOwnership
DA:36,16
DA:36,16
BRDA:36,1,0,4
BRDA:36,1,1,12
DA:36,4
DA:37,12
DA:37,12
BRDA:37,2,0,4
BRDA:37,2,1,8
DA:37,4
DA:38,8
DA:38,8
DA:39,8
DA:39,8
FN:43,TransferrableOwnership.cancelOwnershipTransfer
FNDA:0,TransferrableOwnership.cancelOwnershipTransfer
DA:44,0
DA:44,0
BRDA:44,3,0,-
BRDA:44,3,1,-
DA:45,0
DA:45,0
DA:46,0
DA:46,0
FN:50,TransferrableOwnership.confirmOwnershipTransfer
FNDA:8,TransferrableOwnership.confirmOwnershipTransfer
DA:51,8
DA:51,8
DA:52,8
DA:52,8
BRDA:52,4,0,4
BRDA:52,4,1,4
DA:52,4
DA:53,4
DA:53,4
DA:54,4
DA:54,4
DA:55,4
DA:55,4
FNF:5
FNH:4
LF:14
LH:11
BRF:10
BRH:8
end_of_record
TN:
SF:src/Helpers/Validatable.sol
FN:11,Validatable.validateBridgeData
FNDA:3267,Validatable.validateBridgeData
DA:12,3267
DA:12,3267
BRDA:12,0,0,27
BRDA:12,0,1,2980
DA:13,26
DA:13,26
DA:15,3241
DA:15,3241
BRDA:15,1,0,27
BRDA:15,1,1,2953
DA:16,26
DA:16,26
DA:18,3215
DA:18,3215
BRDA:18,2,0,26
BRDA:18,2,1,2927
DA:19,26
DA:19,26
FN:24,Validatable.noNativeAsset
FNDA:3,Validatable.noNativeAsset
DA:25,3
DA:25,3
BRDA:25,3,0,-
BRDA:25,3,1,261
DA:26,0
DA:26,0
FN:31,Validatable.onlyAllowSourceToken
FNDA:524,Validatable.onlyAllowSourceToken
DA:35,524
DA:35,524
BRDA:35,4,0,-
BRDA:35,4,1,525
DA:36,0
DA:36,0
FN:41,Validatable.onlyAllowDestinationChain
FNDA:263,Validatable.onlyAllowDestinationChain
DA:45,263
DA:45,263
BRDA:45,5,0,-
BRDA:45,5,1,263
DA:46,0
DA:46,0
FN:51,Validatable.containsSourceSwaps
FNDA:159,Validatable.containsSourceSwaps
DA:52,159
DA:52,159
BRDA:52,6,0,-
BRDA:52,6,1,159
DA:53,0
DA:53,0
FN:58,Validatable.doesNotContainSourceSwaps
FNDA:6115,Validatable.doesNotContainSourceSwaps
DA:59,6115
BRDA:59,7,0,27
BRDA:59,7,1,6088
DA:60,27
DA:60,27
FN:65,Validatable.doesNotContainDestinationCalls
FNDA:2697,Validatable.doesNotContainDestinationCalls
DA:68,2697
BRDA:68,8,0,10
BRDA:68,8,1,2693
DA:69,11
DA:69,11
FNF:7
FNH:7
LF:18
LH:14
BRF:18
BRH:14
end_of_record
TN:
SF:src/LiFiDiamond.sol
FN:13,LiFiDiamond.
FNDA:0,LiFiDiamond.
DA:14,0
DA:14,0
DA:17,0
DA:17,0
DA:17,0
DA:18,0
DA:18,0
DA:18,0
DA:19,0
DA:19,0
DA:20,0
DA:20,0
DA:25,0
DA:25,0
FN:31,LiFiDiamond.
FNDA:12110,LiFiDiamond.
DA:32,12110
DA:32,12110
DA:33,12110
DA:33,12110
DA:38,12110
DA:38,12110
DA:42,12110
DA:42,12110
DA:44,12110
DA:44,12110
DA:44,12110
BRDA:44,0,0,-
BRDA:44,0,1,12110
DA:45,0
DA:45,0
FNF:2
FNH:1
LF:12
LH:5
BRF:2
BRH:1
end_of_record
TN:
SF:src/LiFiDiamondImmutable.sol
FN:13,LiFiDiamondImmutable.
FNDA:0,LiFiDiamondImmutable.
DA:14,0
DA:14,0
DA:17,0
DA:17,0
DA:17,0
DA:18,0
DA:18,0
DA:18,0
DA:19,0
DA:19,0
DA:20,0
DA:20,0
DA:25,0
DA:25,0
FN:31,LiFiDiamondImmutable.
FNDA:0,LiFiDiamondImmutable.
DA:32,0
DA:32,0
DA:33,0
DA:33,0
DA:38,0
DA:38,0
DA:42,0
DA:42,0
DA:44,0
DA:44,0
DA:44,0
BRDA:44,0,0,-
BRDA:44,0,1,-
DA:45,0
DA:45,0
FNF:2
FNH:0
LF:12
LH:0
BRF:2
BRH:0
end_of_record
TN:
SF:src/Libraries/LibAccess.sol
FN:24,LibAccess.accessStorage
FNDA:8,LibAccess.accessStorage
DA:29,8
DA:29,8
DA:32,8
DA:32,8
FN:39,LibAccess.addAccess
FNDA:2,LibAccess.addAccess
DA:40,2
DA:40,2
DA:40,2
BRDA:40,0,0,-
BRDA:40,0,1,2
DA:41,0
DA:41,0
DA:43,2
DA:43,2
DA:43,2
DA:44,2
DA:44,2
DA:45,2
DA:45,2
FN:51,LibAccess.removeAccess
FNDA:1,LibAccess.removeAccess
DA:52,1
DA:52,1
DA:52,1
DA:53,1
DA:53,1
DA:54,1
DA:54,1
FN:59,LibAccess.enforceAccessControl
FNDA:5,LibAccess.enforceAccessControl
DA:60,5
DA:60,5
DA:60,5
DA:61,5
DA:61,5
BRDA:61,1,0,4
BRDA:61,1,1,1
DA:62,4
DA:62,4
FNF:4
FNH:4
LF:13
LH:12
BRF:4
BRH:3
end_of_record
TN:
SF:src/Libraries/LibAllowList.sol
FN:22,LibAllowList.addAllowedContract
FNDA:776,LibAllowList.addAllowedContract
DA:23,776
DA:23,776
DA:25,772
DA:25,772
DA:25,772
DA:27,772
BRDA:27,0,0,114
BRDA:27,0,1,658
DA:27,114
DA:29,658
DA:29,658
DA:30,658
DA:30,658
FN:35,LibAllowList.contractIsAllowed
FNDA:266,LibAllowList.contractIsAllowed
DA:38,266
DA:38,266
FN:43,LibAllowList.removeAllowedContract
FNDA:6,LibAllowList.removeAllowedContract
DA:44,6
DA:44,6
DA:44,6
DA:46,6
DA:46,6
BRDA:46,1,0,-
BRDA:46,1,1,6
DA:47,0
DA:47,0
DA:50,6
DA:50,6
DA:52,6
DA:52,6
DA:54,6
DA:54,6
DA:54,7
DA:54,1
DA:55,7
DA:55,7
BRDA:55,2,0,-
BRDA:55,2,1,6
DA:57,6
DA:57,6
DA:59,6
DA:59,6
DA:60,6
DA:60,6
FN:66,LibAllowList.getAllowedContracts
FNDA:4,LibAllowList.getAllowedContracts
DA:67,4
DA:67,4
FN:72,LibAllowList.addAllowedSelector
FNDA:2317,LibAllowList.addAllowedSelector
DA:73,2317
DA:73,2317
FN:78,LibAllowList.removeAllowedSelector
FNDA:0,LibAllowList.removeAllowedSelector
DA:79,0
DA:79,0
FN:84,LibAllowList.selectorIsAllowed
FNDA:166,LibAllowList.selectorIsAllowed
DA:85,166
DA:85,166
FN:89,LibAllowList._getStorage
FNDA:3531,LibAllowList._getStorage
DA:94,3531
DA:94,3531
DA:97,3531
DA:97,3531
FN:103,LibAllowList._checkAddress
FNDA:776,LibAllowList._checkAddress
DA:104,776
DA:104,776
DA:104,776
BRDA:104,3,0,2
BRDA:104,3,1,774
DA:104,2
DA:106,774
DA:106,774
BRDA:106,4,0,2
BRDA:106,4,1,772
DA:106,2
FNF:9
FNH:8
LF:24
LH:22
BRF:10
BRH:8
end_of_record
TN:
SF:src/Libraries/LibAsset.sol
FN:25,LibAsset.getOwnBalance
FNDA:770,LibAsset.getOwnBalance
DA:26,770
DA:26,770
DA:27,770
DA:27,770
FN:36,LibAsset.transferNativeAsset
FNDA:22,LibAsset.transferNativeAsset
DA:40,22
DA:40,22
BRDA:40,0,0,-
BRDA:40,0,1,22
DA:40,0
DA:41,22
DA:41,22
BRDA:41,1,0,-
BRDA:41,1,1,22
DA:42,0
DA:42,0
DA:44,22
DA:44,22
DA:44,22
DA:45,22
DA:45,22
BRDA:45,2,0,4
BRDA:45,2,1,18
DA:45,4
FN:53,LibAsset.maxApproveERC20
FNDA:6633,LibAsset.maxApproveERC20
DA:58,6633
DA:58,6633
BRDA:58,3,0,6630
BRDA:58,3,1,6633
DA:59,6633
DA:59,6633
DA:61,6630
DA:61,6630
BRDA:61,4,0,-
BRDA:61,4,1,6630
DA:62,0
DA:62,0
DA:65,6630
DA:65,6630
DA:65,6630
BRDA:65,5,0,6625
BRDA:65,5,1,6630
DA:66,6625
DA:66,6625
DA:67,6625
DA:67,6625
FN:76,LibAsset.transferERC20
FNDA:46,LibAsset.transferERC20
DA:81,46
DA:81,46
BRDA:81,6,0,-
BRDA:81,6,1,46
DA:82,0
DA:82,0
DA:84,46
DA:84,46
BRDA:84,7,0,-
BRDA:84,7,1,46
DA:85,0
DA:85,0
DA:88,46
DA:88,46
DA:88,46
DA:89,46
DA:89,46
BRDA:89,8,0,-
BRDA:89,8,1,46
DA:90,0
DA:90,0
DA:92,46
DA:92,46
FN:100,LibAsset.transferFromERC20
FNDA:6577,LibAsset.transferFromERC20
DA:106,6577
DA:106,6577
BRDA:106,9,0,-
BRDA:106,9,1,6577
DA:107,0
DA:107,0
DA:109,6577
DA:109,6577
BRDA:109,10,0,-
BRDA:109,10,1,6577
DA:110,0
DA:110,0
DA:113,6577
DA:113,6577
DA:113,6577
DA:114,6577
DA:114,6577
DA:114,6577
DA:115,6577
DA:115,6577
DA:116,6574
DA:116,6574
DA:116,6574
DA:116,6574
BRDA:116,11,0,-
BRDA:116,11,1,6574
DA:117,0
DA:117,0
FN:121,LibAsset.depositAsset
FNDA:6116,LibAsset.depositAsset
DA:122,6116
DA:122,6116
BRDA:122,12,0,-
BRDA:122,12,1,6116
DA:122,0
DA:123,6116
DA:123,6116
BRDA:123,13,0,3
BRDA:123,13,1,35
DA:124,38
DA:124,38
BRDA:124,14,0,3
BRDA:124,14,1,35
DA:124,3
DA:126,6078
DA:126,6078
DA:126,6078
DA:127,6078
DA:127,6078
BRDA:127,15,0,25
BRDA:127,15,1,6053
DA:127,25
DA:128,6053
DA:128,6053
FN:132,LibAsset.depositAssets
FNDA:89,LibAsset.depositAssets
DA:133,89
DA:133,89
DA:133,196
DA:134,107
DA:134,107
DA:135,107
BRDA:135,16,0,90
BRDA:135,16,1,107
DA:136,90
DA:136,90
DA:139,107
DA:139,107
FN:147,LibAsset.isNativeAsset
FNDA:26593,LibAsset.isNativeAsset
DA:148,26593
DA:148,26593
DA:148,26593
FN:158,LibAsset.transferAsset
FNDA:68,LibAsset.transferAsset
DA:163,68
DA:163,68
FN:169,LibAsset.isContract
FNDA:398,LibAsset.isContract
DA:170,398
DA:170,398
DA:173,398
DA:173,398
DA:175,398
DA:175,398
DA:175,398
FNF:10
FNH:10
LF:47
LH:39
BRF:34
BRH:24
end_of_record
TN:
SF:src/Libraries/LibBytes.sol
FN:16,LibBytes.slice
FNDA:35,LibBytes.slice
DA:21,35
DA:21,35
DA:21,35
BRDA:21,0,0,-
BRDA:21,0,1,35
DA:21,0
DA:22,35
DA:22,35
DA:22,35
BRDA:22,1,0,-
BRDA:22,1,1,35
DA:22,0
DA:24,35
DA:24,35
DA:87,35
DA:87,35
FN:90,LibBytes.toAddress
FNDA:0,LibBytes.toAddress
DA:94,0
DA:94,0
DA:94,0
BRDA:94,2,0,-
BRDA:94,2,1,-
DA:95,0
DA:95,0
DA:97,0
DA:97,0
DA:100,0
DA:100,0
DA:106,0
DA:106,0
FN:111,LibBytes.toHexString
FNDA:12,LibBytes.toHexString
DA:115,12
DA:115,12
DA:115,12
DA:116,12
DA:116,12
DA:117,12
DA:117,12
DA:118,12
DA:118,12
DA:118,12
DA:118,12
DA:118,492
DA:118,480
DA:119,480
DA:119,480
DA:120,480
DA:120,480
DA:122,12
DA:122,12
BRDA:122,3,0,-
BRDA:122,3,1,12
DA:123,12
DA:123,12
DA:123,12
FNF:3
FNH:2
LF:17
LH:12
BRF:8
BRH:3
end_of_record
TN:
SF:src/Libraries/LibDiamond.sol
FN:53,LibDiamond.diamondStorage
FNDA:4712,LibDiamond.diamondStorage
DA:58,4712
DA:58,4712
DA:61,4712
DA:61,4712
FN:70,LibDiamond.setContractOwner
FNDA:1,LibDiamond.setContractOwner
DA:71,1
DA:71,1
DA:71,1
DA:72,1
DA:72,1
DA:73,1
DA:73,1
DA:74,1
DA:74,1
FN:77,LibDiamond.contractOwner
FNDA:24,LibDiamond.contractOwner
DA:78,24
DA:78,24
FN:81,LibDiamond.enforceIsContractOwner
FNDA:1729,LibDiamond.enforceIsContractOwner
DA:82,1729
DA:82,1729
BRDA:82,0,0,8
BRDA:82,0,1,1721
DA:83,8
DA:83,8
FN:93,LibDiamond.diamondCut
FNDA:1508,LibDiamond.diamondCut
DA:98,1508
DA:98,1508
DA:98,4458
DA:99,2950
DA:99,2950
DA:100,2950
DA:100,2950
BRDA:100,1,0,-
BRDA:100,1,1,2950
DA:101,2950
DA:101,2950
DA:105,0
DA:105,0
BRDA:105,2,0,-
BRDA:105,2,1,-
DA:106,0
DA:106,0
DA:110,0
DA:110,0
BRDA:110,3,0,-
BRDA:110,3,1,-
DA:111,0
DA:111,0
DA:116,0
DA:116,0
DA:119,2950
DA:119,2950
DA:122,1508
DA:122,1508
DA:123,1508
DA:123,1508
FN:126,LibDiamond.addFunctions
FNDA:2950,LibDiamond.addFunctions
DA:130,2950
DA:130,2950
BRDA:130,4,0,-
BRDA:130,4,1,2950
DA:131,0
DA:131,0
DA:133,2950
DA:133,2950
DA:133,2950
DA:134,2950
DA:134,2950
BRDA:134,5,0,-
BRDA:134,5,1,2950
DA:135,0
DA:135,0
DA:137,2950
DA:137,2950
DA:137,2950
DA:141,2950
DA:141,2950
BRDA:141,6,0,2950
BRDA:141,6,1,2950
DA:142,2950
DA:142,2950
DA:145,2950
DA:145,2950
DA:146,14815
DA:146,14815
DA:149,11865
DA:149,11865
DA:150,11865
DA:150,11865
DA:153,11865
DA:153,11865
BRDA:153,7,0,-
BRDA:153,7,1,11865
DA:154,0
DA:154,0
DA:156,11865
DA:156,11865
DA:158,11865
DA:158,11865
DA:159,11865
DA:159,11865
FN:164,LibDiamond.replaceFunctions
FNDA:0,LibDiamond.replaceFunctions
DA:168,0
DA:168,0
BRDA:168,8,0,-
BRDA:168,8,1,-
DA:169,0
DA:169,0
DA:171,0
DA:171,0
DA:171,0
DA:172,0
DA:172,0
BRDA:172,9,0,-
BRDA:172,9,1,-
DA:173,0
DA:173,0
DA:175,0
DA:175,0
DA:175,0
DA:179,0
DA:179,0
BRDA:179,10,0,-
BRDA:179,10,1,-
DA:180,0
DA:180,0
DA:183,0
DA:183,0
DA:184,0
DA:184,0
DA:187,0
DA:187,0
DA:188,0
DA:188,0
DA:191,0
DA:191,0
BRDA:191,11,0,-
BRDA:191,11,1,-
DA:192,0
DA:192,0
DA:194,0
DA:194,0
DA:195,0
DA:195,0
DA:197,0
DA:197,0
DA:198,0
DA:198,0
FN:203,LibDiamond.removeFunctions
FNDA:0,LibDiamond.removeFunctions
DA:207,0
DA:207,0
BRDA:207,12,0,-
BRDA:207,12,1,-
DA:208,0
DA:208,0
DA:210,0
DA:210,0
DA:210,0
DA:212,0
DA:212,0
BRDA:212,13,0,-
BRDA:212,13,1,-
DA:213,0
DA:213,0
DA:216,0
DA:216,0
DA:217,0
DA:217,0
DA:220,0
DA:220,0
DA:221,0
DA:221,0
DA:224,0
DA:224,0
DA:226,0
DA:226,0
FN:231,LibDiamond.addFacet
FNDA:2950,LibDiamond.addFacet
DA:235,2950
DA:235,2950
DA:236,2950
DA:236,2950
DA:239,2950
DA:239,2950
FN:242,LibDiamond.addFunction
FNDA:11865,LibDiamond.addFunction
DA:248,11865
DA:248,11865
DA:251,11865
DA:251,11865
DA:254,11865
DA:254,11865
FN:257,LibDiamond.removeFunction
FNDA:0,LibDiamond.removeFunction
DA:262,0
DA:262,0
BRDA:262,14,0,-
BRDA:262,14,1,-
DA:263,0
DA:263,0
DA:266,0
DA:266,0
DA:266,0
BRDA:266,15,0,-
BRDA:266,15,1,-
DA:267,0
DA:267,0
DA:270,0
DA:270,0
DA:273,0
DA:273,0
DA:273,0
DA:278,0
DA:278,0
BRDA:278,16,0,-
BRDA:278,16,1,-
DA:279,0
DA:279,0
DA:282,0
DA:282,0
DA:285,0
DA:285,0
DA:290,0
DA:290,0
DA:291,0
DA:291,0
DA:294,0
DA:294,0
BRDA:294,17,0,-
BRDA:294,17,1,-
DA:296,0
DA:296,0
DA:296,0
DA:297,0
DA:297,0
DA:300,0
DA:300,0
BRDA:300,18,0,-
BRDA:300,18,1,-
DA:301,0
DA:301,0
DA:304,0
DA:304,0
DA:305,0
DA:305,0
DA:309,0
DA:309,0
DA:310,0
DA:310,0
FN:316,LibDiamond.initializeDiamondCut
FNDA:1508,LibDiamond.initializeDiamondCut
DA:320,1508
DA:320,1508
BRDA:320,19,0,-
BRDA:320,19,1,1500
DA:321,1500
DA:321,1500
BRDA:321,20,0,-
BRDA:321,20,1,1500
DA:322,0
DA:322,0
DA:325,8
DA:325,8
BRDA:325,21,0,-
BRDA:325,21,1,8
DA:326,0
DA:326,0
DA:328,8
DA:328,8
DA:328,8
BRDA:328,22,0,8
BRDA:328,22,1,8
DA:329,8
DA:329,8
DA:332,8
DA:332,8
DA:332,8
DA:333,8
DA:333,8
BRDA:333,23,0,-
BRDA:333,23,1,-
DA:334,0
DA:334,0
BRDA:334,24,0,-
BRDA:334,24,1,-
DA:336,0
DA:336,0
DA:338,0
DA:338,0
FN:344,LibDiamond.enforceHasContractCode
FNDA:2958,LibDiamond.enforceHasContractCode
DA:345,2958
DA:345,2958
DA:348,2958
DA:348,2958
DA:350,2958
DA:350,2958
BRDA:350,25,0,-
BRDA:350,25,1,2958
DA:351,0
DA:351,0
FNF:13
FNH:10
LF:110
LH:46
BRF:52
BRH:14
end_of_record
TN:
SF:src/Libraries/LibSwap.sol
FN:30,LibSwap.swap
FNDA:134,LibSwap.swap
DA:31,134
DA:31,134
BRDA:31,0,0,-
BRDA:31,0,1,134
DA:31,0
DA:32,134
DA:32,134
DA:33,134
DA:33,134
BRDA:33,1,0,-
BRDA:33,1,1,134
DA:33,0
DA:34,134
DA:34,134
DA:34,134
DA:37,134
DA:37,134
DA:37,134
DA:40,134
DA:40,134
DA:40,134
DA:44,134
DA:44,134
BRDA:44,2,0,112
BRDA:44,2,1,134
DA:45,112
DA:45,112
DA:52,134
DA:52,134
BRDA:52,3,0,2
BRDA:52,3,1,132
DA:53,2
DA:53,2
DA:60,132
DA:60,132
DA:60,132
DA:63,132
DA:63,132
BRDA:63,4,0,1
BRDA:63,4,1,131
DA:64,1
DA:64,1
DA:67,131
DA:67,131
DA:67,131
DA:69,131
DA:69,131
FNF:1
FNH:1
LF:15
LH:15
BRF:10
BRH:8
end_of_record
TN:
SF:src/Libraries/LibUtil.sol
FN:9,LibUtil.getRevertMsg
FNDA:0,LibUtil.getRevertMsg
DA:13,0
DA:13,0
BRDA:13,0,0,-
BRDA:13,0,1,-
DA:13,0
DA:14,0
DA:14,0
DA:14,0
DA:15,0
DA:15,0
DA:15,0
FN:21,LibUtil.isZeroAddress
FNDA:22626,LibUtil.isZeroAddress
DA:22,22626
DA:22,22626
DA:22,22626
DA:22,22626
FN:25,LibUtil.revertWith
FNDA:9,LibUtil.revertWith
FNF:3
FNH:2
LF:4
LH:1
BRF:2
BRH:0
end_of_record
TN:
SF:src/Periphery/ERC20Proxy.sol
FN:22,ERC20Proxy.
FNDA:0,ERC20Proxy.
DA:23,0
DA:23,0
FN:29,ERC20Proxy.setAuthorizedCaller
FNDA:6,ERC20Proxy.setAuthorizedCaller
DA:33,6
DA:33,6
DA:34,6
DA:34,6
FN:42,ERC20Proxy.transferFrom
FNDA:2,ERC20Proxy.transferFrom
DA:48,2
DA:48,2
BRDA:48,0,0,-
BRDA:48,0,1,2
DA:48,0
DA:50,2
DA:50,2
FNF:3
FNH:2
LF:5
LH:4
BRF:2
BRH:1
end_of_record
TN:
SF:src/Periphery/Executor.sol
FN:30,Executor.noLeftovers
FNDA:11,Executor.noLeftovers
DA:34,11
DA:34,11
DA:35,11
DA:35,11
BRDA:35,0,0,-
BRDA:35,0,1,9
DA:36,3
DA:36,3
DA:36,3
DA:37,3
DA:37,3
DA:38,3
DA:38,3
DA:42,3
DA:42,3
DA:42,18
DA:42,18
DA:43,15
DA:43,15
DA:45,15
DA:45,15
BRDA:45,1,0,-
BRDA:45,1,1,9
DA:46,9
DA:46,9
DA:47,9
DA:47,9
BRDA:47,2,0,-
BRDA:47,2,1,9
DA:48,9
DA:48,9
DA:56,15
DA:56,15
FN:67,Executor.
FNDA:0,Executor.
DA:68,0
DA:68,0
DA:69,0
DA:69,0
FN:79,Executor.swapAndCompleteBridgeTokens
FNDA:9,Executor.swapAndCompleteBridgeTokens
DA:85,9
DA:85,9
FN:101,Executor.swapAndExecute
FNDA:2,Executor.swapAndExecute
DA:108,2
DA:108,2
FN:127,Executor._processSwaps
FNDA:11,Executor._processSwaps
DA:135,11
DA:135,11
DA:136,11
DA:136,11
DA:137,11
DA:137,11
DA:139,11
DA:139,11
BRDA:139,3,0,8
BRDA:139,3,1,3
DA:140,8
DA:140,8
DA:142,3
DA:142,3
DA:147,11
DA:147,11
BRDA:147,4,0,-
BRDA:147,4,1,2
DA:148,10
DA:148,10
DA:149,10
BRDA:149,5,0,-
BRDA:149,5,1,8
DA:150,8
DA:150,8
DA:150,8
DA:154,8
DA:154,8
DA:156,2
DA:156,2
DA:164,1
DA:164,1
DA:169,11
DA:169,11
DA:171,8
DA:171,8
DA:171,8
DA:172,8
DA:172,8
BRDA:172,6,0,4
BRDA:172,6,1,8
DA:173,4
DA:173,4
DA:180,8
DA:180,8
DA:180,8
DA:184,8
DA:184,8
BRDA:184,7,0,4
BRDA:184,7,1,8
DA:185,4
DA:185,4
DA:192,8
DA:192,8
FN:205,Executor._executeSwaps
FNDA:11,Executor._executeSwaps
DA:210,3
DA:210,3
DA:211,3
DA:211,3
DA:211,21
DA:212,18
DA:212,18
DA:212,18
BRDA:212,8,0,-
BRDA:212,8,1,8
DA:213,0
DA:213,0
DA:216,18
DA:216,18
DA:217,18
DA:217,18
DA:219,18
DA:219,18
FN:227,Executor._fetchBalances
FNDA:3,Executor._fetchBalances
DA:230,3
DA:230,3
DA:231,3
DA:231,3
DA:231,3
DA:232,3
DA:232,3
DA:233,3
DA:233,3
DA:233,21
DA:234,18
DA:234,18
DA:235,18
DA:235,18
DA:237,18
DA:237,18
BRDA:237,9,0,-
BRDA:237,9,1,9
DA:238,9
DA:238,9
DA:242,18
DA:242,18
DA:246,3
DA:246,3
FNF:7
FNH:6
LF:54
LH:51
BRF:20
BRH:13
end_of_record
TN:
SF:src/Periphery/FeeCollector.sol
FN:44,FeeCollector.
FNDA:26,FeeCollector.
FN:53,FeeCollector.collectTokenFees
FNDA:11,FeeCollector.collectTokenFees
DA:59,11
DA:59,11
DA:60,11
DA:60,11
DA:61,11
DA:61,11
DA:62,11
DA:62,11
FN:74,FeeCollector.collectNativeFees
FNDA:6,FeeCollector.collectNativeFees
DA:79,6
DA:79,6
DA:79,6
BRDA:79,0,0,-
BRDA:79,0,1,6
DA:80,0
DA:80,0
DA:81,6
DA:81,6
DA:82,6
DA:82,6
DA:83,6
DA:83,6
DA:83,6
DA:85,6
DA:85,6
BRDA:85,1,0,-
BRDA:85,1,1,1
DA:87,1
DA:87,1
DA:87,1
DA:90,1
DA:90,1
BRDA:90,2,0,-
BRDA:90,2,1,1
DA:91,0
DA:91,0
DA:94,6
DA:94,6
FN:104,FeeCollector.withdrawIntegratorFees
FNDA:2,FeeCollector.withdrawIntegratorFees
DA:105,2
DA:105,2
DA:106,2
DA:106,2
BRDA:106,3,0,1
BRDA:106,3,1,1
DA:107,1
DA:107,1
DA:109,1
DA:109,1
DA:110,1
DA:110,1
DA:111,1
DA:111,1
FN:116,FeeCollector.batchWithdrawIntegratorFees
FNDA:1,FeeCollector.batchWithdrawIntegratorFees
DA:119,1
DA:119,1
DA:120,1
DA:120,1
DA:121,1
DA:121,1
DA:121,3
DA:122,2
DA:122,2
DA:123,2
DA:123,2
BRDA:123,4,0,-
BRDA:123,4,1,2
DA:124,2
DA:124,2
DA:125,2
DA:125,2
DA:130,2
DA:130,2
DA:133,2
DA:133,2
FN:140,FeeCollector.withdrawLifiFees
FNDA:2,FeeCollector.withdrawLifiFees
DA:141,1
DA:141,1
DA:142,1
DA:142,1
BRDA:142,5,0,-
BRDA:142,5,1,1
DA:143,0
DA:143,0
DA:145,1
DA:145,1
DA:146,1
DA:146,1
DA:147,1
DA:147,1
FN:152,FeeCollector.batchWithdrawLifiFees
FNDA:2,FeeCollector.batchWithdrawLifiFees
DA:155,1
DA:155,1
DA:156,1
DA:156,1
DA:157,1
DA:157,1
DA:157,3
DA:158,2
DA:158,2
DA:159,2
DA:159,2
DA:160,2
DA:160,2
DA:165,2
DA:165,2
DA:167,2
DA:167,2
FN:175,FeeCollector.getTokenBalance
FNDA:8,FeeCollector.getTokenBalance
DA:179,8
DA:179,8
FN:184,FeeCollector.getLifiTokenBalance
FNDA:8,FeeCollector.getLifiTokenBalance
DA:187,8
DA:187,8
FNF:9
FNH:9
LF:45
LH:42
BRF:12
BRH:7
end_of_record
TN:
SF:src/Periphery/GasRebateDistributor.sol
FN:39,GasRebateDistributor.
FNDA:13,GasRebateDistributor.
DA:45,13
DA:45,13
DA:46,13
DA:46,13
DA:47,13
DA:47,13
DA:48,13
DA:48,13
FN:56,GasRebateDistributor.claim
FNDA:10,GasRebateDistributor.claim
DA:61,9
DA:61,9
BRDA:61,0,0,1
BRDA:61,0,1,8
DA:62,1
DA:62,1
DA:65,8
DA:65,8
BRDA:65,1,0,1
BRDA:65,1,1,7
DA:65,1
DA:68,7
DA:68,7
DA:68,7
DA:69,7
DA:69,7
BRDA:69,2,0,3
BRDA:69,2,1,4
DA:70,3
DA:70,3
DA:73,4
DA:73,4
DA:76,4
DA:76,4
DA:78,4
DA:78,4
FN:85,GasRebateDistributor.withdrawUnclaimed
FNDA:3,GasRebateDistributor.withdrawUnclaimed
DA:89,1
DA:89,1
DA:89,2
DA:91,1
DA:91,1
DA:91,1
DA:96,1
DA:96,1
DA:100,1
DA:100,1
FN:109,GasRebateDistributor.updateMerkleRoot
FNDA:3,GasRebateDistributor.updateMerkleRoot
DA:115,2
DA:115,2
DA:118,2
DA:118,2
DA:121,2
DA:121,2
DA:124,2
DA:124,2
FN:128,GasRebateDistributor.pauseContract
FNDA:3,GasRebateDistributor.pauseContract
DA:129,3
DA:129,3
FN:133,GasRebateDistributor.unpauseContract
FNDA:1,GasRebateDistributor.unpauseContract
DA:134,1
DA:134,1
FNF:6
FNH:6
LF:23
LH:23
BRF:6
BRH:6
end_of_record
TN:
SF:src/Periphery/GasZip.sol
FN:35,GasZip.
FNDA:4,GasZip.
DA:36,4
DA:36,4
FN:43,GasZip.zipERC20
FNDA:1,GasZip.zipERC20
DA:49,1
DA:49,1
DA:56,1
DA:56,1
DA:59,1
DA:59,1
DA:65,1
DA:65,1
DA:65,1
DA:70,1
DA:70,1
BRDA:70,0,0,-
BRDA:70,0,1,1
DA:71,0
DA:71,0
FN:82,GasZip.zip
FNDA:1,GasZip.zip
DA:87,1
DA:87,1
DA:88,1
DA:88,1
DA:89,1
DA:89,1
DA:91,1
DA:91,1
DA:96,1
DA:96,1
DA:98,1
DA:98,1
DA:102,1
DA:102,1
BRDA:102,1,0,-
BRDA:102,1,1,-
DA:104,0
DA:104,0
DA:104,0
DA:105,0
DA:105,0
BRDA:105,2,0,-
BRDA:105,2,1,-
DA:105,0
FNF:3
FNH:3
LF:16
LH:13
BRF:6
BRH:1
end_of_record
TN:
SF:src/Periphery/LiFuelFeeCollector.sol
FN:33,LiFuelFeeCollector.
FNDA:20,LiFuelFeeCollector.
FN:42,LiFuelFeeCollector.collectTokenGasFees
FNDA:263,LiFuelFeeCollector.collectTokenGasFees
DA:48,263
DA:48,263
DA:49,263
DA:49,263
FN:55,LiFuelFeeCollector.collectNativeGasFees
FNDA:4,LiFuelFeeCollector.collectNativeGasFees
DA:60,4
DA:60,4
DA:66,4
DA:66,4
DA:66,4
DA:67,4
DA:67,4
BRDA:67,0,0,-
BRDA:67,0,1,-
DA:68,0
DA:68,0
DA:68,0
DA:69,0
DA:69,0
BRDA:69,1,0,-
BRDA:69,1,1,-
DA:70,0
DA:70,0
FN:77,LiFuelFeeCollector.withdrawFees
FNDA:2,LiFuelFeeCollector.withdrawFees
DA:78,1
DA:78,1
DA:78,1
DA:79,1
DA:79,1
DA:80,1
DA:80,1
FN:85,LiFuelFeeCollector.batchWithdrawFees
FNDA:1,LiFuelFeeCollector.batchWithdrawFees
DA:88,1
DA:88,1
DA:89,1
DA:89,1
DA:90,1
DA:90,1
DA:90,3
DA:91,2
DA:91,2
DA:92,2
DA:92,2
DA:97,2
DA:97,2
DA:99,2
DA:99,2
FNF:5
FNH:5
LF:18
LH:15
BRF:4
BRH:0
end_of_record
TN:
SF:src/Periphery/Receiver.sol
FN:33,Receiver.onlySGRouter
FNDA:2,Receiver.onlySGRouter
DA:34,2
DA:34,2
BRDA:34,0,0,-
BRDA:34,0,1,2
DA:35,0
DA:35,0
FN:39,Receiver.onlyAmarokRouter
FNDA:2,Receiver.onlyAmarokRouter
DA:40,2
DA:40,2
BRDA:40,1,0,-
BRDA:40,1,1,2
DA:41,0
DA:41,0
FN:47,Receiver.
FNDA:0,Receiver.
DA:54,0
DA:54,0
DA:55,0
DA:55,0
DA:56,0
DA:56,0
DA:57,0
DA:57,0
DA:58,0
DA:58,0
DA:59,0
DA:59,0
DA:60,0
DA:60,0
DA:61,0
DA:61,0
FN:74,Receiver.xReceive
FNDA:2,Receiver.xReceive
DA:82,2
DA:82,2
DA:82,2
DA:87,2
DA:87,2
FN:105,Receiver.sgReceive
FNDA:2,Receiver.sgReceive
DA:113,2
DA:113,2
DA:118,2
DA:118,2
DA:123,2
DA:123,2
FN:138,Receiver.swapAndCompleteBridgeTokens
FNDA:0,Receiver.swapAndCompleteBridgeTokens
DA:144,0
DA:144,0
BRDA:144,2,0,-
BRDA:144,2,1,-
DA:145,0
DA:145,0
DA:154,0
DA:154,0
DA:154,0
DA:158,0
DA:158,0
DA:159,0
DA:159,0
FN:174,Receiver.pullToken
FNDA:2,Receiver.pullToken
DA:179,1
DA:179,1
BRDA:179,3,0,-
BRDA:179,3,1,-
DA:181,0
DA:181,0
DA:181,0
DA:182,0
DA:182,0
BRDA:182,4,0,-
BRDA:182,4,1,-
DA:182,0
DA:184,1
DA:184,1
FN:197,Receiver._swapAndCompleteBridgeTokens
FNDA:4,Receiver._swapAndCompleteBridgeTokens
DA:205,4
DA:205,4
DA:205,4
DA:207,4
DA:207,4
BRDA:207,5,0,-
BRDA:207,5,1,-
DA:209,0
DA:209,0
DA:209,0
DA:210,0
DA:210,0
DA:210,0
BRDA:210,6,0,-
BRDA:210,6,1,-
DA:213,0
DA:213,0
DA:213,0
DA:214,0
DA:214,0
BRDA:214,7,0,-
BRDA:214,7,1,-
DA:214,0
DA:216,0
DA:216,0
DA:223,0
DA:223,0
DA:229,0
DA:229,0
DA:248,4
DA:248,4
DA:248,4
DA:249,4
DA:249,4
DA:249,4
DA:250,4
DA:250,4
DA:252,4
DA:252,4
DA:252,2
BRDA:252,8,0,1
BRDA:252,8,1,3
DA:254,1
DA:254,1
DA:256,1
DA:256,1
DA:263,1
DA:263,1
DA:267,3
DA:267,3
DA:269,3
DA:269,3
DA:283,3
DA:283,3
FNF:8
FNH:6
LF:45
LH:21
BRF:18
BRH:4
end_of_record
TN:
SF:src/Periphery/RelayerCelerIM.sol
FN:40,RelayerCelerIM.onlyCBridgeMessageBus
FNDA:2,RelayerCelerIM.onlyCBridgeMessageBus
DA:41,2
DA:41,2
DA:41,2
BRDA:41,0,0,1
BRDA:41,0,1,2
DA:41,1
FN:44,RelayerCelerIM.onlyDiamond
FNDA:269,RelayerCelerIM.onlyDiamond
DA:45,269
DA:45,269
BRDA:45,1,0,-
BRDA:45,1,1,2
DA:45,0
FN:51,RelayerCelerIM.
FNDA:0,RelayerCelerIM.
DA:56,0
DA:56,0
DA:57,0
DA:57,0
DA:58,0
DA:58,0
FN:73,RelayerCelerIM.executeMessageWithTransfer
FNDA:3,RelayerCelerIM.executeMessageWithTransfer
DA:87,2
DA:87,2
DA:92,2
DA:92,2
DA:97,2
DA:97,2
DA:106,2
DA:106,2
FN:117,RelayerCelerIM.executeMessageWithTransferRefund
FNDA:2,RelayerCelerIM.executeMessageWithTransferRefund
DA:128,1
DA:128,1
DA:128,1
DA:134,1
DA:134,1
DA:136,1
DA:136,1
DA:144,1
DA:144,1
FN:153,RelayerCelerIM.sendTokenTransfer
FNDA:269,RelayerCelerIM.sendTokenTransfer
DA:164,269
DA:164,269
BRDA:164,2,0,-
BRDA:164,2,1,260
DA:165,264
DA:165,264
DA:166,264
DA:166,264
BRDA:166,3,0,-
BRDA:166,3,1,4
DA:168,4
DA:168,4
DA:179,260
DA:179,260
DA:185,260
DA:185,260
DA:194,264
DA:194,264
DA:202,5
DA:202,5
BRDA:201,4,0,-
BRDA:201,4,1,1
DA:204,1
DA:204,1
DA:205,1
DA:205,1
DA:210,1
DA:210,1
DA:217,1
DA:217,1
DA:225,4
DA:225,4
BRDA:224,5,0,-
BRDA:224,5,1,1
DA:227,1
DA:227,1
DA:228,1
DA:228,1
DA:233,1
DA:233,1
DA:239,1
DA:239,1
DA:246,3
DA:246,3
BRDA:245,6,0,-
BRDA:245,6,1,1
DA:248,2
DA:248,2
DA:249,2
DA:249,2
BRDA:249,7,0,-
BRDA:249,7,1,1
DA:251,1
DA:251,1
DA:260,1
DA:260,1
DA:265,1
DA:265,1
DA:274,1
DA:274,1
BRDA:273,8,0,-
BRDA:273,8,1,1
DA:276,1
DA:276,1
DA:277,1
DA:277,1
DA:282,1
DA:282,1
DA:290,0
DA:290,0
BRDA:289,9,0,-
BRDA:289,9,1,-
DA:293,0
DA:293,0
DA:294,0
DA:294,0
DA:299,0
DA:299,0
DA:307,0
DA:307,0
FN:320,RelayerCelerIM.forwardSendMessageWithTransfer
FNDA:2,RelayerCelerIM.forwardSendMessageWithTransfer
DA:327,2
DA:327,2
FN:346,RelayerCelerIM._swapAndCompleteBridgeTokens
FNDA:2,RelayerCelerIM._swapAndCompleteBridgeTokens
DA:354,2
DA:354,2
DA:355,2
DA:355,2
DA:355,2
DA:360,2
DA:360,2
BRDA:360,10,0,-
BRDA:360,10,1,-
DA:362,0
DA:362,0
DA:378,2
DA:378,2
DA:378,2
DA:379,2
DA:379,2
DA:380,2
DA:380,2
DA:383,2
DA:383,2
DA:394,2
DA:394,2
DA:397,2
DA:397,2
BRDA:397,11,0,1
BRDA:397,11,1,2
DA:398,1
DA:398,1
FN:412,RelayerCelerIM.withdraw
FNDA:0,RelayerCelerIM.withdraw
DA:417,0
DA:417,0
BRDA:417,12,0,-
BRDA:417,12,1,-
DA:419,0
DA:419,0
DA:419,0
DA:420,0
DA:420,0
BRDA:420,13,0,-
BRDA:420,13,1,-
DA:421,0
DA:421,0
DA:424,0
DA:424,0
DA:426,0
DA:426,0
FN:435,RelayerCelerIM.triggerRefund
FNDA:1,RelayerCelerIM.triggerRefund
DA:442,1
DA:442,1
DA:446,1
DA:446,1
DA:446,1
DA:446,1
DA:446,1
DA:446,1
DA:446,1
DA:447,0
DA:447,0
DA:447,0
DA:448,0
DA:448,0
DA:448,0
DA:449,0
DA:449,0
DA:449,0
DA:450,0
DA:450,0
DA:450,0
BRDA:445,14,0,-
BRDA:445,14,1,1
DA:452,0
DA:452,0
DA:457,1
DA:457,1
DA:460,1
BRDA:460,15,0,1
BRDA:460,15,1,-
DA:461,1
DA:461,1
DA:461,1
DA:462,1
DA:462,1
DA:463,1
DA:463,1
DA:465,0
DA:465,0
FNF:10
FNH:8
LF:76
LH:55
BRF:32
BRH:14
end_of_record
TN:
SF:src/Periphery/ServiceFeeCollector.sol
FN:39,ServiceFeeCollector.
FNDA:20,ServiceFeeCollector.
FN:47,ServiceFeeCollector.collectTokenInsuranceFees
FNDA:4,ServiceFeeCollector.collectTokenInsuranceFees
DA:52,4
DA:52,4
DA:53,4
DA:53,4
FN:58,ServiceFeeCollector.collectNativeInsuranceFees
FNDA:2,ServiceFeeCollector.collectNativeInsuranceFees
DA:59,2
DA:59,2
FN:68,ServiceFeeCollector.withdrawFees
FNDA:2,ServiceFeeCollector.withdrawFees
DA:69,1
DA:69,1
DA:69,1
DA:70,1
DA:70,1
DA:71,1
DA:71,1
FN:76,ServiceFeeCollector.batchWithdrawFees
FNDA:1,ServiceFeeCollector.batchWithdrawFees
DA:79,1
DA:79,1
DA:80,1
DA:80,1
DA:81,1
DA:81,1
DA:81,3
DA:82,2
DA:82,2
DA:83,2
DA:83,2
DA:88,2
DA:88,2
DA:90,2
DA:90,2
FNF:5
FNH:5
LF:13
LH:13
BRF:0
BRH:0
end_of_record
TN:
SF:src/Periphery/TokenWrapper.sol
FN:27,TokenWrapper.
FNDA:0,TokenWrapper.
DA:28,0
DA:28,0
DA:29,0
DA:29,0
FN:35,TokenWrapper.deposit
FNDA:1,TokenWrapper.deposit
DA:36,1
DA:36,1
DA:37,1
DA:37,1
FN:41,TokenWrapper.withdraw
FNDA:1,TokenWrapper.withdraw
DA:46,1
DA:46,1
DA:46,1
DA:47,1
DA:47,1
DA:48,1
DA:48,1
DA:49,1
DA:49,1
DA:49,1
DA:50,1
DA:50,1
BRDA:50,0,0,-
BRDA:50,0,1,1
DA:51,0
DA:51,0
FNF:3
FNH:2
LF:10
LH:7
BRF:2
BRH:1
end_of_record
TN:
